{"/Users/yuyamukai/Eureka/web/frontend/src/App.tsx": {"path":"/Users/yuyamukai/Eureka/web/frontend/src/App.tsx","statementMap":{"0":{"start":{"line":29,"column":32},"end":{"line":29,"column":58}},"1":{"start":{"line":30,"column":36},"end":{"line":30,"column":51}},"2":{"start":{"line":31,"column":28},"end":{"line":31,"column":57}},"3":{"start":{"line":32,"column":34},"end":{"line":32,"column":71}},"4":{"start":{"line":33,"column":42},"end":{"line":33,"column":61}},"5":{"start":{"line":34,"column":56},"end":{"line":34,"column":71}},"6":{"start":{"line":35,"column":48},"end":{"line":35,"column":80}},"7":{"start":{"line":36,"column":46},"end":{"line":36,"column":75}},"8":{"start":{"line":37,"column":56},"end":{"line":37,"column":71}},"9":{"start":{"line":38,"column":56},"end":{"line":38,"column":78}},"10":{"start":{"line":41,"column":54},"end":{"line":41,"column":94}},"11":{"start":{"line":44,"column":60},"end":{"line":44,"column":75}},"12":{"start":{"line":47,"column":18},"end":{"line":47,"column":46}},"13":{"start":{"line":48,"column":21},"end":{"line":48,"column":49}},"14":{"start":{"line":51,"column":58},"end":{"line":51,"column":73}},"15":{"start":{"line":52,"column":58},"end":{"line":60,"column":17}},"16":{"start":{"line":63,"column":2},"end":{"line":65,"column":9}},"17":{"start":{"line":64,"column":4},"end":{"line":64,"column":20}},"18":{"start":{"line":67,"column":24},"end":{"line":88,"column":3}},"19":{"start":{"line":68,"column":4},"end":{"line":87,"column":5}},"20":{"start":{"line":69,"column":6},"end":{"line":69,"column":51}},"21":{"start":{"line":70,"column":24},"end":{"line":70,"column":60}},"22":{"start":{"line":71,"column":6},"end":{"line":71,"column":35}},"23":{"start":{"line":73,"column":26},"end":{"line":73,"column":59}},"24":{"start":{"line":73,"column":53},"end":{"line":73,"column":57}},"25":{"start":{"line":74,"column":6},"end":{"line":74,"column":38}},"26":{"start":{"line":75,"column":6},"end":{"line":75,"column":70}},"27":{"start":{"line":79,"column":27},"end":{"line":79,"column":64}},"28":{"start":{"line":82,"column":6},"end":{"line":82,"column":28}},"29":{"start":{"line":83,"column":6},"end":{"line":83,"column":36}},"30":{"start":{"line":86,"column":6},"end":{"line":86,"column":88}},"31":{"start":{"line":90,"column":31},"end":{"line":115,"column":3}},"32":{"start":{"line":91,"column":4},"end":{"line":114,"column":5}},"33":{"start":{"line":92,"column":6},"end":{"line":92,"column":55}},"34":{"start":{"line":93,"column":6},"end":{"line":93,"column":55}},"35":{"start":{"line":96,"column":6},"end":{"line":104,"column":7}},"36":{"start":{"line":97,"column":8},"end":{"line":97,"column":30}},"37":{"start":{"line":98,"column":8},"end":{"line":98,"column":54}},"38":{"start":{"line":99,"column":8},"end":{"line":99,"column":58}},"39":{"start":{"line":101,"column":8},"end":{"line":101,"column":69}},"40":{"start":{"line":103,"column":8},"end":{"line":103,"column":90}},"41":{"start":{"line":106,"column":6},"end":{"line":106,"column":45}},"42":{"start":{"line":107,"column":6},"end":{"line":107,"column":57}},"43":{"start":{"line":110,"column":6},"end":{"line":113,"column":7}},"44":{"start":{"line":112,"column":8},"end":{"line":112,"column":87}},"45":{"start":{"line":112,"column":43},"end":{"line":112,"column":85}},"46":{"start":{"line":118,"column":31},"end":{"line":144,"column":3}},"47":{"start":{"line":119,"column":4},"end":{"line":119,"column":54}},"48":{"start":{"line":121,"column":21},"end":{"line":126,"column":5}},"49":{"start":{"line":128,"column":4},"end":{"line":143,"column":5}},"50":{"start":{"line":129,"column":6},"end":{"line":129,"column":92}},"51":{"start":{"line":132,"column":6},"end":{"line":140,"column":7}},"52":{"start":{"line":133,"column":8},"end":{"line":133,"column":30}},"53":{"start":{"line":134,"column":8},"end":{"line":134,"column":53}},"54":{"start":{"line":135,"column":8},"end":{"line":135,"column":68}},"55":{"start":{"line":137,"column":8},"end":{"line":137,"column":69}},"56":{"start":{"line":138,"column":8},"end":{"line":138,"column":89}},"57":{"start":{"line":139,"column":8},"end":{"line":139,"column":68}},"58":{"start":{"line":142,"column":6},"end":{"line":142,"column":71}},"59":{"start":{"line":147,"column":35},"end":{"line":166,"column":3}},"60":{"start":{"line":148,"column":4},"end":{"line":148,"column":38}},"61":{"start":{"line":148,"column":31},"end":{"line":148,"column":38}},"62":{"start":{"line":150,"column":4},"end":{"line":165,"column":5}},"63":{"start":{"line":151,"column":6},"end":{"line":156,"column":8}},"64":{"start":{"line":158,"column":6},"end":{"line":158,"column":80}},"65":{"start":{"line":159,"column":6},"end":{"line":159,"column":37}},"66":{"start":{"line":160,"column":6},"end":{"line":160,"column":36}},"67":{"start":{"line":162,"column":6},"end":{"line":162,"column":47}},"68":{"start":{"line":163,"column":6},"end":{"line":163,"column":37}},"69":{"start":{"line":164,"column":6},"end":{"line":164,"column":36}},"70":{"start":{"line":168,"column":39},"end":{"line":177,"column":3}},"71":{"start":{"line":169,"column":4},"end":{"line":174,"column":5}},"72":{"start":{"line":170,"column":6},"end":{"line":173,"column":9}},"73":{"start":{"line":175,"column":4},"end":{"line":175,"column":35}},"74":{"start":{"line":176,"column":4},"end":{"line":176,"column":34}},"75":{"start":{"line":180,"column":2},"end":{"line":284,"column":9}},"76":{"start":{"line":181,"column":31},"end":{"line":181,"column":35}},"77":{"start":{"line":182,"column":28},"end":{"line":182,"column":29}},"78":{"start":{"line":183,"column":51},"end":{"line":183,"column":55}},"79":{"start":{"line":184,"column":46},"end":{"line":184,"column":50}},"80":{"start":{"line":185,"column":33},"end":{"line":185,"column":34}},"81":{"start":{"line":186,"column":27},"end":{"line":186,"column":31}},"82":{"start":{"line":188,"column":29},"end":{"line":268,"column":5}},"83":{"start":{"line":189,"column":6},"end":{"line":267,"column":7}},"84":{"start":{"line":190,"column":27},"end":{"line":190,"column":81}},"85":{"start":{"line":191,"column":23},"end":{"line":191,"column":47}},"86":{"start":{"line":192,"column":23},"end":{"line":192,"column":62}},"87":{"start":{"line":193,"column":22},"end":{"line":193,"column":70}},"88":{"start":{"line":195,"column":8},"end":{"line":195,"column":64}},"89":{"start":{"line":196,"column":8},"end":{"line":196,"column":85}},"90":{"start":{"line":197,"column":8},"end":{"line":197,"column":34}},"91":{"start":{"line":199,"column":8},"end":{"line":211,"column":10}},"92":{"start":{"line":200,"column":10},"end":{"line":200,"column":41}},"93":{"start":{"line":201,"column":10},"end":{"line":201,"column":45}},"94":{"start":{"line":202,"column":10},"end":{"line":202,"column":32}},"95":{"start":{"line":205,"column":10},"end":{"line":210,"column":20}},"96":{"start":{"line":206,"column":12},"end":{"line":209,"column":13}},"97":{"start":{"line":207,"column":14},"end":{"line":207,"column":30}},"98":{"start":{"line":208,"column":14},"end":{"line":208,"column":45}},"99":{"start":{"line":213,"column":8},"end":{"line":236,"column":10}},"100":{"start":{"line":214,"column":10},"end":{"line":235,"column":11}},"101":{"start":{"line":216,"column":12},"end":{"line":219,"column":13}},"102":{"start":{"line":217,"column":14},"end":{"line":217,"column":49}},"103":{"start":{"line":218,"column":14},"end":{"line":218,"column":21}},"104":{"start":{"line":221,"column":25},"end":{"line":221,"column":47}},"105":{"start":{"line":222,"column":12},"end":{"line":229,"column":13}},"106":{"start":{"line":223,"column":14},"end":{"line":223,"column":32}},"107":{"start":{"line":224,"column":14},"end":{"line":224,"column":103}},"108":{"start":{"line":225,"column":19},"end":{"line":229,"column":13}},"109":{"start":{"line":226,"column":14},"end":{"line":226,"column":83}},"110":{"start":{"line":228,"column":14},"end":{"line":228,"column":57}},"111":{"start":{"line":232,"column":12},"end":{"line":234,"column":13}},"112":{"start":{"line":233,"column":14},"end":{"line":233,"column":79}},"113":{"start":{"line":238,"column":8},"end":{"line":259,"column":10}},"114":{"start":{"line":239,"column":10},"end":{"line":239,"column":88}},"115":{"start":{"line":242,"column":10},"end":{"line":245,"column":11}},"116":{"start":{"line":243,"column":12},"end":{"line":243,"column":40}},"117":{"start":{"line":244,"column":12},"end":{"line":244,"column":32}},"118":{"start":{"line":248,"column":10},"end":{"line":258,"column":11}},"119":{"start":{"line":249,"column":12},"end":{"line":249,"column":32}},"120":{"start":{"line":250,"column":12},"end":{"line":250,"column":50}},"121":{"start":{"line":251,"column":12},"end":{"line":251,"column":112}},"122":{"start":{"line":252,"column":12},"end":{"line":252,"column":77}},"123":{"start":{"line":253,"column":17},"end":{"line":258,"column":11}},"124":{"start":{"line":254,"column":12},"end":{"line":254,"column":50}},"125":{"start":{"line":255,"column":12},"end":{"line":255,"column":77}},"126":{"start":{"line":257,"column":12},"end":{"line":257,"column":50}},"127":{"start":{"line":261,"column":8},"end":{"line":263,"column":10}},"128":{"start":{"line":262,"column":10},"end":{"line":262,"column":38}},"129":{"start":{"line":266,"column":8},"end":{"line":266,"column":36}},"130":{"start":{"line":270,"column":4},"end":{"line":270,"column":23}},"131":{"start":{"line":272,"column":4},"end":{"line":283,"column":6}},"132":{"start":{"line":274,"column":6},"end":{"line":276,"column":7}},"133":{"start":{"line":275,"column":8},"end":{"line":275,"column":40}},"134":{"start":{"line":277,"column":6},"end":{"line":279,"column":7}},"135":{"start":{"line":278,"column":8},"end":{"line":278,"column":36}},"136":{"start":{"line":280,"column":6},"end":{"line":282,"column":7}},"137":{"start":{"line":281,"column":8},"end":{"line":281,"column":47}},"138":{"start":{"line":286,"column":31},"end":{"line":333,"column":3}},"139":{"start":{"line":287,"column":4},"end":{"line":287,"column":30}},"140":{"start":{"line":288,"column":4},"end":{"line":288,"column":68}},"141":{"start":{"line":289,"column":4},"end":{"line":289,"column":23}},"142":{"start":{"line":290,"column":4},"end":{"line":290,"column":19}},"143":{"start":{"line":291,"column":4},"end":{"line":291,"column":19}},"144":{"start":{"line":292,"column":4},"end":{"line":292,"column":22}},"145":{"start":{"line":294,"column":22},"end":{"line":294,"column":32}},"146":{"start":{"line":295,"column":4},"end":{"line":295,"column":107}},"147":{"start":{"line":296,"column":4},"end":{"line":296,"column":47}},"148":{"start":{"line":298,"column":4},"end":{"line":332,"column":5}},"149":{"start":{"line":299,"column":23},"end":{"line":299,"column":94}},"150":{"start":{"line":300,"column":23},"end":{"line":300,"column":45}},"151":{"start":{"line":302,"column":6},"end":{"line":302,"column":75}},"152":{"start":{"line":304,"column":6},"end":{"line":320,"column":7}},"153":{"start":{"line":305,"column":29},"end":{"line":305,"column":63}},"154":{"start":{"line":306,"column":8},"end":{"line":306,"column":71}},"155":{"start":{"line":307,"column":8},"end":{"line":307,"column":48}},"156":{"start":{"line":310,"column":8},"end":{"line":315,"column":9}},"157":{"start":{"line":311,"column":10},"end":{"line":311,"column":85}},"158":{"start":{"line":312,"column":10},"end":{"line":312,"column":79}},"159":{"start":{"line":314,"column":10},"end":{"line":314,"column":90}},"160":{"start":{"line":317,"column":29},"end":{"line":317,"column":80}},"161":{"start":{"line":318,"column":8},"end":{"line":318,"column":31}},"162":{"start":{"line":319,"column":8},"end":{"line":319,"column":65}},"163":{"start":{"line":322,"column":23},"end":{"line":322,"column":45}},"164":{"start":{"line":323,"column":27},"end":{"line":323,"column":57}},"165":{"start":{"line":325,"column":6},"end":{"line":325,"column":80}},"166":{"start":{"line":326,"column":6},"end":{"line":326,"column":72}},"167":{"start":{"line":328,"column":6},"end":{"line":328,"column":37}},"168":{"start":{"line":330,"column":6},"end":{"line":330,"column":26}},"169":{"start":{"line":331,"column":6},"end":{"line":331,"column":24}},"170":{"start":{"line":335,"column":22},"end":{"line":340,"column":3}},"171":{"start":{"line":336,"column":4},"end":{"line":339,"column":5}},"172":{"start":{"line":337,"column":6},"end":{"line":337,"column":45}},"173":{"start":{"line":338,"column":6},"end":{"line":338,"column":41}},"174":{"start":{"line":343,"column":40},"end":{"line":379,"column":3}},"175":{"start":{"line":347,"column":21},"end":{"line":347,"column":51}},"176":{"start":{"line":354,"column":27},"end":{"line":354,"column":92}},"177":{"start":{"line":355,"column":8},"end":{"line":355,"column":28}},"178":{"start":{"line":356,"column":8},"end":{"line":356,"column":64}},"179":{"start":{"line":364,"column":29},"end":{"line":364,"column":97}},"180":{"start":{"line":365,"column":8},"end":{"line":367,"column":9}},"181":{"start":{"line":366,"column":10},"end":{"line":366,"column":31}},"182":{"start":{"line":374,"column":8},"end":{"line":376,"column":70}},"183":{"start":{"line":374,"column":35},"end":{"line":374,"column":67}},"184":{"start":{"line":375,"column":13},"end":{"line":376,"column":70}},"185":{"start":{"line":375,"column":38},"end":{"line":375,"column":68}},"186":{"start":{"line":376,"column":13},"end":{"line":376,"column":70}},"187":{"start":{"line":376,"column":39},"end":{"line":376,"column":70}},"188":{"start":{"line":382,"column":26},"end":{"line":382,"column":57}},"189":{"start":{"line":384,"column":2},"end":{"line":624,"column":4}},"190":{"start":{"line":434,"column":33},"end":{"line":434,"column":63}},"191":{"start":{"line":448,"column":33},"end":{"line":448,"column":61}},"192":{"start":{"line":477,"column":43},"end":{"line":477,"column":71}},"193":{"start":{"line":536,"column":16},"end":{"line":584,"column":17}},"194":{"start":{"line":538,"column":43},"end":{"line":541,"column":19}},"195":{"start":{"line":539,"column":20},"end":{"line":540,"column":84}},"196":{"start":{"line":543,"column":18},"end":{"line":581,"column":19}},"197":{"start":{"line":545,"column":20},"end":{"line":545,"column":108}},"198":{"start":{"line":546,"column":20},"end":{"line":546,"column":68}},"199":{"start":{"line":549,"column":42},"end":{"line":549,"column":74}},"200":{"start":{"line":550,"column":48},"end":{"line":550,"column":102}},"201":{"start":{"line":552,"column":20},"end":{"line":552,"column":118}},"202":{"start":{"line":554,"column":20},"end":{"line":580,"column":21}},"203":{"start":{"line":556,"column":42},"end":{"line":556,"column":77}},"204":{"start":{"line":557,"column":45},"end":{"line":557,"column":113}},"205":{"start":{"line":559,"column":22},"end":{"line":574,"column":23}},"206":{"start":{"line":561,"column":24},"end":{"line":569,"column":27}},"207":{"start":{"line":570,"column":24},"end":{"line":570,"column":54}},"208":{"start":{"line":573,"column":24},"end":{"line":573,"column":102}},"209":{"start":{"line":577,"column":22},"end":{"line":577,"column":126}},"210":{"start":{"line":578,"column":22},"end":{"line":578,"column":93}},"211":{"start":{"line":579,"column":22},"end":{"line":579,"column":100}},"212":{"start":{"line":583,"column":18},"end":{"line":583,"column":65}},"213":{"start":{"line":595,"column":23},"end":{"line":595,"column":52}},"214":{"start":{"line":617,"column":23},"end":{"line":617,"column":54}}},"fnMap":{"0":{"name":"App","decl":{"start":{"line":28,"column":9},"end":{"line":28,"column":12}},"loc":{"start":{"line":28,"column":15},"end":{"line":625,"column":1}},"line":28},"1":{"name":"(anonymous_1)","decl":{"start":{"line":63,"column":12},"end":{"line":63,"column":13}},"loc":{"start":{"line":63,"column":18},"end":{"line":65,"column":3}},"line":63},"2":{"name":"(anonymous_2)","decl":{"start":{"line":67,"column":24},"end":{"line":67,"column":25}},"loc":{"start":{"line":67,"column":36},"end":{"line":88,"column":3}},"line":67},"3":{"name":"(anonymous_3)","decl":{"start":{"line":73,"column":48},"end":{"line":73,"column":49}},"loc":{"start":{"line":73,"column":53},"end":{"line":73,"column":57}},"line":73},"4":{"name":"(anonymous_4)","decl":{"start":{"line":90,"column":31},"end":{"line":90,"column":32}},"loc":{"start":{"line":90,"column":61},"end":{"line":115,"column":3}},"line":90},"5":{"name":"(anonymous_5)","decl":{"start":{"line":112,"column":36},"end":{"line":112,"column":37}},"loc":{"start":{"line":112,"column":43},"end":{"line":112,"column":85}},"line":112},"6":{"name":"(anonymous_6)","decl":{"start":{"line":118,"column":31},"end":{"line":118,"column":32}},"loc":{"start":{"line":118,"column":117},"end":{"line":144,"column":3}},"line":118},"7":{"name":"(anonymous_7)","decl":{"start":{"line":147,"column":35},"end":{"line":147,"column":36}},"loc":{"start":{"line":147,"column":47},"end":{"line":166,"column":3}},"line":147},"8":{"name":"(anonymous_8)","decl":{"start":{"line":168,"column":39},"end":{"line":168,"column":40}},"loc":{"start":{"line":168,"column":45},"end":{"line":177,"column":3}},"line":168},"9":{"name":"(anonymous_9)","decl":{"start":{"line":180,"column":12},"end":{"line":180,"column":13}},"loc":{"start":{"line":180,"column":18},"end":{"line":284,"column":3}},"line":180},"10":{"name":"(anonymous_10)","decl":{"start":{"line":188,"column":29},"end":{"line":188,"column":30}},"loc":{"start":{"line":188,"column":35},"end":{"line":268,"column":5}},"line":188},"11":{"name":"(anonymous_11)","decl":{"start":{"line":199,"column":20},"end":{"line":199,"column":21}},"loc":{"start":{"line":199,"column":26},"end":{"line":211,"column":9}},"line":199},"12":{"name":"(anonymous_12)","decl":{"start":{"line":205,"column":37},"end":{"line":205,"column":38}},"loc":{"start":{"line":205,"column":43},"end":{"line":210,"column":11}},"line":205},"13":{"name":"(anonymous_13)","decl":{"start":{"line":213,"column":23},"end":{"line":213,"column":24}},"loc":{"start":{"line":213,"column":34},"end":{"line":236,"column":9}},"line":213},"14":{"name":"(anonymous_14)","decl":{"start":{"line":238,"column":21},"end":{"line":238,"column":22}},"loc":{"start":{"line":238,"column":32},"end":{"line":259,"column":9}},"line":238},"15":{"name":"(anonymous_15)","decl":{"start":{"line":261,"column":21},"end":{"line":261,"column":22}},"loc":{"start":{"line":261,"column":32},"end":{"line":263,"column":9}},"line":261},"16":{"name":"(anonymous_16)","decl":{"start":{"line":272,"column":11},"end":{"line":272,"column":12}},"loc":{"start":{"line":272,"column":17},"end":{"line":283,"column":5}},"line":272},"17":{"name":"(anonymous_17)","decl":{"start":{"line":286,"column":31},"end":{"line":286,"column":32}},"loc":{"start":{"line":286,"column":56},"end":{"line":333,"column":3}},"line":286},"18":{"name":"(anonymous_18)","decl":{"start":{"line":335,"column":22},"end":{"line":335,"column":23}},"loc":{"start":{"line":335,"column":28},"end":{"line":340,"column":3}},"line":335},"19":{"name":"(anonymous_19)","decl":{"start":{"line":347,"column":15},"end":{"line":347,"column":16}},"loc":{"start":{"line":347,"column":21},"end":{"line":347,"column":51}},"line":347},"20":{"name":"(anonymous_20)","decl":{"start":{"line":353,"column":15},"end":{"line":353,"column":16}},"loc":{"start":{"line":353,"column":21},"end":{"line":357,"column":7}},"line":353},"21":{"name":"(anonymous_21)","decl":{"start":{"line":363,"column":15},"end":{"line":363,"column":16}},"loc":{"start":{"line":363,"column":21},"end":{"line":368,"column":7}},"line":363},"22":{"name":"(anonymous_22)","decl":{"start":{"line":373,"column":15},"end":{"line":373,"column":16}},"loc":{"start":{"line":373,"column":21},"end":{"line":377,"column":7}},"line":373},"23":{"name":"(anonymous_23)","decl":{"start":{"line":434,"column":27},"end":{"line":434,"column":28}},"loc":{"start":{"line":434,"column":33},"end":{"line":434,"column":63}},"line":434},"24":{"name":"(anonymous_24)","decl":{"start":{"line":448,"column":27},"end":{"line":448,"column":28}},"loc":{"start":{"line":448,"column":33},"end":{"line":448,"column":61}},"line":448},"25":{"name":"(anonymous_25)","decl":{"start":{"line":477,"column":37},"end":{"line":477,"column":38}},"loc":{"start":{"line":477,"column":43},"end":{"line":477,"column":71}},"line":477},"26":{"name":"(anonymous_26)","decl":{"start":{"line":535,"column":32},"end":{"line":535,"column":33}},"loc":{"start":{"line":535,"column":77},"end":{"line":585,"column":15}},"line":535},"27":{"name":"(anonymous_27)","decl":{"start":{"line":538,"column":63},"end":{"line":538,"column":64}},"loc":{"start":{"line":539,"column":20},"end":{"line":540,"column":84}},"line":539},"28":{"name":"(anonymous_28)","decl":{"start":{"line":595,"column":17},"end":{"line":595,"column":18}},"loc":{"start":{"line":595,"column":23},"end":{"line":595,"column":52}},"line":595},"29":{"name":"(anonymous_29)","decl":{"start":{"line":617,"column":17},"end":{"line":617,"column":18}},"loc":{"start":{"line":617,"column":23},"end":{"line":617,"column":54}},"line":617}},"branchMap":{"0":{"loc":{"start":{"line":110,"column":6},"end":{"line":113,"column":7}},"type":"if","locations":[{"start":{"line":110,"column":6},"end":{"line":113,"column":7}},{"start":{},"end":{}}],"line":110},"1":{"loc":{"start":{"line":128,"column":4},"end":{"line":143,"column":5}},"type":"if","locations":[{"start":{"line":128,"column":4},"end":{"line":143,"column":5}},{"start":{"line":141,"column":11},"end":{"line":143,"column":5}}],"line":128},"2":{"loc":{"start":{"line":128,"column":8},"end":{"line":128,"column":57}},"type":"binary-expr","locations":[{"start":{"line":128,"column":8},"end":{"line":128,"column":33}},{"start":{"line":128,"column":37},"end":{"line":128,"column":57}}],"line":128},"3":{"loc":{"start":{"line":142,"column":22},"end":{"line":142,"column":69}},"type":"binary-expr","locations":[{"start":{"line":142,"column":22},"end":{"line":142,"column":38}},{"start":{"line":142,"column":42},"end":{"line":142,"column":69}}],"line":142},"4":{"loc":{"start":{"line":148,"column":4},"end":{"line":148,"column":38}},"type":"if","locations":[{"start":{"line":148,"column":4},"end":{"line":148,"column":38}},{"start":{},"end":{}}],"line":148},"5":{"loc":{"start":{"line":169,"column":4},"end":{"line":174,"column":5}},"type":"if","locations":[{"start":{"line":169,"column":4},"end":{"line":174,"column":5}},{"start":{},"end":{}}],"line":169},"6":{"loc":{"start":{"line":190,"column":27},"end":{"line":190,"column":81}},"type":"cond-expr","locations":[{"start":{"line":190,"column":67},"end":{"line":190,"column":73}},{"start":{"line":190,"column":76},"end":{"line":190,"column":81}}],"line":190},"7":{"loc":{"start":{"line":192,"column":23},"end":{"line":192,"column":62}},"type":"binary-expr","locations":[{"start":{"line":192,"column":23},"end":{"line":192,"column":52}},{"start":{"line":192,"column":56},"end":{"line":192,"column":62}}],"line":192},"8":{"loc":{"start":{"line":196,"column":30},"end":{"line":196,"column":83}},"type":"cond-expr","locations":[{"start":{"line":196,"column":54},"end":{"line":196,"column":68}},{"start":{"line":196,"column":71},"end":{"line":196,"column":83}}],"line":196},"9":{"loc":{"start":{"line":206,"column":12},"end":{"line":209,"column":13}},"type":"if","locations":[{"start":{"line":206,"column":12},"end":{"line":209,"column":13}},{"start":{},"end":{}}],"line":206},"10":{"loc":{"start":{"line":206,"column":16},"end":{"line":206,"column":54}},"type":"binary-expr","locations":[{"start":{"line":206,"column":16},"end":{"line":206,"column":18}},{"start":{"line":206,"column":22},"end":{"line":206,"column":54}}],"line":206},"11":{"loc":{"start":{"line":216,"column":12},"end":{"line":219,"column":13}},"type":"if","locations":[{"start":{"line":216,"column":12},"end":{"line":219,"column":13}},{"start":{},"end":{}}],"line":216},"12":{"loc":{"start":{"line":222,"column":12},"end":{"line":229,"column":13}},"type":"if","locations":[{"start":{"line":222,"column":12},"end":{"line":229,"column":13}},{"start":{"line":225,"column":19},"end":{"line":229,"column":13}}],"line":222},"13":{"loc":{"start":{"line":225,"column":19},"end":{"line":229,"column":13}},"type":"if","locations":[{"start":{"line":225,"column":19},"end":{"line":229,"column":13}},{"start":{"line":227,"column":19},"end":{"line":229,"column":13}}],"line":225},"14":{"loc":{"start":{"line":232,"column":12},"end":{"line":234,"column":13}},"type":"if","locations":[{"start":{"line":232,"column":12},"end":{"line":234,"column":13}},{"start":{},"end":{}}],"line":232},"15":{"loc":{"start":{"line":242,"column":10},"end":{"line":245,"column":11}},"type":"if","locations":[{"start":{"line":242,"column":10},"end":{"line":245,"column":11}},{"start":{},"end":{}}],"line":242},"16":{"loc":{"start":{"line":248,"column":10},"end":{"line":258,"column":11}},"type":"if","locations":[{"start":{"line":248,"column":10},"end":{"line":258,"column":11}},{"start":{"line":253,"column":17},"end":{"line":258,"column":11}}],"line":248},"17":{"loc":{"start":{"line":248,"column":14},"end":{"line":248,"column":77}},"type":"binary-expr","locations":[{"start":{"line":248,"column":14},"end":{"line":248,"column":33}},{"start":{"line":248,"column":37},"end":{"line":248,"column":77}}],"line":248},"18":{"loc":{"start":{"line":253,"column":17},"end":{"line":258,"column":11}},"type":"if","locations":[{"start":{"line":253,"column":17},"end":{"line":258,"column":11}},{"start":{"line":256,"column":17},"end":{"line":258,"column":11}}],"line":253},"19":{"loc":{"start":{"line":274,"column":6},"end":{"line":276,"column":7}},"type":"if","locations":[{"start":{"line":274,"column":6},"end":{"line":276,"column":7}},{"start":{},"end":{}}],"line":274},"20":{"loc":{"start":{"line":277,"column":6},"end":{"line":279,"column":7}},"type":"if","locations":[{"start":{"line":277,"column":6},"end":{"line":279,"column":7}},{"start":{},"end":{}}],"line":277},"21":{"loc":{"start":{"line":280,"column":6},"end":{"line":282,"column":7}},"type":"if","locations":[{"start":{"line":280,"column":6},"end":{"line":282,"column":7}},{"start":{},"end":{}}],"line":280},"22":{"loc":{"start":{"line":288,"column":27},"end":{"line":288,"column":66}},"type":"binary-expr","locations":[{"start":{"line":288,"column":27},"end":{"line":288,"column":57}},{"start":{"line":288,"column":61},"end":{"line":288,"column":66}}],"line":288},"23":{"loc":{"start":{"line":304,"column":6},"end":{"line":320,"column":7}},"type":"if","locations":[{"start":{"line":304,"column":6},"end":{"line":320,"column":7}},{"start":{"line":316,"column":13},"end":{"line":320,"column":7}}],"line":304},"24":{"loc":{"start":{"line":305,"column":29},"end":{"line":305,"column":63}},"type":"binary-expr","locations":[{"start":{"line":305,"column":29},"end":{"line":305,"column":58}},{"start":{"line":305,"column":62},"end":{"line":305,"column":63}}],"line":305},"25":{"loc":{"start":{"line":307,"column":19},"end":{"line":307,"column":46}},"type":"binary-expr","locations":[{"start":{"line":307,"column":19},"end":{"line":307,"column":40}},{"start":{"line":307,"column":44},"end":{"line":307,"column":46}}],"line":307},"26":{"loc":{"start":{"line":310,"column":8},"end":{"line":315,"column":9}},"type":"if","locations":[{"start":{"line":310,"column":8},"end":{"line":315,"column":9}},{"start":{"line":313,"column":15},"end":{"line":315,"column":9}}],"line":310},"27":{"loc":{"start":{"line":310,"column":12},"end":{"line":310,"column":72}},"type":"binary-expr","locations":[{"start":{"line":310,"column":12},"end":{"line":310,"column":34}},{"start":{"line":310,"column":38},"end":{"line":310,"column":72}}],"line":310},"28":{"loc":{"start":{"line":317,"column":29},"end":{"line":317,"column":80}},"type":"binary-expr","locations":[{"start":{"line":317,"column":29},"end":{"line":317,"column":50}},{"start":{"line":317,"column":54},"end":{"line":317,"column":80}}],"line":317},"29":{"loc":{"start":{"line":336,"column":4},"end":{"line":339,"column":5}},"type":"if","locations":[{"start":{"line":336,"column":4},"end":{"line":339,"column":5}},{"start":{},"end":{}}],"line":336},"30":{"loc":{"start":{"line":365,"column":8},"end":{"line":367,"column":9}},"type":"if","locations":[{"start":{"line":365,"column":8},"end":{"line":367,"column":9}},{"start":{},"end":{}}],"line":365},"31":{"loc":{"start":{"line":365,"column":12},"end":{"line":365,"column":50}},"type":"binary-expr","locations":[{"start":{"line":365,"column":12},"end":{"line":365,"column":24}},{"start":{"line":365,"column":28},"end":{"line":365,"column":50}}],"line":365},"32":{"loc":{"start":{"line":374,"column":8},"end":{"line":376,"column":70}},"type":"if","locations":[{"start":{"line":374,"column":8},"end":{"line":376,"column":70}},{"start":{"line":375,"column":13},"end":{"line":376,"column":70}}],"line":374},"33":{"loc":{"start":{"line":375,"column":13},"end":{"line":376,"column":70}},"type":"if","locations":[{"start":{"line":375,"column":13},"end":{"line":376,"column":70}},{"start":{"line":376,"column":13},"end":{"line":376,"column":70}}],"line":375},"34":{"loc":{"start":{"line":376,"column":13},"end":{"line":376,"column":70}},"type":"if","locations":[{"start":{"line":376,"column":13},"end":{"line":376,"column":70}},{"start":{},"end":{}}],"line":376},"35":{"loc":{"start":{"line":404,"column":22},"end":{"line":410,"column":55}},"type":"cond-expr","locations":[{"start":{"line":405,"column":26},"end":{"line":405,"column":55}},{"start":{"line":406,"column":26},"end":{"line":410,"column":55}}],"line":404},"36":{"loc":{"start":{"line":406,"column":26},"end":{"line":410,"column":55}},"type":"cond-expr","locations":[{"start":{"line":407,"column":28},"end":{"line":407,"column":59}},{"start":{"line":408,"column":28},"end":{"line":410,"column":55}}],"line":406},"37":{"loc":{"start":{"line":408,"column":28},"end":{"line":410,"column":55}},"type":"cond-expr","locations":[{"start":{"line":409,"column":30},"end":{"line":409,"column":61}},{"start":{"line":410,"column":30},"end":{"line":410,"column":55}}],"line":408},"38":{"loc":{"start":{"line":413,"column":24},"end":{"line":419,"column":44}},"type":"cond-expr","locations":[{"start":{"line":414,"column":28},"end":{"line":414,"column":42}},{"start":{"line":415,"column":28},"end":{"line":419,"column":44}}],"line":413},"39":{"loc":{"start":{"line":415,"column":28},"end":{"line":419,"column":44}},"type":"cond-expr","locations":[{"start":{"line":416,"column":30},"end":{"line":416,"column":59}},{"start":{"line":417,"column":30},"end":{"line":419,"column":44}}],"line":415},"40":{"loc":{"start":{"line":417,"column":30},"end":{"line":419,"column":44}},"type":"cond-expr","locations":[{"start":{"line":418,"column":32},"end":{"line":418,"column":61}},{"start":{"line":419,"column":32},"end":{"line":419,"column":44}}],"line":417},"41":{"loc":{"start":{"line":422,"column":25},"end":{"line":422,"column":74}},"type":"binary-expr","locations":[{"start":{"line":422,"column":25},"end":{"line":422,"column":59}},{"start":{"line":422,"column":63},"end":{"line":422,"column":74}}],"line":422},"42":{"loc":{"start":{"line":423,"column":25},"end":{"line":423,"column":79}},"type":"binary-expr","locations":[{"start":{"line":423,"column":25},"end":{"line":423,"column":60}},{"start":{"line":423,"column":64},"end":{"line":423,"column":79}}],"line":423},"43":{"loc":{"start":{"line":424,"column":25},"end":{"line":424,"column":83}},"type":"binary-expr","locations":[{"start":{"line":424,"column":25},"end":{"line":424,"column":62}},{"start":{"line":424,"column":66},"end":{"line":424,"column":83}}],"line":424},"44":{"loc":{"start":{"line":425,"column":25},"end":{"line":425,"column":80}},"type":"binary-expr","locations":[{"start":{"line":425,"column":25},"end":{"line":425,"column":62}},{"start":{"line":425,"column":66},"end":{"line":425,"column":80}}],"line":425},"45":{"loc":{"start":{"line":456,"column":19},"end":{"line":460,"column":19}},"type":"binary-expr","locations":[{"start":{"line":456,"column":19},"end":{"line":456,"column":44}},{"start":{"line":457,"column":20},"end":{"line":459,"column":27}}],"line":456},"46":{"loc":{"start":{"line":483,"column":13},"end":{"line":488,"column":13}},"type":"binary-expr","locations":[{"start":{"line":483,"column":14},"end":{"line":483,"column":23}},{"start":{"line":483,"column":27},"end":{"line":483,"column":35}},{"start":{"line":484,"column":14},"end":{"line":487,"column":16}}],"line":483},"47":{"loc":{"start":{"line":491,"column":13},"end":{"line":524,"column":13}},"type":"binary-expr","locations":[{"start":{"line":491,"column":13},"end":{"line":491,"column":18}},{"start":{"line":492,"column":14},"end":{"line":523,"column":20}}],"line":491},"48":{"loc":{"start":{"line":506,"column":21},"end":{"line":520,"column":21}},"type":"binary-expr","locations":[{"start":{"line":506,"column":21},"end":{"line":506,"column":33}},{"start":{"line":507,"column":22},"end":{"line":519,"column":28}}],"line":506},"49":{"loc":{"start":{"line":517,"column":27},"end":{"line":517,"column":66}},"type":"cond-expr","locations":[{"start":{"line":517,"column":39},"end":{"line":517,"column":52}},{"start":{"line":517,"column":55},"end":{"line":517,"column":66}}],"line":517},"50":{"loc":{"start":{"line":532,"column":21},"end":{"line":532,"column":46}},"type":"binary-expr","locations":[{"start":{"line":532,"column":21},"end":{"line":532,"column":40}},{"start":{"line":532,"column":44},"end":{"line":532,"column":46}}],"line":532},"51":{"loc":{"start":{"line":533,"column":27},"end":{"line":533,"column":58}},"type":"binary-expr","locations":[{"start":{"line":533,"column":27},"end":{"line":533,"column":52}},{"start":{"line":533,"column":56},"end":{"line":533,"column":58}}],"line":533},"52":{"loc":{"start":{"line":539,"column":20},"end":{"line":540,"column":84}},"type":"binary-expr","locations":[{"start":{"line":539,"column":20},"end":{"line":539,"column":49}},{"start":{"line":540,"column":21},"end":{"line":540,"column":41}},{"start":{"line":540,"column":45},"end":{"line":540,"column":83}}],"line":539},"53":{"loc":{"start":{"line":543,"column":18},"end":{"line":581,"column":19}},"type":"if","locations":[{"start":{"line":543,"column":18},"end":{"line":581,"column":19}},{"start":{"line":547,"column":25},"end":{"line":581,"column":19}}],"line":543},"54":{"loc":{"start":{"line":549,"column":42},"end":{"line":549,"column":74}},"type":"binary-expr","locations":[{"start":{"line":549,"column":42},"end":{"line":549,"column":61}},{"start":{"line":549,"column":65},"end":{"line":549,"column":74}}],"line":549},"55":{"loc":{"start":{"line":550,"column":48},"end":{"line":550,"column":102}},"type":"binary-expr","locations":[{"start":{"line":550,"column":48},"end":{"line":550,"column":73}},{"start":{"line":550,"column":77},"end":{"line":550,"column":102}}],"line":550},"56":{"loc":{"start":{"line":556,"column":42},"end":{"line":556,"column":77}},"type":"binary-expr","locations":[{"start":{"line":556,"column":42},"end":{"line":556,"column":62}},{"start":{"line":556,"column":66},"end":{"line":556,"column":77}}],"line":556},"57":{"loc":{"start":{"line":559,"column":22},"end":{"line":574,"column":23}},"type":"if","locations":[{"start":{"line":559,"column":22},"end":{"line":574,"column":23}},{"start":{"line":571,"column":29},"end":{"line":574,"column":23}}],"line":559},"58":{"loc":{"start":{"line":559,"column":26},"end":{"line":559,"column":100}},"type":"binary-expr","locations":[{"start":{"line":559,"column":26},"end":{"line":559,"column":55}},{"start":{"line":559,"column":59},"end":{"line":559,"column":100}}],"line":559},"59":{"loc":{"start":{"line":608,"column":26},"end":{"line":608,"column":70}},"type":"binary-expr","locations":[{"start":{"line":608,"column":26},"end":{"line":608,"column":64}},{"start":{"line":608,"column":68},"end":{"line":608,"column":70}}],"line":608},"60":{"loc":{"start":{"line":609,"column":24},"end":{"line":609,"column":71}},"type":"binary-expr","locations":[{"start":{"line":609,"column":24},"end":{"line":609,"column":60}},{"start":{"line":609,"column":64},"end":{"line":609,"column":71}}],"line":609},"61":{"loc":{"start":{"line":610,"column":17},"end":{"line":610,"column":52}},"type":"binary-expr","locations":[{"start":{"line":610,"column":17},"end":{"line":610,"column":46}},{"start":{"line":610,"column":50},"end":{"line":610,"column":52}}],"line":610},"62":{"loc":{"start":{"line":611,"column":18},"end":{"line":611,"column":125}},"type":"cond-expr","locations":[{"start":{"line":611,"column":42},"end":{"line":611,"column":119}},{"start":{"line":611,"column":123},"end":{"line":611,"column":125}}],"line":611},"63":{"loc":{"start":{"line":611,"column":42},"end":{"line":611,"column":119}},"type":"binary-expr","locations":[{"start":{"line":611,"column":42},"end":{"line":611,"column":83}},{"start":{"line":611,"column":87},"end":{"line":611,"column":119}}],"line":611}},"s":{"0":0,"1":0,"2":0,"3":0,"4":0,"5":0,"6":0,"7":0,"8":0,"9":0,"10":0,"11":0,"12":0,"13":0,"14":0,"15":0,"16":0,"17":0,"18":0,"19":0,"20":0,"21":0,"22":0,"23":0,"24":0,"25":0,"26":0,"27":0,"28":0,"29":0,"30":0,"31":0,"32":0,"33":0,"34":0,"35":0,"36":0,"37":0,"38":0,"39":0,"40":0,"41":0,"42":0,"43":0,"44":0,"45":0,"46":0,"47":0,"48":0,"49":0,"50":0,"51":0,"52":0,"53":0,"54":0,"55":0,"56":0,"57":0,"58":0,"59":0,"60":0,"61":0,"62":0,"63":0,"64":0,"65":0,"66":0,"67":0,"68":0,"69":0,"70":0,"71":0,"72":0,"73":0,"74":0,"75":0,"76":0,"77":0,"78":0,"79":0,"80":0,"81":0,"82":0,"83":0,"84":0,"85":0,"86":0,"87":0,"88":0,"89":0,"90":0,"91":0,"92":0,"93":0,"94":0,"95":0,"96":0,"97":0,"98":0,"99":0,"100":0,"101":0,"102":0,"103":0,"104":0,"105":0,"106":0,"107":0,"108":0,"109":0,"110":0,"111":0,"112":0,"113":0,"114":0,"115":0,"116":0,"117":0,"118":0,"119":0,"120":0,"121":0,"122":0,"123":0,"124":0,"125":0,"126":0,"127":0,"128":0,"129":0,"130":0,"131":0,"132":0,"133":0,"134":0,"135":0,"136":0,"137":0,"138":0,"139":0,"140":0,"141":0,"142":0,"143":0,"144":0,"145":0,"146":0,"147":0,"148":0,"149":0,"150":0,"151":0,"152":0,"153":0,"154":0,"155":0,"156":0,"157":0,"158":0,"159":0,"160":0,"161":0,"162":0,"163":0,"164":0,"165":0,"166":0,"167":0,"168":0,"169":0,"170":0,"171":0,"172":0,"173":0,"174":0,"175":0,"176":0,"177":0,"178":0,"179":0,"180":0,"181":0,"182":0,"183":0,"184":0,"185":0,"186":0,"187":0,"188":0,"189":0,"190":0,"191":0,"192":0,"193":0,"194":0,"195":0,"196":0,"197":0,"198":0,"199":0,"200":0,"201":0,"202":0,"203":0,"204":0,"205":0,"206":0,"207":0,"208":0,"209":0,"210":0,"211":0,"212":0,"213":0,"214":0},"f":{"0":0,"1":0,"2":0,"3":0,"4":0,"5":0,"6":0,"7":0,"8":0,"9":0,"10":0,"11":0,"12":0,"13":0,"14":0,"15":0,"16":0,"17":0,"18":0,"19":0,"20":0,"21":0,"22":0,"23":0,"24":0,"25":0,"26":0,"27":0,"28":0,"29":0},"b":{"0":[0,0],"1":[0,0],"2":[0,0],"3":[0,0],"4":[0,0],"5":[0,0],"6":[0,0],"7":[0,0],"8":[0,0],"9":[0,0],"10":[0,0],"11":[0,0],"12":[0,0],"13":[0,0],"14":[0,0],"15":[0,0],"16":[0,0],"17":[0,0],"18":[0,0],"19":[0,0],"20":[0,0],"21":[0,0],"22":[0,0],"23":[0,0],"24":[0,0],"25":[0,0],"26":[0,0],"27":[0,0],"28":[0,0],"29":[0,0],"30":[0,0],"31":[0,0],"32":[0,0],"33":[0,0],"34":[0,0],"35":[0,0],"36":[0,0],"37":[0,0],"38":[0,0],"39":[0,0],"40":[0,0],"41":[0,0],"42":[0,0],"43":[0,0],"44":[0,0],"45":[0,0],"46":[0,0,0],"47":[0,0],"48":[0,0],"49":[0,0],"50":[0,0],"51":[0,0],"52":[0,0,0],"53":[0,0],"54":[0,0],"55":[0,0],"56":[0,0],"57":[0,0],"58":[0,0],"59":[0,0],"60":[0,0],"61":[0,0],"62":[0,0],"63":[0,0]}}
,"/Users/yuyamukai/Eureka/web/frontend/src/api.ts": {"path":"/Users/yuyamukai/Eureka/web/frontend/src/api.ts","statementMap":{"0":{"start":{"line":5,"column":24},"end":{"line":5,"column":80}},"1":{"start":{"line":8,"column":27},"end":{"line":14,"column":2}},"2":{"start":{"line":17,"column":0},"end":{"line":40,"column":2}},"3":{"start":{"line":18,"column":31},"end":{"line":18,"column":39}},"4":{"start":{"line":20,"column":56},"end":{"line":20,"column":68}},"5":{"start":{"line":23,"column":4},"end":{"line":36,"column":5}},"6":{"start":{"line":29,"column":6},"end":{"line":29,"column":36}},"7":{"start":{"line":32,"column":6},"end":{"line":32,"column":62}},"8":{"start":{"line":32,"column":35},"end":{"line":32,"column":60}},"9":{"start":{"line":35,"column":6},"end":{"line":35,"column":34}},"10":{"start":{"line":38,"column":4},"end":{"line":38,"column":33}}},"fnMap":{"0":{"name":"(anonymous_0)","decl":{"start":{"line":18,"column":2},"end":{"line":18,"column":3}},"loc":{"start":{"line":18,"column":31},"end":{"line":18,"column":39}},"line":18},"1":{"name":"(anonymous_1)","decl":{"start":{"line":19,"column":2},"end":{"line":19,"column":3}},"loc":{"start":{"line":19,"column":29},"end":{"line":39,"column":3}},"line":19},"2":{"name":"(anonymous_2)","decl":{"start":{"line":32,"column":24},"end":{"line":32,"column":25}},"loc":{"start":{"line":32,"column":35},"end":{"line":32,"column":60}},"line":32}},"branchMap":{"0":{"loc":{"start":{"line":5,"column":24},"end":{"line":5,"column":80}},"type":"binary-expr","locations":[{"start":{"line":5,"column":24},"end":{"line":5,"column":53}},{"start":{"line":5,"column":57},"end":{"line":5,"column":80}}],"line":5},"1":{"loc":{"start":{"line":23,"column":4},"end":{"line":36,"column":5}},"type":"if","locations":[{"start":{"line":23,"column":4},"end":{"line":36,"column":5}},{"start":{},"end":{}}],"line":23},"2":{"loc":{"start":{"line":24,"column":6},"end":{"line":27,"column":44}},"type":"binary-expr","locations":[{"start":{"line":24,"column":7},"end":{"line":24,"column":37}},{"start":{"line":25,"column":8},"end":{"line":25,"column":22}},{"start":{"line":25,"column":26},"end":{"line":25,"column":54}},{"start":{"line":25,"column":58},"end":{"line":25,"column":85}},{"start":{"line":26,"column":6},"end":{"line":26,"column":29}},{"start":{"line":27,"column":6},"end":{"line":27,"column":44}}],"line":24}},"s":{"0":0,"1":0,"2":0,"3":0,"4":0,"5":0,"6":0,"7":0,"8":0,"9":0,"10":0},"f":{"0":0,"1":0,"2":0},"b":{"0":[0,0],"1":[0,0],"2":[0,0,0,0,0,0]}}
,"/Users/yuyamukai/Eureka/web/frontend/src/constants.ts": {"path":"/Users/yuyamukai/Eureka/web/frontend/src/constants.ts","statementMap":{"0":{"start":{"line":6,"column":30},"end":{"line":6,"column":32}},"1":{"start":{"line":9,"column":28},"end":{"line":9,"column":84}},"2":{"start":{"line":12,"column":34},"end":{"line":12,"column":37}},"3":{"start":{"line":13,"column":30},"end":{"line":13,"column":34}},"4":{"start":{"line":16,"column":36},"end":{"line":19,"column":1}},"5":{"start":{"line":21,"column":36},"end":{"line":25,"column":1}},"6":{"start":{"line":28,"column":49},"end":{"line":28,"column":93}},"7":{"start":{"line":29,"column":48},"end":{"line":29,"column":59}},"8":{"start":{"line":30,"column":49},"end":{"line":30,"column":68}},"9":{"start":{"line":31,"column":38},"end":{"line":31,"column":71}},"10":{"start":{"line":35,"column":69},"end":{"line":68,"column":1}}},"fnMap":{},"branchMap":{"0":{"loc":{"start":{"line":9,"column":28},"end":{"line":9,"column":84}},"type":"binary-expr","locations":[{"start":{"line":9,"column":28},"end":{"line":9,"column":57}},{"start":{"line":9,"column":61},"end":{"line":9,"column":84}}],"line":9}},"s":{"0":1,"1":1,"2":1,"3":1,"4":1,"5":1,"6":1,"7":1,"8":1,"9":1,"10":1},"f":{},"b":{"0":[1,1]},"_coverageSchema":"1a1c01bbd47fc00a2c39e90264f33305004495a9","hash":"5227372c50f6a13e9adbe94b76a7c54743434fbb"}
,"/Users/yuyamukai/Eureka/web/frontend/src/index.tsx": {"path":"/Users/yuyamukai/Eureka/web/frontend/src/index.tsx","statementMap":{"0":{"start":{"line":6,"column":13},"end":{"line":8,"column":1}},"1":{"start":{"line":9,"column":0},"end":{"line":13,"column":2}}},"fnMap":{},"branchMap":{},"s":{"0":0,"1":0},"f":{},"b":{}}
,"/Users/yuyamukai/Eureka/web/frontend/src/components/BookmarkManager.tsx": {"path":"/Users/yuyamukai/Eureka/web/frontend/src/components/BookmarkManager.tsx","statementMap":{"0":{"start":{"line":15,"column":56},"end":{"line":365,"column":1}},"1":{"start":{"line":23,"column":40},"end":{"line":23,"column":52}},"2":{"start":{"line":24,"column":40},"end":{"line":24,"column":69}},"3":{"start":{"line":25,"column":50},"end":{"line":25,"column":101}},"4":{"start":{"line":26,"column":40},"end":{"line":26,"column":72}},"5":{"start":{"line":27,"column":40},"end":{"line":27,"column":55}},"6":{"start":{"line":28,"column":40},"end":{"line":28,"column":51}},"7":{"start":{"line":29,"column":23},"end":{"line":29,"column":25}},"8":{"start":{"line":31,"column":2},"end":{"line":33,"column":28}},"9":{"start":{"line":32,"column":4},"end":{"line":32,"column":54}},"10":{"start":{"line":36,"column":2},"end":{"line":59,"column":24}},"11":{"start":{"line":37,"column":28},"end":{"line":41,"column":5}},"12":{"start":{"line":38,"column":6},"end":{"line":40,"column":7}},"13":{"start":{"line":39,"column":8},"end":{"line":39,"column":18}},"14":{"start":{"line":43,"column":4},"end":{"line":53,"column":5}},"15":{"start":{"line":44,"column":6},"end":{"line":44,"column":60}},"16":{"start":{"line":46,"column":6},"end":{"line":46,"column":46}},"17":{"start":{"line":49,"column":27},"end":{"line":49,"column":83}},"18":{"start":{"line":50,"column":6},"end":{"line":52,"column":7}},"19":{"start":{"line":51,"column":8},"end":{"line":51,"column":29}},"20":{"start":{"line":55,"column":4},"end":{"line":58,"column":6}},"21":{"start":{"line":56,"column":6},"end":{"line":56,"column":63}},"22":{"start":{"line":57,"column":6},"end":{"line":57,"column":45}},"23":{"start":{"line":62,"column":18},"end":{"line":62,"column":69}},"24":{"start":{"line":62,"column":60},"end":{"line":62,"column":66}},"25":{"start":{"line":65,"column":28},"end":{"line":76,"column":43}},"26":{"start":{"line":66,"column":27},"end":{"line":66,"column":52}},"27":{"start":{"line":67,"column":4},"end":{"line":75,"column":7}},"28":{"start":{"line":68,"column":28},"end":{"line":70,"column":61}},"29":{"start":{"line":72,"column":25},"end":{"line":72,"column":76}},"30":{"start":{"line":74,"column":6},"end":{"line":74,"column":41}},"31":{"start":{"line":79,"column":21},"end":{"line":79,"column":71}},"32":{"start":{"line":80,"column":29},"end":{"line":84,"column":52}},"33":{"start":{"line":81,"column":23},"end":{"line":81,"column":55}},"34":{"start":{"line":82,"column":21},"end":{"line":82,"column":46}},"35":{"start":{"line":83,"column":4},"end":{"line":83,"column":57}},"36":{"start":{"line":87,"column":2},"end":{"line":89,"column":33}},"37":{"start":{"line":88,"column":4},"end":{"line":88,"column":22}},"38":{"start":{"line":91,"column":2},"end":{"line":91,"column":27}},"39":{"start":{"line":91,"column":15},"end":{"line":91,"column":27}},"40":{"start":{"line":93,"column":29},"end":{"line":104,"column":3}},"41":{"start":{"line":94,"column":24},"end":{"line":94,"column":49}},"42":{"start":{"line":95,"column":4},"end":{"line":99,"column":5}},"43":{"start":{"line":96,"column":6},"end":{"line":96,"column":37}},"44":{"start":{"line":98,"column":6},"end":{"line":98,"column":34}},"45":{"start":{"line":100,"column":4},"end":{"line":100,"column":37}},"46":{"start":{"line":101,"column":4},"end":{"line":103,"column":5}},"47":{"start":{"line":102,"column":6},"end":{"line":102,"column":49}},"48":{"start":{"line":106,"column":32},"end":{"line":127,"column":3}},"49":{"start":{"line":107,"column":4},"end":{"line":107,"column":25}},"50":{"start":{"line":108,"column":4},"end":{"line":126,"column":5}},"51":{"start":{"line":110,"column":6},"end":{"line":110,"column":61}},"52":{"start":{"line":110,"column":35},"end":{"line":110,"column":59}},"53":{"start":{"line":112,"column":22},"end":{"line":112,"column":56}},"54":{"start":{"line":113,"column":22},"end":{"line":113,"column":90}},"55":{"start":{"line":115,"column":36},"end":{"line":115,"column":103}},"56":{"start":{"line":117,"column":26},"end":{"line":117,"column":53}},"57":{"start":{"line":118,"column":6},"end":{"line":118,"column":48}},"58":{"start":{"line":119,"column":6},"end":{"line":119,"column":66}},"59":{"start":{"line":120,"column":6},"end":{"line":120,"column":26}},"60":{"start":{"line":122,"column":6},"end":{"line":122,"column":45}},"61":{"start":{"line":123,"column":6},"end":{"line":123,"column":65}},"62":{"start":{"line":125,"column":6},"end":{"line":125,"column":28}},"63":{"start":{"line":129,"column":30},"end":{"line":133,"column":3}},"64":{"start":{"line":130,"column":4},"end":{"line":132,"column":5}},"65":{"start":{"line":131,"column":6},"end":{"line":131,"column":16}},"66":{"start":{"line":135,"column":2},"end":{"line":364,"column":4}},"67":{"start":{"line":142,"column":24},"end":{"line":142,"column":43}},"68":{"start":{"line":174,"column":31},"end":{"line":174,"column":61}},"69":{"start":{"line":189,"column":31},"end":{"line":189,"column":51}},"70":{"start":{"line":197,"column":16},"end":{"line":206,"column":25}},"71":{"start":{"line":200,"column":33},"end":{"line":200,"column":52}},"72":{"start":{"line":253,"column":16},"end":{"line":330,"column":22}},"73":{"start":{"line":276,"column":28},"end":{"line":278,"column":35}},"74":{"start":{"line":289,"column":42},"end":{"line":289,"column":73}},"75":{"start":{"line":296,"column":26},"end":{"line":307,"column":27}},"76":{"start":{"line":297,"column":28},"end":{"line":297,"column":97}},"77":{"start":{"line":298,"column":28},"end":{"line":306,"column":29}},"78":{"start":{"line":299,"column":30},"end":{"line":299,"column":66}},"79":{"start":{"line":301,"column":30},"end":{"line":305,"column":33}},"80":{"start":{"line":302,"column":47},"end":{"line":302,"column":60}},"81":{"start":{"line":303,"column":32},"end":{"line":303,"column":59}},"82":{"start":{"line":304,"column":32},"end":{"line":304,"column":46}},"83":{"start":{"line":344,"column":33},"end":{"line":344,"column":78}},"84":{"start":{"line":344,"column":56},"end":{"line":344,"column":77}},"85":{"start":{"line":352,"column":33},"end":{"line":352,"column":87}},"86":{"start":{"line":352,"column":56},"end":{"line":352,"column":86}}},"fnMap":{"0":{"name":"(anonymous_0)","decl":{"start":{"line":15,"column":56},"end":{"line":15,"column":57}},"loc":{"start":{"line":22,"column":6},"end":{"line":365,"column":1}},"line":22},"1":{"name":"(anonymous_1)","decl":{"start":{"line":31,"column":12},"end":{"line":31,"column":13}},"loc":{"start":{"line":31,"column":18},"end":{"line":33,"column":3}},"line":31},"2":{"name":"(anonymous_2)","decl":{"start":{"line":36,"column":12},"end":{"line":36,"column":13}},"loc":{"start":{"line":36,"column":18},"end":{"line":59,"column":3}},"line":36},"3":{"name":"(anonymous_3)","decl":{"start":{"line":37,"column":28},"end":{"line":37,"column":29}},"loc":{"start":{"line":37,"column":54},"end":{"line":41,"column":5}},"line":37},"4":{"name":"(anonymous_4)","decl":{"start":{"line":55,"column":11},"end":{"line":55,"column":12}},"loc":{"start":{"line":55,"column":17},"end":{"line":58,"column":5}},"line":55},"5":{"name":"(anonymous_5)","decl":{"start":{"line":62,"column":55},"end":{"line":62,"column":56}},"loc":{"start":{"line":62,"column":60},"end":{"line":62,"column":66}},"line":62},"6":{"name":"(anonymous_6)","decl":{"start":{"line":65,"column":36},"end":{"line":65,"column":37}},"loc":{"start":{"line":65,"column":42},"end":{"line":76,"column":3}},"line":65},"7":{"name":"(anonymous_7)","decl":{"start":{"line":67,"column":28},"end":{"line":67,"column":29}},"loc":{"start":{"line":67,"column":40},"end":{"line":75,"column":5}},"line":67},"8":{"name":"(anonymous_8)","decl":{"start":{"line":80,"column":37},"end":{"line":80,"column":38}},"loc":{"start":{"line":80,"column":43},"end":{"line":84,"column":3}},"line":80},"9":{"name":"(anonymous_9)","decl":{"start":{"line":87,"column":12},"end":{"line":87,"column":13}},"loc":{"start":{"line":87,"column":18},"end":{"line":89,"column":3}},"line":87},"10":{"name":"(anonymous_10)","decl":{"start":{"line":93,"column":29},"end":{"line":93,"column":30}},"loc":{"start":{"line":93,"column":53},"end":{"line":104,"column":3}},"line":93},"11":{"name":"(anonymous_11)","decl":{"start":{"line":106,"column":32},"end":{"line":106,"column":33}},"loc":{"start":{"line":106,"column":44},"end":{"line":127,"column":3}},"line":106},"12":{"name":"(anonymous_12)","decl":{"start":{"line":110,"column":24},"end":{"line":110,"column":25}},"loc":{"start":{"line":110,"column":35},"end":{"line":110,"column":59}},"line":110},"13":{"name":"(anonymous_13)","decl":{"start":{"line":129,"column":30},"end":{"line":129,"column":31}},"loc":{"start":{"line":129,"column":55},"end":{"line":133,"column":3}},"line":129},"14":{"name":"(anonymous_14)","decl":{"start":{"line":142,"column":17},"end":{"line":142,"column":18}},"loc":{"start":{"line":142,"column":24},"end":{"line":142,"column":43}},"line":142},"15":{"name":"(anonymous_15)","decl":{"start":{"line":174,"column":24},"end":{"line":174,"column":25}},"loc":{"start":{"line":174,"column":31},"end":{"line":174,"column":61}},"line":174},"16":{"name":"(anonymous_16)","decl":{"start":{"line":189,"column":25},"end":{"line":189,"column":26}},"loc":{"start":{"line":189,"column":31},"end":{"line":189,"column":51}},"line":189},"17":{"name":"(anonymous_17)","decl":{"start":{"line":196,"column":27},"end":{"line":196,"column":28}},"loc":{"start":{"line":197,"column":16},"end":{"line":206,"column":25}},"line":197},"18":{"name":"(anonymous_18)","decl":{"start":{"line":200,"column":27},"end":{"line":200,"column":28}},"loc":{"start":{"line":200,"column":33},"end":{"line":200,"column":52}},"line":200},"19":{"name":"(anonymous_19)","decl":{"start":{"line":252,"column":38},"end":{"line":252,"column":39}},"loc":{"start":{"line":253,"column":16},"end":{"line":330,"column":22}},"line":253},"20":{"name":"(anonymous_20)","decl":{"start":{"line":275,"column":45},"end":{"line":275,"column":46}},"loc":{"start":{"line":276,"column":28},"end":{"line":278,"column":35}},"line":276},"21":{"name":"(anonymous_21)","decl":{"start":{"line":289,"column":36},"end":{"line":289,"column":37}},"loc":{"start":{"line":289,"column":42},"end":{"line":289,"column":73}},"line":289},"22":{"name":"(anonymous_22)","decl":{"start":{"line":295,"column":33},"end":{"line":295,"column":34}},"loc":{"start":{"line":295,"column":45},"end":{"line":308,"column":25}},"line":295},"23":{"name":"(anonymous_23)","decl":{"start":{"line":301,"column":45},"end":{"line":301,"column":46}},"loc":{"start":{"line":301,"column":53},"end":{"line":305,"column":31}},"line":301},"24":{"name":"(anonymous_24)","decl":{"start":{"line":344,"column":27},"end":{"line":344,"column":28}},"loc":{"start":{"line":344,"column":33},"end":{"line":344,"column":78}},"line":344},"25":{"name":"(anonymous_25)","decl":{"start":{"line":344,"column":48},"end":{"line":344,"column":49}},"loc":{"start":{"line":344,"column":56},"end":{"line":344,"column":77}},"line":344},"26":{"name":"(anonymous_26)","decl":{"start":{"line":352,"column":27},"end":{"line":352,"column":28}},"loc":{"start":{"line":352,"column":33},"end":{"line":352,"column":87}},"line":352},"27":{"name":"(anonymous_27)","decl":{"start":{"line":352,"column":48},"end":{"line":352,"column":49}},"loc":{"start":{"line":352,"column":56},"end":{"line":352,"column":86}},"line":352}},"branchMap":{"0":{"loc":{"start":{"line":21,"column":2},"end":{"line":21,"column":26}},"type":"default-arg","locations":[{"start":{"line":21,"column":24},"end":{"line":21,"column":26}}],"line":21},"1":{"loc":{"start":{"line":38,"column":6},"end":{"line":40,"column":7}},"type":"if","locations":[{"start":{"line":38,"column":6},"end":{"line":40,"column":7}},{"start":{},"end":{}}],"line":38},"2":{"loc":{"start":{"line":38,"column":10},"end":{"line":38,"column":42}},"type":"binary-expr","locations":[{"start":{"line":38,"column":10},"end":{"line":38,"column":32}},{"start":{"line":38,"column":36},"end":{"line":38,"column":42}}],"line":38},"3":{"loc":{"start":{"line":43,"column":4},"end":{"line":53,"column":5}},"type":"if","locations":[{"start":{"line":43,"column":4},"end":{"line":53,"column":5}},{"start":{},"end":{}}],"line":43},"4":{"loc":{"start":{"line":50,"column":6},"end":{"line":52,"column":7}},"type":"if","locations":[{"start":{"line":50,"column":6},"end":{"line":52,"column":7}},{"start":{},"end":{}}],"line":50},"5":{"loc":{"start":{"line":68,"column":28},"end":{"line":70,"column":61}},"type":"binary-expr","locations":[{"start":{"line":68,"column":28},"end":{"line":68,"column":46}},{"start":{"line":69,"column":8},"end":{"line":69,"column":60}},{"start":{"line":70,"column":8},"end":{"line":70,"column":61}}],"line":68},"6":{"loc":{"start":{"line":72,"column":25},"end":{"line":72,"column":76}},"type":"binary-expr","locations":[{"start":{"line":72,"column":25},"end":{"line":72,"column":37}},{"start":{"line":72,"column":41},"end":{"line":72,"column":76}}],"line":72},"7":{"loc":{"start":{"line":74,"column":13},"end":{"line":74,"column":40}},"type":"binary-expr","locations":[{"start":{"line":74,"column":13},"end":{"line":74,"column":26}},{"start":{"line":74,"column":30},"end":{"line":74,"column":40}}],"line":74},"8":{"loc":{"start":{"line":91,"column":2},"end":{"line":91,"column":27}},"type":"if","locations":[{"start":{"line":91,"column":2},"end":{"line":91,"column":27}},{"start":{},"end":{}}],"line":91},"9":{"loc":{"start":{"line":95,"column":4},"end":{"line":99,"column":5}},"type":"if","locations":[{"start":{"line":95,"column":4},"end":{"line":99,"column":5}},{"start":{"line":97,"column":11},"end":{"line":99,"column":5}}],"line":95},"10":{"loc":{"start":{"line":101,"column":4},"end":{"line":103,"column":5}},"type":"if","locations":[{"start":{"line":101,"column":4},"end":{"line":103,"column":5}},{"start":{},"end":{}}],"line":101},"11":{"loc":{"start":{"line":130,"column":4},"end":{"line":132,"column":5}},"type":"if","locations":[{"start":{"line":130,"column":4},"end":{"line":132,"column":5}},{"start":{},"end":{}}],"line":130},"12":{"loc":{"start":{"line":184,"column":11},"end":{"line":209,"column":11}},"type":"binary-expr","locations":[{"start":{"line":184,"column":11},"end":{"line":184,"column":29}},{"start":{"line":185,"column":12},"end":{"line":208,"column":18}}],"line":184},"13":{"loc":{"start":{"line":191,"column":18},"end":{"line":191,"column":108}},"type":"cond-expr","locations":[{"start":{"line":191,"column":33},"end":{"line":191,"column":60}},{"start":{"line":191,"column":63},"end":{"line":191,"column":108}}],"line":191},"14":{"loc":{"start":{"line":202,"column":20},"end":{"line":202,"column":117}},"type":"cond-expr","locations":[{"start":{"line":202,"column":42},"end":{"line":202,"column":69}},{"start":{"line":202,"column":72},"end":{"line":202,"column":117}}],"line":202},"15":{"loc":{"start":{"line":218,"column":16},"end":{"line":220,"column":61}},"type":"cond-expr","locations":[{"start":{"line":219,"column":20},"end":{"line":219,"column":66}},{"start":{"line":220,"column":20},"end":{"line":220,"column":61}}],"line":218},"16":{"loc":{"start":{"line":223,"column":15},"end":{"line":233,"column":15}},"type":"cond-expr","locations":[{"start":{"line":224,"column":16},"end":{"line":227,"column":22}},{"start":{"line":229,"column":16},"end":{"line":232,"column":22}}],"line":223},"17":{"loc":{"start":{"line":234,"column":15},"end":{"line":234,"column":58}},"type":"cond-expr","locations":[{"start":{"line":234,"column":29},"end":{"line":234,"column":43}},{"start":{"line":234,"column":46},"end":{"line":234,"column":58}}],"line":234},"18":{"loc":{"start":{"line":236,"column":13},"end":{"line":240,"column":13}},"type":"binary-expr","locations":[{"start":{"line":236,"column":13},"end":{"line":236,"column":30}},{"start":{"line":237,"column":14},"end":{"line":239,"column":20}}],"line":236},"19":{"loc":{"start":{"line":246,"column":11},"end":{"line":333,"column":11}},"type":"cond-expr","locations":[{"start":{"line":247,"column":12},"end":{"line":249,"column":18}},{"start":{"line":251,"column":12},"end":{"line":332,"column":18}}],"line":246},"20":{"loc":{"start":{"line":248,"column":15},"end":{"line":248,"column":125}},"type":"cond-expr","locations":[{"start":{"line":248,"column":44},"end":{"line":248,"column":78}},{"start":{"line":248,"column":81},"end":{"line":248,"column":125}}],"line":248},"21":{"loc":{"start":{"line":248,"column":15},"end":{"line":248,"column":41}},"type":"binary-expr","locations":[{"start":{"line":248,"column":15},"end":{"line":248,"column":26}},{"start":{"line":248,"column":30},"end":{"line":248,"column":41}}],"line":248},"22":{"loc":{"start":{"line":273,"column":23},"end":{"line":281,"column":23}},"type":"binary-expr","locations":[{"start":{"line":273,"column":23},"end":{"line":273,"column":47}},{"start":{"line":274,"column":24},"end":{"line":280,"column":30}}],"line":273},"23":{"loc":{"start":{"line":285,"column":23},"end":{"line":292,"column":23}},"type":"binary-expr","locations":[{"start":{"line":285,"column":23},"end":{"line":285,"column":40}},{"start":{"line":286,"column":24},"end":{"line":291,"column":26}}],"line":285},"24":{"loc":{"start":{"line":296,"column":26},"end":{"line":307,"column":27}},"type":"if","locations":[{"start":{"line":296,"column":26},"end":{"line":307,"column":27}},{"start":{},"end":{}}],"line":296},"25":{"loc":{"start":{"line":311,"column":26},"end":{"line":313,"column":63}},"type":"cond-expr","locations":[{"start":{"line":312,"column":30},"end":{"line":312,"column":64}},{"start":{"line":313,"column":30},"end":{"line":313,"column":63}}],"line":311},"26":{"loc":{"start":{"line":316,"column":25},"end":{"line":326,"column":25}},"type":"cond-expr","locations":[{"start":{"line":317,"column":26},"end":{"line":320,"column":32}},{"start":{"line":322,"column":26},"end":{"line":325,"column":32}}],"line":316},"27":{"loc":{"start":{"line":336,"column":11},"end":{"line":360,"column":11}},"type":"binary-expr","locations":[{"start":{"line":336,"column":11},"end":{"line":336,"column":25}},{"start":{"line":337,"column":12},"end":{"line":359,"column":18}}],"line":336}},"s":{"0":0,"1":0,"2":0,"3":0,"4":0,"5":0,"6":0,"7":0,"8":0,"9":0,"10":0,"11":0,"12":0,"13":0,"14":0,"15":0,"16":0,"17":0,"18":0,"19":0,"20":0,"21":0,"22":0,"23":0,"24":0,"25":0,"26":0,"27":0,"28":0,"29":0,"30":0,"31":0,"32":0,"33":0,"34":0,"35":0,"36":0,"37":0,"38":0,"39":0,"40":0,"41":0,"42":0,"43":0,"44":0,"45":0,"46":0,"47":0,"48":0,"49":0,"50":0,"51":0,"52":0,"53":0,"54":0,"55":0,"56":0,"57":0,"58":0,"59":0,"60":0,"61":0,"62":0,"63":0,"64":0,"65":0,"66":0,"67":0,"68":0,"69":0,"70":0,"71":0,"72":0,"73":0,"74":0,"75":0,"76":0,"77":0,"78":0,"79":0,"80":0,"81":0,"82":0,"83":0,"84":0,"85":0,"86":0},"f":{"0":0,"1":0,"2":0,"3":0,"4":0,"5":0,"6":0,"7":0,"8":0,"9":0,"10":0,"11":0,"12":0,"13":0,"14":0,"15":0,"16":0,"17":0,"18":0,"19":0,"20":0,"21":0,"22":0,"23":0,"24":0,"25":0,"26":0,"27":0},"b":{"0":[0],"1":[0,0],"2":[0,0],"3":[0,0],"4":[0,0],"5":[0,0,0],"6":[0,0],"7":[0,0],"8":[0,0],"9":[0,0],"10":[0,0],"11":[0,0],"12":[0,0],"13":[0,0],"14":[0,0],"15":[0,0],"16":[0,0],"17":[0,0],"18":[0,0],"19":[0,0],"20":[0,0],"21":[0,0],"22":[0,0],"23":[0,0],"24":[0,0],"25":[0,0],"26":[0,0],"27":[0,0]}}
,"/Users/yuyamukai/Eureka/web/frontend/src/components/ComparisonRadarChart.tsx": {"path":"/Users/yuyamukai/Eureka/web/frontend/src/components/ComparisonRadarChart.tsx","statementMap":{"0":{"start":{"line":31,"column":66},"end":{"line":233,"column":1}},"1":{"start":{"line":40,"column":24},"end":{"line":66,"column":3}},"2":{"start":{"line":41,"column":4},"end":{"line":64,"column":5}},"3":{"start":{"line":42,"column":19},"end":{"line":42,"column":37}},"4":{"start":{"line":43,"column":6},"end":{"line":63,"column":8}},"5":{"start":{"line":65,"column":4},"end":{"line":65,"column":16}},"6":{"start":{"line":69,"column":34},"end":{"line":80,"column":3}},"7":{"start":{"line":70,"column":52},"end":{"line":78,"column":5}},"8":{"start":{"line":79,"column":4},"end":{"line":79,"column":41}},"9":{"start":{"line":83,"column":34},"end":{"line":83,"column":120}},"10":{"start":{"line":83,"column":79},"end":{"line":83,"column":98}},"11":{"start":{"line":84,"column":34},"end":{"line":84,"column":120}},"12":{"start":{"line":84,"column":79},"end":{"line":84,"column":98}},"13":{"start":{"line":87,"column":23},"end":{"line":88,"column":89}},"14":{"start":{"line":88,"column":4},"end":{"line":88,"column":89}},"15":{"start":{"line":90,"column":29},"end":{"line":90,"column":99}},"16":{"start":{"line":91,"column":29},"end":{"line":91,"column":99}},"17":{"start":{"line":92,"column":22},"end":{"line":92,"column":61}},"18":{"start":{"line":94,"column":24},"end":{"line":95,"column":83}},"19":{"start":{"line":95,"column":4},"end":{"line":95,"column":83}},"20":{"start":{"line":98,"column":32},"end":{"line":100,"column":31}},"21":{"start":{"line":103,"column":2},"end":{"line":119,"column":3}},"22":{"start":{"line":104,"column":4},"end":{"line":118,"column":6}},"23":{"start":{"line":121,"column":2},"end":{"line":232,"column":4}},"24":{"start":{"line":194,"column":32},"end":{"line":194,"column":61}},"25":{"start":{"line":195,"column":12},"end":{"line":210,"column":14}}},"fnMap":{"0":{"name":"(anonymous_0)","decl":{"start":{"line":31,"column":66},"end":{"line":31,"column":67}},"loc":{"start":{"line":38,"column":6},"end":{"line":233,"column":1}},"line":38},"1":{"name":"(anonymous_1)","decl":{"start":{"line":40,"column":24},"end":{"line":40,"column":25}},"loc":{"start":{"line":40,"column":54},"end":{"line":66,"column":3}},"line":40},"2":{"name":"(anonymous_2)","decl":{"start":{"line":69,"column":34},"end":{"line":69,"column":35}},"loc":{"start":{"line":69,"column":65},"end":{"line":80,"column":3}},"line":69},"3":{"name":"(anonymous_3)","decl":{"start":{"line":83,"column":64},"end":{"line":83,"column":65}},"loc":{"start":{"line":83,"column":79},"end":{"line":83,"column":98}},"line":83},"4":{"name":"(anonymous_4)","decl":{"start":{"line":84,"column":64},"end":{"line":84,"column":65}},"loc":{"start":{"line":84,"column":79},"end":{"line":84,"column":98}},"line":84},"5":{"name":"(anonymous_5)","decl":{"start":{"line":87,"column":23},"end":{"line":87,"column":24}},"loc":{"start":{"line":88,"column":4},"end":{"line":88,"column":89}},"line":88},"6":{"name":"(anonymous_6)","decl":{"start":{"line":94,"column":24},"end":{"line":94,"column":25}},"loc":{"start":{"line":95,"column":4},"end":{"line":95,"column":83}},"line":95},"7":{"name":"(anonymous_7)","decl":{"start":{"line":193,"column":20},"end":{"line":193,"column":21}},"loc":{"start":{"line":193,"column":37},"end":{"line":211,"column":11}},"line":193}},"branchMap":{"0":{"loc":{"start":{"line":34,"column":2},"end":{"line":34,"column":33}},"type":"default-arg","locations":[{"start":{"line":34,"column":18},"end":{"line":34,"column":33}}],"line":34},"1":{"loc":{"start":{"line":35,"column":2},"end":{"line":35,"column":33}},"type":"default-arg","locations":[{"start":{"line":35,"column":18},"end":{"line":35,"column":33}}],"line":35},"2":{"loc":{"start":{"line":41,"column":4},"end":{"line":64,"column":5}},"type":"if","locations":[{"start":{"line":41,"column":4},"end":{"line":64,"column":5}},{"start":{},"end":{}}],"line":41},"3":{"loc":{"start":{"line":41,"column":8},"end":{"line":41,"column":43}},"type":"binary-expr","locations":[{"start":{"line":41,"column":8},"end":{"line":41,"column":14}},{"start":{"line":41,"column":18},"end":{"line":41,"column":25}},{"start":{"line":41,"column":29},"end":{"line":41,"column":43}}],"line":41},"4":{"loc":{"start":{"line":56,"column":28},"end":{"line":56,"column":68}},"type":"cond-expr","locations":[{"start":{"line":56,"column":60},"end":{"line":56,"column":63}},{"start":{"line":56,"column":66},"end":{"line":56,"column":68}}],"line":56},"5":{"loc":{"start":{"line":79,"column":11},"end":{"line":79,"column":40}},"type":"binary-expr","locations":[{"start":{"line":79,"column":11},"end":{"line":79,"column":34}},{"start":{"line":79,"column":38},"end":{"line":79,"column":40}}],"line":79},"6":{"loc":{"start":{"line":83,"column":34},"end":{"line":83,"column":120}},"type":"cond-expr","locations":[{"start":{"line":83,"column":52},"end":{"line":83,"column":116}},{"start":{"line":83,"column":119},"end":{"line":83,"column":120}}],"line":83},"7":{"loc":{"start":{"line":84,"column":34},"end":{"line":84,"column":120}},"type":"cond-expr","locations":[{"start":{"line":84,"column":52},"end":{"line":84,"column":116}},{"start":{"line":84,"column":119},"end":{"line":84,"column":120}}],"line":84},"8":{"loc":{"start":{"line":88,"column":4},"end":{"line":88,"column":89}},"type":"binary-expr","locations":[{"start":{"line":88,"column":4},"end":{"line":88,"column":23}},{"start":{"line":88,"column":27},"end":{"line":88,"column":41}},{"start":{"line":88,"column":45},"end":{"line":88,"column":55}},{"start":{"line":88,"column":59},"end":{"line":88,"column":70}},{"start":{"line":88,"column":74},"end":{"line":88,"column":89}}],"line":88},"9":{"loc":{"start":{"line":90,"column":29},"end":{"line":90,"column":99}},"type":"cond-expr","locations":[{"start":{"line":90,"column":59},"end":{"line":90,"column":73}},{"start":{"line":90,"column":76},"end":{"line":90,"column":99}}],"line":90},"10":{"loc":{"start":{"line":91,"column":29},"end":{"line":91,"column":99}},"type":"cond-expr","locations":[{"start":{"line":91,"column":59},"end":{"line":91,"column":73}},{"start":{"line":91,"column":76},"end":{"line":91,"column":99}}],"line":91},"11":{"loc":{"start":{"line":95,"column":4},"end":{"line":95,"column":83}},"type":"cond-expr","locations":[{"start":{"line":95,"column":17},"end":{"line":95,"column":33}},{"start":{"line":95,"column":36},"end":{"line":95,"column":83}}],"line":95},"12":{"loc":{"start":{"line":95,"column":36},"end":{"line":95,"column":83}},"type":"cond-expr","locations":[{"start":{"line":95,"column":49},"end":{"line":95,"column":66}},{"start":{"line":95,"column":69},"end":{"line":95,"column":83}}],"line":95},"13":{"loc":{"start":{"line":98,"column":32},"end":{"line":100,"column":31}},"type":"cond-expr","locations":[{"start":{"line":99,"column":7},"end":{"line":99,"column":47}},{"start":{"line":100,"column":6},"end":{"line":100,"column":31}}],"line":98},"14":{"loc":{"start":{"line":100,"column":6},"end":{"line":100,"column":31}},"type":"cond-expr","locations":[{"start":{"line":100,"column":24},"end":{"line":100,"column":27}},{"start":{"line":100,"column":30},"end":{"line":100,"column":31}}],"line":100},"15":{"loc":{"start":{"line":103,"column":2},"end":{"line":119,"column":3}},"type":"if","locations":[{"start":{"line":103,"column":2},"end":{"line":119,"column":3}},{"start":{},"end":{}}],"line":103},"16":{"loc":{"start":{"line":106,"column":9},"end":{"line":110,"column":9}},"type":"binary-expr","locations":[{"start":{"line":106,"column":9},"end":{"line":106,"column":14}},{"start":{"line":107,"column":10},"end":{"line":109,"column":16}}],"line":106},"17":{"loc":{"start":{"line":123,"column":7},"end":{"line":138,"column":7}},"type":"binary-expr","locations":[{"start":{"line":123,"column":7},"end":{"line":123,"column":12}},{"start":{"line":124,"column":8},"end":{"line":137,"column":14}}],"line":123},"18":{"loc":{"start":{"line":133,"column":51},"end":{"line":133,"column":103}},"type":"cond-expr","locations":[{"start":{"line":133,"column":70},"end":{"line":133,"column":86}},{"start":{"line":133,"column":89},"end":{"line":133,"column":103}}],"line":133},"19":{"loc":{"start":{"line":134,"column":15},"end":{"line":134,"column":42}},"type":"cond-expr","locations":[{"start":{"line":134,"column":34},"end":{"line":134,"column":37}},{"start":{"line":134,"column":40},"end":{"line":134,"column":42}}],"line":134},"20":{"loc":{"start":{"line":203,"column":20},"end":{"line":204,"column":93}},"type":"cond-expr","locations":[{"start":{"line":203,"column":38},"end":{"line":203,"column":67}},{"start":{"line":204,"column":20},"end":{"line":204,"column":93}}],"line":203},"21":{"loc":{"start":{"line":204,"column":20},"end":{"line":204,"column":93}},"type":"cond-expr","locations":[{"start":{"line":204,"column":38},"end":{"line":204,"column":63}},{"start":{"line":204,"column":66},"end":{"line":204,"column":93}}],"line":204},"22":{"loc":{"start":{"line":206,"column":21},"end":{"line":206,"column":47}},"type":"cond-expr","locations":[{"start":{"line":206,"column":39},"end":{"line":206,"column":42}},{"start":{"line":206,"column":45},"end":{"line":206,"column":47}}],"line":206},"23":{"loc":{"start":{"line":224,"column":14},"end":{"line":224,"column":90}},"type":"cond-expr","locations":[{"start":{"line":224,"column":33},"end":{"line":224,"column":62}},{"start":{"line":224,"column":65},"end":{"line":224,"column":90}}],"line":224}},"s":{"0":0,"1":0,"2":0,"3":0,"4":0,"5":0,"6":0,"7":0,"8":0,"9":0,"10":0,"11":0,"12":0,"13":0,"14":0,"15":0,"16":0,"17":0,"18":0,"19":0,"20":0,"21":0,"22":0,"23":0,"24":0,"25":0},"f":{"0":0,"1":0,"2":0,"3":0,"4":0,"5":0,"6":0,"7":0},"b":{"0":[0],"1":[0],"2":[0,0],"3":[0,0,0],"4":[0,0],"5":[0,0],"6":[0,0],"7":[0,0],"8":[0,0,0,0,0],"9":[0,0],"10":[0,0],"11":[0,0],"12":[0,0],"13":[0,0],"14":[0,0],"15":[0,0],"16":[0,0],"17":[0,0],"18":[0,0],"19":[0,0],"20":[0,0],"21":[0,0],"22":[0,0],"23":[0,0]}}
,"/Users/yuyamukai/Eureka/web/frontend/src/components/DuplicateWarningDialog.tsx": {"path":"/Users/yuyamukai/Eureka/web/frontend/src/components/DuplicateWarningDialog.tsx","statementMap":{"0":{"start":{"line":16,"column":70},"end":{"line":241,"column":1}},"1":{"start":{"line":26,"column":50},"end":{"line":26,"column":79}},"2":{"start":{"line":27,"column":40},"end":{"line":27,"column":64}},"3":{"start":{"line":29,"column":2},"end":{"line":29,"column":27}},"4":{"start":{"line":29,"column":15},"end":{"line":29,"column":27}},"5":{"start":{"line":31,"column":27},"end":{"line":42,"column":3}},"6":{"start":{"line":32,"column":4},"end":{"line":41,"column":5}},"7":{"start":{"line":34,"column":8},"end":{"line":34,"column":42}},"8":{"start":{"line":36,"column":8},"end":{"line":36,"column":48}},"9":{"start":{"line":38,"column":8},"end":{"line":38,"column":44}},"10":{"start":{"line":40,"column":8},"end":{"line":40,"column":44}},"11":{"start":{"line":44,"column":26},"end":{"line":55,"column":3}},"12":{"start":{"line":45,"column":4},"end":{"line":54,"column":5}},"13":{"start":{"line":47,"column":8},"end":{"line":47,"column":20}},"14":{"start":{"line":49,"column":8},"end":{"line":49,"column":20}},"15":{"start":{"line":51,"column":8},"end":{"line":51,"column":20}},"16":{"start":{"line":53,"column":8},"end":{"line":53,"column":20}},"17":{"start":{"line":57,"column":34},"end":{"line":62,"column":3}},"18":{"start":{"line":58,"column":4},"end":{"line":58,"column":60}},"19":{"start":{"line":58,"column":27},"end":{"line":58,"column":60}},"20":{"start":{"line":59,"column":4},"end":{"line":59,"column":66}},"21":{"start":{"line":59,"column":27},"end":{"line":59,"column":66}},"22":{"start":{"line":60,"column":4},"end":{"line":60,"column":66}},"23":{"start":{"line":60,"column":27},"end":{"line":60,"column":66}},"24":{"start":{"line":61,"column":4},"end":{"line":61,"column":39}},"25":{"start":{"line":64,"column":27},"end":{"line":66,"column":3}},"26":{"start":{"line":65,"column":4},"end":{"line":65,"column":47}},"27":{"start":{"line":68,"column":26},"end":{"line":78,"column":3}},"28":{"start":{"line":69,"column":47},"end":{"line":76,"column":5}},"29":{"start":{"line":77,"column":4},"end":{"line":77,"column":43}},"30":{"start":{"line":80,"column":29},"end":{"line":82,"column":3}},"31":{"start":{"line":81,"column":4},"end":{"line":81,"column":77}},"32":{"start":{"line":84,"column":23},"end":{"line":87,"column":3}},"33":{"start":{"line":85,"column":4},"end":{"line":85,"column":46}},"34":{"start":{"line":85,"column":34},"end":{"line":85,"column":46}},"35":{"start":{"line":86,"column":4},"end":{"line":86,"column":48}},"36":{"start":{"line":89,"column":2},"end":{"line":240,"column":4}},"37":{"start":{"line":128,"column":35},"end":{"line":128,"column":63}},"38":{"start":{"line":144,"column":18},"end":{"line":187,"column":24}},"39":{"start":{"line":158,"column":39},"end":{"line":158,"column":70}},"40":{"start":{"line":178,"column":32},"end":{"line":180,"column":39}},"41":{"start":{"line":228,"column":18},"end":{"line":228,"column":79}},"42":{"start":{"line":229,"column":18},"end":{"line":229,"column":56}},"43":{"start":{"line":229,"column":35},"end":{"line":229,"column":49}}},"fnMap":{"0":{"name":"(anonymous_0)","decl":{"start":{"line":16,"column":70},"end":{"line":16,"column":71}},"loc":{"start":{"line":25,"column":6},"end":{"line":241,"column":1}},"line":25},"1":{"name":"(anonymous_1)","decl":{"start":{"line":31,"column":27},"end":{"line":31,"column":28}},"loc":{"start":{"line":31,"column":63},"end":{"line":42,"column":3}},"line":31},"2":{"name":"(anonymous_2)","decl":{"start":{"line":44,"column":26},"end":{"line":44,"column":27}},"loc":{"start":{"line":44,"column":62},"end":{"line":55,"column":3}},"line":44},"3":{"name":"(anonymous_3)","decl":{"start":{"line":57,"column":34},"end":{"line":57,"column":35}},"loc":{"start":{"line":57,"column":66},"end":{"line":62,"column":3}},"line":57},"4":{"name":"(anonymous_4)","decl":{"start":{"line":64,"column":27},"end":{"line":64,"column":28}},"loc":{"start":{"line":64,"column":59},"end":{"line":66,"column":3}},"line":64},"5":{"name":"(anonymous_5)","decl":{"start":{"line":68,"column":26},"end":{"line":68,"column":27}},"loc":{"start":{"line":68,"column":57},"end":{"line":78,"column":3}},"line":68},"6":{"name":"(anonymous_6)","decl":{"start":{"line":80,"column":29},"end":{"line":80,"column":30}},"loc":{"start":{"line":80,"column":53},"end":{"line":82,"column":3}},"line":80},"7":{"name":"(anonymous_7)","decl":{"start":{"line":84,"column":23},"end":{"line":84,"column":24}},"loc":{"start":{"line":84,"column":68},"end":{"line":87,"column":3}},"line":84},"8":{"name":"(anonymous_8)","decl":{"start":{"line":128,"column":29},"end":{"line":128,"column":30}},"loc":{"start":{"line":128,"column":35},"end":{"line":128,"column":63}},"line":128},"9":{"name":"(anonymous_9)","decl":{"start":{"line":143,"column":38},"end":{"line":143,"column":39}},"loc":{"start":{"line":144,"column":18},"end":{"line":187,"column":24}},"line":144},"10":{"name":"(anonymous_10)","decl":{"start":{"line":158,"column":33},"end":{"line":158,"column":34}},"loc":{"start":{"line":158,"column":39},"end":{"line":158,"column":70}},"line":158},"11":{"name":"(anonymous_11)","decl":{"start":{"line":177,"column":61},"end":{"line":177,"column":62}},"loc":{"start":{"line":178,"column":32},"end":{"line":180,"column":39}},"line":178},"12":{"name":"(anonymous_12)","decl":{"start":{"line":227,"column":25},"end":{"line":227,"column":26}},"loc":{"start":{"line":227,"column":31},"end":{"line":230,"column":17}},"line":227},"13":{"name":"(anonymous_13)","decl":{"start":{"line":229,"column":29},"end":{"line":229,"column":30}},"loc":{"start":{"line":229,"column":35},"end":{"line":229,"column":49}},"line":229}},"branchMap":{"0":{"loc":{"start":{"line":29,"column":2},"end":{"line":29,"column":27}},"type":"if","locations":[{"start":{"line":29,"column":2},"end":{"line":29,"column":27}},{"start":{},"end":{}}],"line":29},"1":{"loc":{"start":{"line":32,"column":4},"end":{"line":41,"column":5}},"type":"switch","locations":[{"start":{"line":33,"column":6},"end":{"line":34,"column":42}},{"start":{"line":35,"column":6},"end":{"line":36,"column":48}},{"start":{"line":37,"column":6},"end":{"line":38,"column":44}},{"start":{"line":39,"column":6},"end":{"line":40,"column":44}}],"line":32},"2":{"loc":{"start":{"line":45,"column":4},"end":{"line":54,"column":5}},"type":"switch","locations":[{"start":{"line":46,"column":6},"end":{"line":47,"column":20}},{"start":{"line":48,"column":6},"end":{"line":49,"column":20}},{"start":{"line":50,"column":6},"end":{"line":51,"column":20}},{"start":{"line":52,"column":6},"end":{"line":53,"column":20}}],"line":45},"3":{"loc":{"start":{"line":58,"column":4},"end":{"line":58,"column":60}},"type":"if","locations":[{"start":{"line":58,"column":4},"end":{"line":58,"column":60}},{"start":{},"end":{}}],"line":58},"4":{"loc":{"start":{"line":59,"column":4},"end":{"line":59,"column":66}},"type":"if","locations":[{"start":{"line":59,"column":4},"end":{"line":59,"column":66}},{"start":{},"end":{}}],"line":59},"5":{"loc":{"start":{"line":60,"column":4},"end":{"line":60,"column":66}},"type":"if","locations":[{"start":{"line":60,"column":4},"end":{"line":60,"column":66}},{"start":{},"end":{}}],"line":60},"6":{"loc":{"start":{"line":77,"column":11},"end":{"line":77,"column":42}},"type":"binary-expr","locations":[{"start":{"line":77,"column":11},"end":{"line":77,"column":29}},{"start":{"line":77,"column":33},"end":{"line":77,"column":42}}],"line":77},"7":{"loc":{"sta
[...]
}},"loc":{"start":{"line":119,"column":31},"end":{"line":127,"column":3}},"line":119}},"branchMap":{"0":{"loc":{"start":{"line":32,"column":2},"end":{"line":45,"column":3}},"type":"if","locations":[{"start":{"line":32,"column":2},"end":{"line":45,"column":3}},{"start":{},"end":{}}],"line":32},"1":{"loc":{"start":{"line":50,"column":2},"end":{"line":50,"column":25}},"type":"if","locations":[{"start":{"line":50,"column":2},"end":{"line":50,"column":25}},{"start":{},"end":{}}],"line":50},"2":{"loc":{"start":{"line":62,"column":4},"end":{"line":65,"column":5}},"type":"if","locations":[{"start":{"line":62,"column":4},"end":{"line":65,"column":5}},{"start":{},"end":{}}],"line":62},"3":{"loc":{"start":{"line":68,"column":4},"end":{"line":73,"column":5}},"type":"if","locations":[{"start":{"line":68,"column":4},"end":{"line":73,"column":5}},{"start":{},"end":{}}],"line":68},"4":{"loc":{"start":{"line":69,"column":6},"end":{"line":71,"column":7}},"type":"if","locations":[{"start":{"line":69,"column":6},"end":{"line":71,"column":7}},{"start":{},"end":{}}],"line":69},"5":{"loc":{"start":{"line":76,"column":4},"end":{"line":78,"column":5}},"type":"if","locations":[{"start":{"line":76,"column":4},"end":{"line":78,"column":5}},{"start":{},"end":{}}],"line":76},"6":{"loc":{"start":{"line":97,"column":20},"end":{"line":97,"column":48}},"type":"binary-expr","locations":[{"start":{"line":97,"column":20},"end":{"line":97,"column":42}},{"start":{"line":97,"column":46},"end":{"line":97,"column":48}}],"line":97},"7":{"loc":{"start":{"line":98,"column":2},"end":{"line":105,"column":3}},"type":"if","locations":[{"start":{"line":98,"column":2},"end":{"line":105,"column":3}},{"start":{},"end":{}}],"line":98},"8":{"loc":{"start":{"line":101,"column":4},"end":{"line":104,"column":5}},"type":"if","locations":[{"start":{"line":101,"column":4},"end":{"line":104,"column":5}},{"start":{},"end":{}}],"line":101},"9":{"loc":{"start":{"line":120,"column":4},"end":{"line":125,"column":5}},"type":"if","locations":[{"start":{"line":120,"column":4},"end":{"line":125,"column":5}},{"start":{},"end":{}}],"line":120}},"s":{"0":2,"1":181,"2":2,"3":12,"4":13,"5":181,"6":179,"7":6,"8":173,"9":173,"10":173,"11":173,"12":173,"13":295,"14":1224,"15":110,"16":110,"17":185,"18":107,"19":2,"20":107,"21":78,"22":597,"23":4,"24":74,"25":173,"26":173,"27":1813,"28":173,"29":173,"30":173,"31":173,"32":517,"33":1,"34":1,"35":1,"36":1,"37":173,"38":8,"39":8,"40":160,"41":156,"42":4},"f":{"0":181,"1":12,"2":13,"3":179,"4":1224,"5":597,"6":517,"7":8,"8":160},"b":{"0":[2,179],"1":[6,173],"2":[110,185],"3":[107,78],"4":[2,105],"5":[4,74],"6":[173,105],"7":[1,172],"8":[1,0],"9":[156,4]},"_coverageSchema":"1a1c01bbd47fc00a2c39e90264f33305004495a9","hash":"df5e5d3b2b83cd56e7ceed3fa1bae83f8e7da9b1"}
,"/Users/yuyamukai/Eureka/web/frontend/src/utils/logger.ts": {"path":"/Users/yuyamukai/Eureka/web/frontend/src/utils/logger.ts","statementMap":{"0":{"start":{"line":9,"column":29},"end":{"line":9,"column":31}},"1":{"start":{"line":10,"column":23},"end":{"line":10,"column":26}},"2":{"start":{"line":15,"column":4},"end":{"line":15,"column":46}},"3":{"start":{"line":16,"column":4},"end":{"line":16,"column":80}},"4":{"start":{"line":20,"column":4},"end":{"line":20,"column":73}},"5":{"start":{"line":24,"column":31},"end":{"line":24,"column":65}},"6":{"start":{"line":25,"column":4},"end":{"line":25,"column":66}},"7":{"start":{"line":29,"column":4},"end":{"line":36,"column":6}},"8":{"start":{"line":40,"column":4},"end":{"line":40,"column":39}},"9":{"start":{"line":40,"column":32},"end":{"line":40,"column":39}},"10":{"start":{"line":42,"column":18},"end":{"line":42,"column":68}},"11":{"start":{"line":45,"column":4},"end":{"line":45,"column":26}},"12":{"start":{"line":46,"column":4},"end":{"line":48,"column":5}},"13":{"start":{"line":47,"column":6},"end":{"line":47,"column":24}},"14":{"start":{"line":51,"column":23},"end":{"line":51,"column":52}},"15":{"start":{"line":52,"column":18},"end":{"line":52,"column":41}},"16":{"start":{"line":53,"column":27},"end":{"line":53,"column":62}},"17":{"start":{"line":56,"column":4},"end":{"line":69,"column":5}},"18":{"start":{"line":58,"column":8},"end":{"line":58,"column":44}},"19":{"start":{"line":59,"column":8},"end":{"line":59,"column":14}},"20":{"start":{"line":61,"column":8},"end":{"line":61,"column":43}},"21":{"start":{"line":62,"column":8},"end":{"line":62,"column":14}},"22":{"start":{"line":64,"column":8},"end":{"line":64,"column":43}},"23":{"start":{"line":65,"column":8},"end":{"line":65,"column":14}},"24":{"start":{"line":67,"column":8},"end":{"line":67,"column":44}},"25":{"start":{"line":68,"column":8},"end":{"line":68,"column":14}},"26":{"start":{"line":73,"column":19},"end":{"line":78,"column":5}},"27":{"start":{"line":79,"column":4},"end":{"line":79,"column":33}},"28":{"start":{"line":83,"column":4},"end":{"line":83,"column":46}},"29":{"start":{"line":87,"column":4},"end":{"line":87,"column":45}},"30":{"start":{"line":91,"column":4},"end":{"line":91,"column":45}},"31":{"start":{"line":95,"column":4},"end":{"line":95,"column":46}},"32":{"start":{"line":100,"column":20},"end":{"line":100,"column":52}},"33":{"start":{"line":101,"column":17},"end":{"line":101,"column":37}},"34":{"start":{"line":103,"column":4},"end":{"line":107,"column":5}},"35":{"start":{"line":104,"column":6},"end":{"line":104,"column":38}},"36":{"start":{"line":106,"column":6},"end":{"line":106,"column":39}},"37":{"start":{"line":111,"column":4},"end":{"line":111,"column":57}},"38":{"start":{"line":115,"column":4},"end":{"line":115,"column":50}},"39":{"start":{"line":119,"column":20},"end":{"line":119,"column":79}},"40":{"start":{"line":120,"column":4},"end":{"line":124,"column":5}},"41":{"start":{"line":121,"column":6},"end":{"line":121,"column":37}},"42":{"start":{"line":123,"column":6},"end":{"line":123,"column":37}},"43":{"start":{"line":128,"column":4},"end":{"line":128,"column":64}},"44":{"start":{"line":133,"column":4},"end":{"line":135,"column":5}},"45":{"start":{"line":134,"column":6},"end":{"line":134,"column":58}},"46":{"start":{"line":134,"column":37},"end":{"line":134,"column":56}},"47":{"start":{"line":136,"column":4},"end":{"line":136,"column":26}},"48":{"start":{"line":140,"column":4},"end":{"line":140,"column":35}},"49":{"start":{"line":144,"column":4},"end":{"line":144,"column":19}},"50":{"start":{"line":148,"column":18},"end":{"line":153,"column":5}},"51":{"start":{"line":155,"column":4},"end":{"line":160,"column":7}},"52":{"start":{"line":156,"column":6},"end":{"line":156,"column":69}},"53":{"start":{"line":157,"column":6},"end":{"line":159,"column":7}},"54":{"start":{"line":158,"column":8},"end":{"line":158,"column":79}},"55":{"start":{"line":162,"column":4},"end":{"line":162,"column":17}},"56":{"start":{"line":167,"column":4},"end":{"line":167,"column":46}},"57":{"start":{"line":171,"column":4},"end":{"line":171,"column":26}},"58":{"start":{"line":172,"column":4},"end":{"line":172,"column":53}},"59":{"start":{"line":177,"column":22},"end":{"line":177,"column":34}},"60":{"start":{"line":180,"column":26},"end":{"line":182,"column":1}},"61":{"start":{"line":181,"column":2},"end":{"line":181,"column":48}},"62":{"start":{"line":184,"column":29},"end":{"line":186,"column":1}},"63":{"start":{"line":185,"column":2},"end":{"line":185,"column":37}},"64":{"start":{"line":188,"column":24},"end":{"line":190,"column":1}},"65":{"start":{"line":189,"column":2},"end":{"line":189,"column":40}},"66":{"start":{"line":192,"column":23},"end":{"line":194,"column":1}},"67":{"start":{"line":193,"column":2},"end":{"line":193,"column":38}},"68":{"start":{"line":196,"column":33},"end":{"line":198,"column":1}},"69":{"start":{"line":197,"column":2},"end":{"line":197,"column":37}}},"fnMap":{"0":{"name":"(anonymous_0)","decl":{"start":{"line":14,"column":2},"end":{"line":14,"column":3}},"loc":{"start":{"line":14,"column":16},"end":{"line":17,"column":3}},"line":14},"1":{"name":"(anonymous_1)","decl":{"start":{"line":19,"column":2},"end":{"line":19,"column":3}},"loc":{"start":{"line":19,"column":38},"end":{"line":21,"column":3}},"line":19},"2":{"name":"(anonymous_2)","decl":{"start":{"line":23,"column":2},"end":{"line":23,"column":3}},"loc":{"start":{"line":23,"column":46},"end":{"line":26,"column":3}},"line":23},"3":{"name":"(anonymous_3)","decl":{"start":{"line":28,"column":2},"end":{"line":28,"column":3}},"loc":{"start":{"line":28,"column":99},"end":{"line":37,"column":3}},"line":28},"4":{"name":"(anonymous_4)","decl":{"start":{"line":39,"column":2},"end":{"line":39,"column":3}},"loc":{"start":{"line":39,"column":78},"end":{"line":70,"column":3}},"line":39},"5":{"name":"(anonymous_5)","decl":{"start":{"line":72,"column":2},"end":{"line":72,"column":3}},"loc":{"start":{"line":72,"column":47},"end":{"line":80,"column":3}},"line":72},"6":{"name":"(anonymous_6)","decl":{"start":{"line":82,"column":2},"end":{"line":82,"column":3}},"loc":{"start":{"line":82,"column":55},"end":{"line":84,"column":3}},"line":82},"7":{"name":"(anonymous_7)","decl":{"start":{"line":86,"column":2},"end":{"line":86,"column":3}},"loc":{"start":{"line":86,"column":54},"end":{"line":88,"column":3}},"line":86},"8":{"name":"(anonymous_8)","decl":{"start":{"line":90,"column":2},"end":{"line":90,"column":3}},"loc":{"start":{"line":90,"column":54},"end":{"line":92,"column":3}},"line":90},"9":{"name":"(anonymous_9)","decl":{"start":{"line":94,"column":2},"end":{"line":94,"column":3}},"loc":{"start":{"line":94,"column":55},"end":{"line":96,"column":3}},"line":94},"10":{"name":"(anonymous_10)","decl":{"start":{"line":99,"column":2},"end":{"line":99,"column":3}},"loc":{"start":{"line":99,"column":75},"end":{"line":108,"column":3}},"line":99},"11":{"name":"(anonymous_11)","decl":{"start":{"line":110,"column":2},"end":{"line":110,"column":3}},"loc":{"start":{"line":110,"column":44},"end":{"line":112,"column":3}},"line":110},"12":{"name":"(anonymous_12)","decl":{"start":{"line":114,"column":2},"end":{"line":114,"column":3}},"loc":{"start":{"line":114,"column":44},"end":{"line":116,"column":3}},"line":114},"13":{"name":"(anonymous_13)","decl":{"start":{"line":118,"column":2},"end":{"line":118,"column":3}},"loc":{"start":{"line":118,"column":70},"end":{"line":125,"column":3}},"line":118},"14":{"name":"(anonymous_14)","decl":{"start":{"line":127,"column":2},"end":{"line":127,"column":3}},"loc":{"start":{"line":127,"column":47},"end":{"line":129,"column":3}},"line":127},"15":{"name":"(anonymous_15)","decl":{"start":{"line":132,"column":2},"end":{"line":132,"column":3}},"loc":{"start":{"line":132,"column":40},"end":{"line":137,"column":3}},"line":132},"16":{"name":"(anonymous_16)","decl":{"start":{"line":134,"column":30},"end":{"line":134,"column":31}},"loc":{"start":{"line":134,"column":37},"end":{"line":134,"column":56}},"line":134},"17":{"name":"(anonymous_17)","decl":{"start":{"line":139,"column":2},"end":{"line":139,"column":3}},"loc":{"start":{"line":139,"column":40},"end":{"line":141,"column":3}},"line":139},"18":{"name":"(anonymous_18)","decl":{"start":{"line":143,"column":2},"end":{"line":143,"column":3}},"loc":{"start":{"line":143,"column":14},"end":{"line":145,"column":3}},"line":143},"19":{"name":"(anonymous_19)","decl":{"start":{"line":147,"column":2},"end":{"line":147,"column":3}},"loc":{"start":{"line":147,"column":13},"end":{"line":163,"column":3}},"line":147},"20":{"name":"(anonymous_20)","decl":{"start":{"line":155,"column":22},"end":{"line":155,"column":23}},"loc":{"start":{"line":155,"column":29},"end":{"line":160,"column":5}},"line":155},"21":{"name":"(anonymous_21)","decl":{"start":{"line":166,"column":2},"end":{"line":166,"column":3}},"loc":{"start":{"line":166,"column":23},"end":{"line":168,"column":3}},"line":166},"22":{"name":"(anonymous_22)","decl":{"start":{"line":170,"column":2},"end":{"line":170,"column":3}},"loc":{"start":{"line":170,"column":31},"end":{"line":173,"column":3}},"line":170},"23":{"name":"(anonymous_23)","decl":{"start":{"line":180,"column":26},"end":{"line":180,"column":27}},"loc":{"start":{"line":180,"column":95},"end":{"line":182,"column":1}},"line":180},"24":{"name":"(anonymous_24)","decl":{"start":{"line":184,"column":29},"end":{"line":184,"column":30}},"loc":{"start":{"line":184,"column":64},"end":{"line":186,"column":1}},"line":184},"25":{"name":"(anonymous_25)","decl":{"start":{"line":188,"column":24},"end":{"line":188,"column":25}},"loc":{"start":{"line":188,"column":76},"end":{"line":190,"column":1}},"line":188},"26":{"name":"(anonymous_26)","decl":{"start":{"line":192,"column":23},"end":{"line":192,"column":24}},"loc":{"start":{"line":192,"column":74},"end":{"line":194,"column":1}},"line":192},"27":{"name":"(anonymous_27)","decl":{"start":{"line":196,"column":33},"end":{"line":196,"column":34}},"loc":{"start":{"line":196,"column":64},"end":{"line":198,"column":1}},"line":196}},"branchMap":{"0":{"loc":{"start":{"line":16,"column":20},"end":{"line":16,"column":79}},"type":"cond-expr","locations":[{"start":{"line":16,"column":63},"end":{"line":16,"column":70}},{"start":{"line":16,"column":73},"end":{"line":16,"column":79}}],"line":16},"1":{"loc":{"start":{"line":40,"column":4},"end":{"line":40,"column":39}},"type":"if","locations":[{"start":{"line":40,"column":4},"end":{"line":40,"column":39}},{"start":{},"end":{}}],"line":40},"2":{"loc":{"start":{"line":46,"column":4},"end":{"line":48,"column":5}},"type":"if","locations":[{"start":{"line":46,"column":4},"end":{"line":48,"column":5}},{"start":{},"end":{}}],"line":46},"3":{"loc":{"start":{"line":51,"column":23},"end":{"line":51,"column":52}},"type":"cond-expr","locations":[{"start":{"line":51,"column":33},"end":{"line":51,"column":47}},{"start":{"line":51,"column":50},"end":{"line":51,"column":52}}],"line":51},"4":{"loc":{"start":{"line":56,"column":4},"end":{"line":69,"column":5}},"type":"switch","locations":[{"start":{"line":57,"column":6},"end":{"line":59,"column":14}},{"start":{"line":60,"column":6},"end":{"line":62,"column":14}},{"start":{"line":63,"column":6},"end":{"line":65,"column":14}},{"start":{"line":66,"column":6},"end":{"line":68,"column":14}}],"line":56},"5":{"loc":{"start":{"line":79,"column":11},"end":{"line":79,"column":32}},"type":"binary-expr","locations":[{"start":{"line":79,"column":11},"end":{"line":79,"column":24}},{"start":{"line":79,"column":28},"end":{"line":79,"column":32}}],"line":79},"6":{"loc":{"start":{"line":103,"column":4},"end":{"line":107,"column":5}},"type":"if","locations":[{"start":{"line":103,"column":4},"end":{"line":107,"column":5}},{"start":{"line":105,"column":11},"end":{"line":107,"column":5}}],"line":103},"7":{"loc":{"start":{"line":103,"column":8},"end":{"line":103,"column":31}},"type":"binary-expr","locations":[{"start":{"line":103,"column":8},"end":{"line":103,"column":14}},{"start":{"line":103,"column":18},"end":{"line":103,"column":31}}],"line":103},"8":{"loc":{"start":{"line":118,"column":54},"end":{"line":118,"column":68}},"type":"default-arg","locations":[{"start":{"line":118,"column":64},"end":{"line":118,"column":68}}],"line":118},"9":{"loc":{"start":{"line":119,"column":41},"end":{"line":119,"column":77}},"type":"cond-expr","locations":[{"start":{"line":119,"column":54},"end":{"line":119,"column":72}},{"start":{"line":119,"column":75},"end":{"line":119,"column":77}}],"line":119},"10":{"loc":{"start":{"line":120,"column":4},"end":{"line":124,"column":5}},"type":"if","locations":[{"start":{"line":120,"column":4},"end":{"line":124,"column":5}},{"start":{"line":122,"column":11},"end":{"line":124,"column":5}}],"line":120},"11":{"loc":{"start":{"line":133,"column":4},"end":{"line":135,"column":5}},"type":"if","locations":[{"start":{"line":133,"column":4},"end":{"line":135,"column":5}},{"start":{},"end":{}}],"line":133},"12":{"loc":{"start":{"line":139,"column":16},"end":{"line":139,"column":26}},"type":"default-arg","locations":[{"start":{"line":139,"column":24},"end":{"line":139,"column":26}}],"line":139},"13":{"loc":{"start":{"line":156,"column":34},"end":{"line":156,"column":63}},"type":"binary-expr","locations":[{"start":{"line":156,"column":34},"end":{"line":156,"column":58}},{"start":{"line":156,"column":62},"end":{"line":156,"column":63}}],"line":156},"14":{"loc":{"start":{"line":157,"column":6},"end":{"line":159,"column":7}},"type":"if","locations":[{"start":{"line":157,"column":6},"end":{"line":159,"column":7}},{"start":{},"end":{}}],"line":157},"15":{"loc":{"start":{"line":158,"column":40},"end":{"line":158,"column":73}},"type":"binary-expr","locations":[{"start":{"line":158,"column":40},"end":{"line":158,"column":68}},{"start":{"line":158,"column":72},"end":{"line":158,"column":73}}],"line":158}},"s":{"0":2,"1":2,"2":2,"3":2,"4":2,"5":166,"6":166,"7":160,"8":166,"9":6,"10":160,"11":160,"12":160,"13":2,"14":160,"15":160,"16":160,"17":160,"18":14,"19":14,"20":124,"21":124,"22":12,"23":12,"24":10,"25":10,"26":160,"27":160,"28":16,"29":128,"30":12,"31":10,"32":6,"33":6,"34":6,"35":2,"36":4,"37":4,"38":4,"39":4,"40":4,"41":2,"42":2,"43":3,"44":40,"45":2,"46":8,"47":38,"48":2,"49":161,"50":2,"51":2,"52":8,"53":8,"54":6,"55":2,"56":2,"57":81,"58":81,"59":2,"60":2,"61":2,"62":2,"63":2,"64":2,"65":2,"66":2,"67":2,"68":2,"69":2},"f":{"0":2,"1":2,"2":166,"3":160,"4":166,"5":160,"6":16,"7":128,"8":12,"9":10,"10":6,"11":4,"12":4,"13":4,"14":3,"15":40,"16":8,"17":2,"18":161,"19":2,"20":8,"21":2,"22":81,"23":2,"24":2,"25":2,"26":2,"27":2},"b":{"0":[0,2],"1":[6,160],"2":[2,158],"3":[119,41],"4":[14,124,12,10],"5":[160,0],"6":[2,4],"7":[6,6],"8":[0],"9":[4,0],"10":[2,2],"11":[2,38],"12":[0],"13":[8,8],"14":[6,2],"15":[6,4]},"_coverageSchema":"1a1c01bbd47fc00a2c39e90264f33305004495a9","hash":"6e7c3e6544d34155baade924a8dc671b3185db75"}
,"/Users/yuyamukai/Eureka/web/frontend/src/utils/toast.ts": {"path":"/Users/yuyamukai/Eureka/web/frontend/src/utils/toast.ts","statementMap":{"0":{"start":{"line":7,"column":37},"end":{"line":15,"column":1}},"1":{"start":{"line":18,"column":27},"end":{"line":20,"column":1}},"2":{"start":{"line":19,"column":2},"end":{"line":19,"column":60}},"3":{"start":{"line":23,"column":25},"end":{"line":25,"column":1}},"4":{"start":{"line":24,"column":2},"end":{"line":24,"column":58}},"5":{"start":{"line":28,"column":24},"end":{"line":30,"column":1}},"6":{"start":{"line":29,"column":2},"end":{"line":29,"column":57}},"7":{"start":{"line":33,"column":27},"end":{"line":35,"column":1}},"8":{"start":{"line":34,"column":2},"end":{"line":34,"column":60}},"9":{"start":{"line":38,"column":25},"end":{"line":47,"column":1}},"10":{"start":{"line":39,"column":24},"end":{"line":44,"column":9}},"11":{"start":{"line":46,"column":2},"end":{"line":46,"column":34}}},"fnMap":{"0":{"name":"(anonymous_0)","decl":{"start":{"line":18,"column":27},"end":{"line":18,"column":28}},"loc":{"start":{"line":18,"column":72},"end":{"line":20,"column":1}},"line":18},"1":{"name":"(anonymous_1)","decl":{"start":{"line":23,"column":25},"end":{"line":23,"column":26}},"loc":{"start":{"line":23,"column":70},"end":{"line":25,"column":1}},"line":23},"2":{"name":"(anonymous_2)","decl":{"start":{"line":28,"column":24},"end":{"line":28,"column":25}},"loc":{"start":{"line":28,"column":69},"end":{"line":30,"column":1}},"line":28},"3":{"name":"(anonymous_3)","decl":{"start":{"line":33,"column":27},"end":{"line":33,"column":28}},"loc":{"start":{"line":33,"column":72},"end":{"line":35,"column":1}},"line":33},"4":{"name":"(anonymous_4)","decl":{"start":{"line":38,"column":25},"end":{"line":38,"column":26}},"loc":{"start":{"line":38,"column":127},"end":{"line":47,"column":1}},"line":38}},"branchMap":{"0":{"loc":{"start":{"line":38,"column":43},"end":{"line":38,"column":98}},"type":"default-arg","locations":[{"start":{"line":38,"column":92},"end":{"line":38,"column":98}}],"line":38}},"s":{"0":2,"1":2,"2":6,"3":2,"4":16,"5":2,"6":4,"7":2,"8":4,"9":2,"10":8,"11":8},"f":{"0":6,"1":16,"2":4,"3":4,"4":8},"b":{"0":[2]},"_coverageSchema":"1a1c01bbd47fc00a2c39e90264f33305004495a9","hash":"b2fb1ac4c8ac52e9962dc299bd18759aadbb2323"}
}
