{"/Users/yuyamukai/Eureka/web/frontend/src/App.tsx": {"path":"/Users/yuyamukai/Eureka/web/frontend/src/App.tsx","statementMap":{"0":{"start":{"line":30,"column":32},"end":{"line":30,"column":58}},"1":{"start":{"line":31,"column":36},"end":{"line":31,"column":51}},"2":{"start":{"line":32,"column":28},"end":{"line":32,"column":57}},"3":{"start":{"line":33,"column":34},"end":{"line":33,"column":71}},"4":{"start":{"line":34,"column":42},"end":{"line":34,"column":61}},"5":{"start":{"line":35,"column":56},"end":{"line":35,"column":71}},"6":{"start":{"line":36,"column":48},"end":{"line":36,"column":80}},"7":{"start":{"line":37,"column":46},"end":{"line":37,"column":75}},"8":{"start":{"line":38,"column":56},"end":{"line":38,"column":71}},"9":{"start":{"line":39,"column":56},"end":{"line":39,"column":78}},"10":{"start":{"line":42,"column":54},"end":{"line":42,"column":94}},"11":{"start":{"line":45,"column":60},"end":{"line":45,"column":75}},"12":{"start":{"line":48,"column":18},"end":{"line":48,"column":46}},"13":{"start":{"line":49,"column":21},"end":{"line":49,"column":49}},"14":{"start":{"line":52,"column":58},"end":{"line":52,"column":73}},"15":{"start":{"line":53,"column":58},"end":{"line":61,"column":17}},"16":{"start":{"line":64,"column":2},"end":{"line":66,"column":9}},"17":{"start":{"line":65,"column":4},"end":{"line":65,"column":20}},"18":{"start":{"line":68,"column":24},"end":{"line":89,"column":3}},"19":{"start":{"line":69,"column":4},"end":{"line":88,"column":5}},"20":{"start":{"line":70,"column":6},"end":{"line":70,"column":51}},"21":{"start":{"line":71,"column":24},"end":{"line":71,"column":60}},"22":{"start":{"line":72,"column":6},"end":{"line":72,"column":35}},"23":{"start":{"line":74,"column":26},"end":{"line":74,"column":59}},"24":{"start":{"line":74,"column":53},"end":{"line":74,"column":57}},"25":{"start":{"line":75,"column":6},"end":{"line":75,"column":38}},"26":{"start":{"line":76,"column":6},"end":{"line":76,"column":70}},"27":{"start":{"line":80,"column":27},"end":{"line":80,"column":64}},"28":{"start":{"line":83,"column":6},"end":{"line":83,"column":28}},"29":{"start":{"line":84,"column":6},"end":{"line":84,"column":36}},"30":{"start":{"line":87,"column":6},"end":{"line":87,"column":88}},"31":{"start":{"line":91,"column":31},"end":{"line":116,"column":3}},"32":{"start":{"line":92,"column":4},"end":{"line":115,"column":5}},"33":{"start":{"line":93,"column":6},"end":{"line":93,"column":55}},"34":{"start":{"line":94,"column":6},"end":{"line":94,"column":55}},"35":{"start":{"line":97,"column":6},"end":{"line":105,"column":7}},"36":{"start":{"line":98,"column":8},"end":{"line":98,"column":30}},"37":{"start":{"line":99,"column":8},"end":{"line":99,"column":54}},"38":{"start":{"line":100,"column":8},"end":{"line":100,"column":58}},"39":{"start":{"line":102,"column":8},"end":{"line":102,"column":69}},"40":{"start":{"line":104,"column":8},"end":{"line":104,"column":90}},"41":{"start":{"line":107,"column":27},"end":{"line":107,"column":65}},"42":{"start":{"line":108,"column":6},"end":{"line":108,"column":57}},"43":{"start":{"line":111,"column":6},"end":{"line":114,"column":7}},"44":{"start":{"line":113,"column":8},"end":{"line":113,"column":87}},"45":{"start":{"line":113,"column":43},"end":{"line":113,"column":85}},"46":{"start":{"line":119,"column":31},"end":{"line":145,"column":3}},"47":{"start":{"line":120,"column":4},"end":{"line":120,"column":54}},"48":{"start":{"line":122,"column":21},"end":{"line":127,"column":5}},"49":{"start":{"line":129,"column":4},"end":{"line":144,"column":5}},"50":{"start":{"line":130,"column":6},"end":{"line":130,"column":92}},"51":{"start":{"line":133,"column":6},"end":{"line":141,"column":7}},"52":{"start":{"line":134,"column":8},"end":{"line":134,"column":30}},"53":{"start":{"line":135,"column":8},"end":{"line":135,"column":53}},"54":{"start":{"line":136,"column":8},"end":{"line":136,"column":68}},"55":{"start":{"line":138,"column":8},"end":{"line":138,"column":69}},"56":{"start":{"line":139,"column":8},"end":{"line":139,"column":89}},"57":{"start":{"line":140,"column":8},"end":{"line":140,"column":68}},"58":{"start":{"line":143,"column":6},"end":{"line":143,"column":71}},"59":{"start":{"line":148,"column":35},"end":{"line":167,"column":3}},"60":{"start":{"line":149,"column":4},"end":{"line":149,"column":38}},"61":{"start":{"line":149,"column":31},"end":{"line":149,"column":38}},"62":{"start":{"line":151,"column":4},"end":{"line":166,"column":5}},"63":{"start":{"line":152,"column":6},"end":{"line":157,"column":8}},"64":{"start":{"line":159,"column":6},"end":{"line":159,"column":80}},"65":{"start":{"line":160,"column":6},"end":{"line":160,"column":37}},"66":{"start":{"line":161,"column":6},"end":{"line":161,"column":36}},"67":{"start":{"line":163,"column":6},"end":{"line":163,"column":47}},"68":{"start":{"line":164,"column":6},"end":{"line":164,"column":37}},"69":{"start":{"line":165,"column":6},"end":{"line":165,"column":36}},"70":{"start":{"line":169,"column":39},"end":{"line":178,"column":3}},"71":{"start":{"line":170,"column":4},"end":{"line":175,"column":5}},"72":{"start":{"line":171,"column":6},"end":{"line":174,"column":9}},"73":{"start":{"line":176,"column":4},"end":{"line":176,"column":35}},"74":{"start":{"line":177,"column":4},"end":{"line":177,"column":34}},"75":{"start":{"line":181,"column":2},"end":{"line":285,"column":9}},"76":{"start":{"line":182,"column":31},"end":{"line":182,"column":35}},"77":{"start":{"line":183,"column":28},"end":{"line":183,"column":29}},"78":{"start":{"line":184,"column":51},"end":{"line":184,"column":55}},"79":{"start":{"line":185,"column":46},"end":{"line":185,"column":50}},"80":{"start":{"line":186,"column":33},"end":{"line":186,"column":34}},"81":{"start":{"line":187,"column":27},"end":{"line":187,"column":31}},"82":{"start":{"line":189,"column":29},"end":{"line":269,"column":5}},"83":{"start":{"line":190,"column":6},"end":{"line":268,"column":7}},"84":{"start":{"line":191,"column":27},"end":{"line":191,"column":81}},"85":{"start":{"line":192,"column":23},"end":{"line":192,"column":47}},"86":{"start":{"line":193,"column":23},"end":{"line":193,"column":62}},"87":{"start":{"line":194,"column":22},"end":{"line":194,"column":70}},"88":{"start":{"line":196,"column":8},"end":{"line":196,"column":64}},"89":{"start":{"line":197,"column":8},"end":{"line":197,"column":85}},"90":{"start":{"line":198,"column":8},"end":{"line":198,"column":34}},"91":{"start":{"line":200,"column":8},"end":{"line":212,"column":10}},"92":{"start":{"line":201,"column":10},"end":{"line":201,"column":41}},"93":{"start":{"line":202,"column":10},"end":{"line":202,"column":45}},"94":{"start":{"line":203,"column":10},"end":{"line":203,"column":32}},"95":{"start":{"line":206,"column":10},"end":{"line":211,"column":20}},"96":{"start":{"line":207,"column":12},"end":{"line":210,"column":13}},"97":{"start":{"line":208,"column":14},"end":{"line":208,"column":30}},"98":{"start":{"line":209,"column":14},"end":{"line":209,"column":45}},"99":{"start":{"line":214,"column":8},"end":{"line":237,"column":10}},"100":{"start":{"line":215,"column":10},"end":{"line":236,"column":11}},"101":{"start":{"line":217,"column":12},"end":{"line":220,"column":13}},"102":{"start":{"line":218,"column":14},"end":{"line":218,"column":49}},"103":{"start":{"line":219,"column":14},"end":{"line":219,"column":21}},"104":{"start":{"line":222,"column":25},"end":{"line":222,"column":47}},"105":{"start":{"line":223,"column":12},"end":{"line":230,"column":13}},"106":{"start":{"line":224,"column":14},"end":{"line":224,"column":32}},"107":{"start":{"line":225,"column":14},"end":{"line":225,"column":103}},"108":{"start":{"line":226,"column":19},"end":{"line":230,"column":13}},"109":{"start":{"line":227,"column":14},"end":{"line":227,"column":83}},"110":{"start":{"line":229,"column":14},"end":{"line":229,"column":57}},"111":{"start":{"line":233,"column":12},"end":{"line":235,"column":13}},"112":{"start":{"line":234,"column":14},"end":{"line":234,"column":79}},"113":{"start":{"line":239,"column":8},"end":{"line":260,"column":10}},"114":{"start":{"line":240,"column":10},"end":{"line":240,"column":88}},"115":{"start":{"line":243,"column":10},"end":{"line":246,"column":11}},"116":{"start":{"line":244,"column":12},"end":{"line":244,"column":40}},"117":{"start":{"line":245,"column":12},"end":{"line":245,"column":32}},"118":{"start":{"line":249,"column":10},"end":{"line":259,"column":11}},"119":{"start":{"line":250,"column":12},"end":{"line":250,"column":32}},"120":{"start":{"line":251,"column":12},"end":{"line":251,"column":50}},"121":{"start":{"line":252,"column":12},"end":{"line":252,"column":112}},"122":{"start":{"line":253,"column":12},"end":{"line":253,"column":77}},"123":{"start":{"line":254,"column":17},"end":{"line":259,"column":11}},"124":{"start":{"line":255,"column":12},"end":{"line":255,"column":50}},"125":{"start":{"line":256,"column":12},"end":{"line":256,"column":77}},"126":{"start":{"line":258,"column":12},"end":{"line":258,"column":50}},"127":{"start":{"line":262,"column":8},"end":{"line":264,"column":10}},"128":{"start":{"line":263,"column":10},"end":{"line":263,"column":38}},"129":{"start":{"line":267,"column":8},"end":{"line":267,"column":36}},"130":{"start":{"line":271,"column":4},"end":{"line":271,"column":23}},"131":{"start":{"line":273,"column":4},"end":{"line":284,"column":6}},"132":{"start":{"line":275,"column":6},"end":{"line":277,"column":7}},"133":{"start":{"line":276,"column":8},"end":{"line":276,"column":40}},"134":{"start":{"line":278,"column":6},"end":{"line":280,"column":7}},"135":{"start":{"line":279,"column":8},"end":{"line":279,"column":36}},"136":{"start":{"line":281,"column":6},"end":{"line":283,"column":7}},"137":{"start":{"line":282,"column":8},"end":{"line":282,"column":47}},"138":{"start":{"line":287,"column":31},"end":{"line":334,"column":3}},"139":{"start":{"line":288,"column":4},"end":{"line":288,"column":30}},"140":{"start":{"line":289,"column":4},"end":{"line":289,"column":68}},"141":{"start":{"line":290,"column":4},"end":{"line":290,"column":23}},"142":{"start":{"line":291,"column":4},"end":{"line":291,"column":19}},"143":{"start":{"line":292,"column":4},"end":{"line":292,"column":19}},"144":{"start":{"line":293,"column":4},"end":{"line":293,"column":22}},"145":{"start":{"line":295,"column":22},"end":{"line":295,"column":32}},"146":{"start":{"line":296,"column":4},"end":{"line":296,"column":107}},"147":{"start":{"line":297,"column":4},"end":{"line":297,"column":47}},"148":{"start":{"line":299,"column":4},"end":{"line":333,"column":5}},"149":{"start":{"line":300,"column":23},"end":{"line":300,"column":94}},"150":{"start":{"line":301,"column":23},"end":{"line":301,"column":45}},"151":{"start":{"line":303,"column":6},"end":{"line":303,"column":75}},"152":{"start":{"line":305,"column":6},"end":{"line":321,"column":7}},"153":{"start":{"line":306,"column":29},"end":{"line":306,"column":63}},"154":{"start":{"line":307,"column":8},"end":{"line":307,"column":71}},"155":{"start":{"line":308,"column":8},"end":{"line":308,"column":48}},"156":{"start":{"line":311,"column":8},"end":{"line":316,"column":9}},"157":{"start":{"line":312,"column":10},"end":{"line":312,"column":85}},"158":{"start":{"line":313,"column":10},"end":{"line":313,"column":79}},"159":{"start":{"line":315,"column":10},"end":{"line":315,"column":90}},"160":{"start":{"line":318,"column":29},"end":{"line":318,"column":80}},"161":{"start":{"line":319,"column":8},"end":{"line":319,"column":31}},"162":{"start":{"line":320,"column":8},"end":{"line":320,"column":65}},"163":{"start":{"line":323,"column":23},"end":{"line":323,"column":45}},"164":{"start":{"line":324,"column":27},"end":{"line":324,"column":57}},"165":{"start":{"line":326,"column":6},"end":{"line":326,"column":80}},"166":{"start":{"line":327,"column":6},"end":{"line":327,"column":72}},"167":{"start":{"line":329,"column":6},"end":{"line":329,"column":37}},"168":{"start":{"line":331,"column":6},"end":{"line":331,"column":26}},"169":{"start":{"line":332,"column":6},"end":{"line":332,"column":24}},"170":{"start":{"line":336,"column":22},"end":{"line":341,"column":3}},"171":{"start":{"line":337,"column":4},"end":{"line":340,"column":5}},"172":{"start":{"line":338,"column":6},"end":{"line":338,"column":45}},"173":{"start":{"line":339,"column":6},"end":{"line":339,"column":41}},"174":{"start":{"line":344,"column":40},"end":{"line":439,"column":3}},"175":{"start":{"line":348,"column":21},"end":{"line":348,"column":51}},"176":{"start":{"line":355,"column":27},"end":{"line":355,"column":92}},"177":{"start":{"line":356,"column":8},"end":{"line":356,"column":28}},"178":{"start":{"line":357,"column":8},"end":{"line":357,"column":64}},"179":{"start":{"line":365,"column":29},"end":{"line":365,"column":97}},"180":{"start":{"line":366,"column":8},"end":{"line":368,"column":9}},"181":{"start":{"line":367,"column":10},"end":{"line":367,"column":31}},"182":{"start":{"line":375,"column":21},"end":{"line":375,"column":49}},"183":{"start":{"line":382,"column":8},"end":{"line":384,"column":70}},"184":{"start":{"line":382,"column":35},"end":{"line":382,"column":67}},"185":{"start":{"line":383,"column":13},"end":{"line":384,"column":70}},"186":{"start":{"line":383,"column":38},"end":{"line":383,"column":68}},"187":{"start":{"line":384,"column":13},"end":{"line":384,"column":70}},"188":{"start":{"line":384,"column":39},"end":{"line":384,"column":70}},"189":{"start":{"line":399,"column":36},"end":{"line":399,"column":109}},"190":{"start":{"line":400,"column":8},"end":{"line":400,"column":37}},"191":{"start":{"line":409,"column":37},"end":{"line":409,"column":110}},"192":{"start":{"line":410,"column":8},"end":{"line":410,"column":38}},"193":{"start":{"line":419,"column":36},"end":{"line":419,"column":109}},"194":{"start":{"line":420,"column":8},"end":{"line":420,"column":37}},"195":{"start":{"line":428,"column":8},"end":{"line":428,"column":67}},"196":{"start":{"line":436,"column":8},"end":{"line":436,"column":64}},"197":{"start":{"line":442,"column":26},"end":{"line":442,"column":57}},"198":{"start":{"line":444,"column":2},"end":{"line":685,"column":4}},"199":{"start":{"line":494,"column":33},"end":{"line":494,"column":63}},"200":{"start":{"line":508,"column":33},"end":{"line":508,"column":61}},"201":{"start":{"line":537,"column":43},"end":{"line":537,"column":71}},"202":{"start":{"line":596,"column":16},"end":{"line":645,"column":17}},"203":{"start":{"line":598,"column":35},"end":{"line":598,"column":70}},"204":{"start":{"line":599,"column":43},"end":{"line":602,"column":19}},"205":{"start":{"line":600,"column":20},"end":{"line":601,"column":84}},"206":{"start":{"line":604,"column":18},"end":{"line":642,"column":19}},"207":{"start":{"line":606,"column":20},"end":{"line":606,"column":108}},"208":{"start":{"line":607,"column":20},"end":{"line":607,"column":68}},"209":{"start":{"line":610,"column":42},"end":{"line":610,"column":74}},"210":{"start":{"line":611,"column":48},"end":{"line":611,"column":102}},"211":{"start":{"line":613,"column":20},"end":{"line":613,"column":118}},"212":{"start":{"line":615,"column":20},"end":{"line":641,"column":21}},"213":{"start":{"line":617,"column":42},"end":{"line":617,"column":77}},"214":{"start":{"line":618,"column":45},"end":{"line":618,"column":113}},"215":{"start":{"line":620,"column":22},"end":{"line":635,"column":23}},"216":{"start":{"line":622,"column":24},"end":{"line":630,"column":27}},"217":{"start":{"line":631,"column":24},"end":{"line":631,"column":54}},"218":{"start":{"line":634,"column":24},"end":{"line":634,"column":102}},"219":{"start":{"line":638,"column":22},"end":{"line":638,"column":126}},"220":{"start":{"line":639,"column":22},"end":{"line":639,"column":93}},"221":{"start":{"line":640,"column":22},"end":{"line":640,"column":100}},"222":{"start":{"line":644,"column":18},"end":{"line":644,"column":65}},"223":{"start":{"line":656,"column":23},"end":{"line":656,"column":52}},"224":{"start":{"line":678,"column":23},"end":{"line":678,"column":54}}},"fnMap":{"0":{"name":"App","decl":{"start":{"line":29,"column":9},"end":{"line":29,"column":12}},"loc":{"start":{"line":29,"column":15},"end":{"line":686,"column":1}},"line":29},"1":{"name":"(anonymous_1)","decl":{"start":{"line":64,"column":12},"end":{"line":64,"column":13}},"loc":{"start":{"line":64,"column":18},"end":{"line":66,"column":3}},"line":64},"2":{"name":"(anonymous_2)","decl":{"start":{"line":68,"column":24},"end":{"line":68,"column":25}},"loc":{"start":{"line":68,"column":36},"end":{"line":89,"column":3}},"line":68},"3":{"name":"(anonymous_3)","decl":{"start":{"line":74,"column":48},"end":{"line":74,"column":49}},"loc":{"start":{"line":74,"column":53},"end":{"line":74,"column":57}},"line":74},"4":{"name":"(anonymous_4)","decl":{"start":{"line":91,"column":31},"end":{"line":91,"column":32}},"loc":{"start":{"line":91,"column":61},"end":{"line":116,"column":3}},"line":91},"5":{"name":"(anonymous_5)","decl":{"start":{"line":113,"column":36},"end":{"line":113,"column":37}},"loc":{"start":{"line":113,"column":43},"end":{"line":113,"column":85}},"line":113},"6":{"name":"(anonymous_6)","decl":{"start":{"line":119,"column":31},"end":{"line":119,"column":32}},"loc":{"start":{"line":119,"column":117},"end":{"line":145,"column":3}},"line":119},"7":{"name":"(anonymous_7)","decl":{"start":{"line":148,"column":35},"end":{"line":148,"column":36}},"loc":{"start":{"line":148,"column":47},"end":{"line":167,"column":3}},"line":148},"8":{"name":"(anonymous_8)","decl":{"start":{"line":169,"column":39},"end":{"line":169,"column":40}},"loc":{"start":{"line":169,"column":45},"end":{"line":178,"column":3}},"line":169},"9":{"name":"(anonymous_9)","decl":{"start":{"line":181,"column":12},"end":{"line":181,"column":13}},"loc":{"start":{"line":181,"column":18},"end":{"line":285,"column":3}},"line":181},"10":{"name":"(anonymous_10)","decl":{"start":{"line":189,"column":29},"end":{"line":189,"column":30}},"loc":{"start":{"line":189,"column":35},"end":{"line":269,"column":5}},"line":189},"11":{"name":"(anonymous_11)","decl":{"start":{"line":200,"column":20},"end":{"line":200,"column":21}},"loc":{"start":{"line":200,"column":26},"end":{"line":212,"column":9}},"line":200},"12":{"name":"(anonymous_12)","decl":{"start":{"line":206,"column":37},"end":{"line":206,"column":38}},"loc":{"start":{"line":206,"column":43},"end":{"line":211,"column":11}},"line":206},"13":{"name":"(anonymous_13)","decl":{"start":{"line":214,"column":23},"end":{"line":214,"column":24}},"loc":{"start":{"line":214,"column":34},"end":{"line":237,"column":9}},"line":214},"14":{"name":"(anonymous_14)","decl":{"start":{"line":239,"column":21},"end":{"line":239,"column":22}},"loc":{"start":{"line":239,"column":32},"end":{"line":260,"column":9}},"line":239},"15":{"name":"(anonymous_15)","decl":{"start":{"line":262,"column":21},"end":{"line":262,"column":22}},"loc":{"start":{"line":262,"column":32},"end":{"line":264,"column":9}},"line":262},"16":{"name":"(anonymous_16)","decl":{"start":{"line":273,"column":11},"end":{"line":273,"column":12}},"loc":{"start":{"line":273,"column":17},"end":{"line":284,"column":5}},"line":273},"17":{"name":"(anonymous_17)","decl":{"start":{"line":287,"column":31},"end":{"line":287,"column":32}},"loc":{"start":{"line":287,"column":56},"end":{"line":334,"column":3}},"line":287},"18":{"name":"(anonymous_18)","decl":{"start":{"line":336,"column":22},"end":{"line":336,"column":23}},"loc":{"start":{"line":336,"column":28},"end":{"line":341,"column":3}},"line":336},"19":{"name":"(anonymous_19)","decl":{"start":{"line":348,"column":15},"end":{"line":348,"column":16}},"loc":{"start":{"line":348,"column":21},"end":{"line":348,"column":51}},"line":348},"20":{"name":"(anonymous_20)","decl":{"start":{"line":354,"column":15},"end":{"line":354,"column":16}},"loc":{"start":{"line":354,"column":21},"end":{"line":358,"column":7}},"line":354},"21":{"name":"(anonymous_21)","decl":{"start":{"line":364,"column":15},"end":{"line":364,"column":16}},"loc":{"start":{"line":364,"column":21},"end":{"line":369,"column":7}},"line":364},"22":{"name":"(anonymous_22)","decl":{"start":{"line":375,"column":15},"end":{"line":375,"column":16}},"loc":{"start":{"line":375,"column":21},"end":{"line":375,"column":49}},"line":375},"23":{"name":"(anonymous_23)","decl":{"start":{"line":381,"column":15},"end":{"line":381,"column":16}},"loc":{"start":{"line":381,"column":21},"end":{"line":385,"column":7}},"line":381},"24":{"name":"(anonymous_24)","decl":{"start":{"line":398,"column":15},"end":{"line":398,"column":16}},"loc":{"start":{"line":398,"column":21},"end":{"line":401,"column":7}},"line":398},"25":{"name":"(anonymous_25)","decl":{"start":{"line":408,"column":15},"end":{"line":408,"column":16}},"loc":{"start":{"line":408,"column":21},"end":{"line":411,"column":7}},"line":408},"26":{"name":"(anonymous_26)","decl":{"start":{"line":418,"column":15},"end":{"line":418,"column":16}},"loc":{"start":{"line":418,"column":21},"end":{"line":421,"column":7}},"line":418},"27":{"name":"(anonymous_27)","decl":{"start":{"line":427,"column":15},"end":{"line":427,"column":16}},"loc":{"start":{"line":427,"column":21},"end":{"line":429,"column":7}},"line":427},"28":{"name":"(anonymous_28)","decl":{"start":{"line":435,"column":15},"end":{"line":435,"column":16}},"loc":{"start":{"line":435,"column":21},"end":{"line":437,"column":7}},"line":435},"29":{"name":"(anonymous_29)","decl":{"start":{"line":494,"column":27},"end":{"line":494,"column":28}},"loc":{"start":{"line":494,"column":33},"end":{"line":494,"column":63}},"line":494},"30":{"name":"(anonymous_30)","decl":{"start":{"line":508,"column":27},"end":{"line":508,"column":28}},"loc":{"start":{"line":508,"column":33},"end":{"line":508,"column":61}},"line":508},"31":{"name":"(anonymous_31)","decl":{"start":{"line":537,"column":37},"end":{"line":537,"column":38}},"loc":{"start":{"line":537,"column":43},"end":{"line":537,"column":71}},"line":537},"32":{"name":"(anonymous_32)","decl":{"start":{"line":595,"column":32},"end":{"line":595,"column":33}},"loc":{"start":{"line":595,"column":77},"end":{"line":646,"column":15}},"line":595},"33":{"name":"(anonymous_33)","decl":{"start":{"line":599,"column":63},"end":{"line":599,"column":64}},"loc":{"start":{"line":600,"column":20},"end":{"line":601,"column":84}},"line":600},"34":{"name":"(anonymous_34)","decl":{"start":{"line":656,"column":17},"end":{"line":656,"column":18}},"loc":{"start":{"line":656,"column":23},"end":{"line":656,"column":52}},"line":656},"35":{"name":"(anonymous_35)","decl":{"start":{"line":678,"column":17},"end":{"line":678,"column":18}},"loc":{"start":{"line":678,"column":23},"end":{"line":678,"column":54}},"line":678}},"branchMap":{"0":{"loc":{"start":{"line":111,"column":6},"end":{"line":114,"column":7}},"type":"if","locations":[{"start":{"line":111,"column":6},"end":{"line":114,"column":7}},{"start":{},"end":{}}],"line":111},"1":{"loc":{"start":{"line":129,"column":4},"end":{"line":144,"column":5}},"type":"if","locations":[{"start":{"line":129,"column":4},"end":{"line":144,"column":5}},{"start":{"line":142,"column":11},"end":{"line":144,"column":5}}],"line":129},"2":{"loc":{"start":{"line":129,"column":8},"end":{"line":129,"column":57}},"type":"binary-expr","locations":[{"start":{"line":129,"column":8},"end":{"line":129,"column":33}},{"start":{"line":129,"column":37},"end":{"line":129,"column":57}}],"line":129},"3":{"loc":{"start":{"line":143,"column":22},"end":{"line":143,"column":69}},"type":"binary-expr","locations":[{"start":{"line":143,"column":22},"end":{"line":143,"column":38}},{"start":{"line":143,"column":42},"end":{"line":143,"column":69}}],"line":143},"4":{"loc":{"start":{"line":149,"column":4},"end":{"line":149,"column":38}},"type":"if","locations":[{"start":{"line":149,"column":4},"end":{"line":149,"column":38}},{"start":{},"end":{}}],"line":149},"5":{"loc":{"start":{"line":170,"column":4},"end":{"line":175,"column":5}},"type":"if","locations":[{"start":{"line":170,"column":4},"end":{"line":175,"column":5}},{"start":{},"end":{}}],"line":170},"6":{"loc":{"start":{"line":191,"column":27},"end":{"line":191,"column":81}},"type":"cond-expr","locations":[{"start":{"line":191,"column":67},"end":{"line":191,"column":73}},{"start":{"line":191,"column":76},"end":{"line":191,"column":81}}],"line":191},"7":{"loc":{"start":{"line":193,"column":23},"end":{"line":193,"column":62}},"type":"binary-expr","locations":[{"start":{"line":193,"column":23},"end":{"line":193,"column":52}},{"start":{"line":193,"column":56},"end":{"line":193,"column":62}}],"line":193},"8":{"loc":{"start":{"line":197,"column":30},"end":{"line":197,"column":83}},"type":"cond-expr","locations":[{"start":{"line":197,"column":54},"end":{"line":197,"column":68}},{"start":{"line":197,"column":71},"end":{"line":197,"column":83}}],"line":197},"9":{"loc":{"start":{"line":207,"column":12},"end":{"line":210,"column":13}},"type":"if","locations":[{"start":{"line":207,"column":12},"end":{"line":210,"column":13}},{"start":{},"end":{}}],"line":207},"10":{"loc":{"start":{"line":207,"column":16},"end":{"line":207,"column":54}},"type":"binary-expr","locations":[{"start":{"line":207,"column":16},"end":{"line":207,"column":18}},{"start":{"line":207,"column":22},"end":{"line":207,"column":54}}],"line":207},"11":{"loc":{"start":{"line":217,"column":12},"end":{"line":220,"column":13}},"type":"if","locations":[{"start":{"line":217,"column":12},"end":{"line":220,"column":13}},{"start":{},"end":{}}],"line":217},"12":{"loc":{"start":{"line":223,"column":12},"end":{"line":230,"column":13}},"type":"if","locations":[{"start":{"line":223,"column":12},"end":{"line":230,"column":13}},{"start":{"line":226,"column":19},"end":{"line":230,"column":13}}],"line":223},"13":{"loc":{"start":{"line":226,"column":19},"end":{"line":230,"column":13}},"type":"if","locations":[{"start":{"line":226,"column":19},"end":{"line":230,"column":13}},{"start":{"line":228,"column":19},"end":{"line":230,"column":13}}],"line":226},"14":{"loc":{"start":{"line":233,"column":12},"end":{"line":235,"column":13}},"type":"if","locations":[{"start":{"line":233,"column":12},"end":{"line":235,"column":13}},{"start":{},"end":{}}],"line":233},"15":{"loc":{"start":{"line":243,"column":10},"end":{"line":246,"column":11}},"type":"if","locations":[{"start":{"line":243,"column":10},"end":{"line":246,"column":11}},{"start":{},"end":{}}],"line":243},"16":{"loc":{"start":{"line":249,"column":10},"end":{"line":259,"column":11}},"type":"if","locations":[{"start":{"line":249,"column":10},"end":{"line":259,"column":11}},{"start":{"line":254,"column":17},"end":{"line":259,"column":11}}],"line":249},"17":{"loc":{"start":{"line":249,"column":14},"end":{"line":249,"column":77}},"type":"binary-expr","locations":[{"start":{"line":249,"column":14},"end":{"line":249,"column":33}},{"start":{"line":249,"column":37},"end":{"line":249,"column":77}}],"line":249},"18":{"loc":{"start":{"line":254,"column":17},"end":{"line":259,"column":11}},"type":"if","locations":[{"start":{"line":254,"column":17},"end":{"line":259,"column":11}},{"start":{"line":257,"column":17},"end":{"line":259,"column":11}}],"line":254},"19":{"loc":{"start":{"line":275,"column":6},"end":{"line":277,"column":7}},"type":"if","locations":[{"start":{"line":275,"column":6},"end":{"line":277,"column":7}},{"start":{},"end":{}}],"line":275},"20":{"loc":{"start":{"line":278,"column":6},"end":{"line":280,"column":7}},"type":"if","locations":[{"start":{"line":278,"column":6},"end":{"line":280,"column":7}},{"start":{},"end":{}}],"line":278},"21":{"loc":{"start":{"line":281,"column":6},"end":{"line":283,"column":7}},"type":"if","locations":[{"start":{"line":281,"column":6},"end":{"line":283,"column":7}},{"start":{},"end":{}}],"line":281},"22":{"loc":{"start":{"line":289,"column":27},"end":{"line":289,"column":66}},"type":"binary-expr","locations":[{"start":{"line":289,"column":27},"end":{"line":289,"column":57}},{"start":{"line":289,"column":61},"end":{"line":289,"column":66}}],"line":289},"23":{"loc":{"start":{"line":305,"column":6},"end":{"line":321,"column":7}},"type":"if","locations":[{"start":{"line":305,"column":6},"end":{"line":321,"column":7}},{"start":{"line":317,"column":13},"end":{"line":321,"column":7}}],"line":305},"24":{"loc":{"start":{"line":306,"column":29},"end":{"line":306,"column":63}},"type":"binary-expr","locations":[{"start":{"line":306,"column":29},"end":{"line":306,"column":58}},{"start":{"line":306,"column":62},"end":{"line":306,"column":63}}],"line":306},"25":{"loc":{"start":{"line":308,"column":19},"end":{"line":308,"column":46}},"type":"binary-expr","locations":[{"start":{"line":308,"column":19},"end":{"line":308,"column":40}},{"start":{"line":308,"column":44},"end":{"line":308,"column":46}}],"line":308},"26":{"loc":{"start":{"line":311,"column":8},"end":{"line":316,"column":9}},"type":"if","locations":[{"start":{"line":311,"column":8},"end":{"line":316,"column":9}},{"start":{"line":314,"column":15},"end":{"line":316,"column":9}}],"line":311},"27":{"loc":{"start":{"line":311,"column":12},"end":{"line":311,"column":72}},"type":"binary-expr","locations":[{"start":{"line":311,"column":12},"end":{"line":311,"column":34}},{"start":{"line":311,"column":38},"end":{"line":311,"column":72}}],"line":311},"28":{"loc":{"start":{"line":318,"column":29},"end":{"line":318,"column":80}},"type":"binary-expr","locations":[{"start":{"line":318,"column":29},"end":{"line":318,"column":50}},{"start":{"line":318,"column":54},"end":{"line":318,"column":80}}],"line":318},"29":{"loc":{"start":{"line":337,"column":4},"end":{"line":340,"column":5}},"type":"if","locations":[{"start":{"line":337,"column":4},"end":{"line":340,"column":5}},{"start":{},"end":{}}],"line":337},"30":{"loc":{"start":{"line":366,"column":8},"end":{"line":368,"column":9}},"type":"if","locations":[{"start":{"line":366,"column":8},"end":{"line":368,"column":9}},{"start":{},"end":{}}],"line":366},"31":{"loc":{"start":{"line":366,"column":12},"end":{"line":366,"column":50}},"type":"binary-expr","locations":[{"start":{"line":366,"column":12},"end":{"line":366,"column":24}},{"start":{"line":366,"column":28},"end":{"line":366,"column":50}}],"line":366},"32":{"loc":{"start":{"line":382,"column":8},"end":{"line":384,"column":70}},"type":"if","locations":[{"start":{"line":382,"column":8},"end":{"line":384,"column":70}},{"start":{"line":383,"column":13},"end":{"line":384,"column":70}}],"line":382},"33":{"loc":{"start":{"line":383,"column":13},"end":{"line":384,"column":70}},"type":"if","locations":[{"start":{"line":383,"column":13},"end":{"line":384,"column":70}},{"start":{"line":384,"column":13},"end":{"line":384,"column":70}}],"line":383},"34":{"loc":{"start":{"line":384,"column":13},"end":{"line":384,"column":70}},"type":"if","locations":[{"start":{"line":384,"column":13},"end":{"line":384,"column":70}},{"start":{},"end":{}}],"line":384},"35":{"loc":{"start":{"line":392,"column":15},"end":{"line":392,"column":43}},"type":"binary-expr","locations":[{"start":{"line":392,"column":15},"end":{"line":392,"column":29}},{"start":{"line":392,"column":33},"end":{"line":392,"column":43}}],"line":392},"36":{"loc":{"start":{"line":464,"column":22},"end":{"line":470,"column":55}},"type":"cond-expr","locations":[{"start":{"line":465,"column":26},"end":{"line":465,"column":55}},{"start":{"line":466,"column":26},"end":{"line":470,"column":55}}],"line":464},"37":{"loc":{"start":{"line":466,"column":26},"end":{"line":470,"column":55}},"type":"cond-expr","locations":[{"start":{"line":467,"column":28},"end":{"line":467,"column":59}},{"start":{"line":468,"column":28},"end":{"line":470,"column":55}}],"line":466},"38":{"loc":{"start":{"line":468,"column":28},"end":{"line":470,"column":55}},"type":"cond-expr","locations":[{"start":{"line":469,"column":30},"end":{"line":469,"column":61}},{"start":{"line":470,"column":30},"end":{"line":470,"column":55}}],"line":468},"39":{"loc":{"start":{"line":473,"column":24},"end":{"line":479,"column":44}},"type":"cond-expr","locations":[{"start":{"line":474,"column":28},"end":{"line":474,"column":42}},{"start":{"line":475,"column":28},"end":{"line":479,"column":44}}],"line":473},"40":{"loc":{"start":{"line":475,"column":28},"end":{"line":479,"column":44}},"type":"cond-expr","locations":[{"start":{"line":476,"column":30},"end":{"line":476,"column":59}},{"start":{"line":477,"column":30},"end":{"line":479,"column":44}}],"line":475},"41":{"loc":{"start":{"line":477,"column":30},"end":{"line":479,"column":44}},"type":"cond-expr","locations":[{"start":{"line":478,"column":32},"end":{"line":478,"column":61}},{"start":{"line":479,"column":32},"end":{"line":479,"column":44}}],"line":477},"42":{"loc":{"start":{"line":482,"column":25},"end":{"line":482,"column":74}},"type":"binary-expr","locations":[{"start":{"line":482,"column":25},"end":{"line":482,"column":59}},{"start":{"line":482,"column":63},"end":{"line":482,"column":74}}],"line":482},"43":{"loc":{"start":{"line":483,"column":25},"end":{"line":483,"column":79}},"type":"binary-expr","locations":[{"start":{"line":483,"column":25},"end":{"line":483,"column":60}},{"start":{"line":483,"column":64},"end":{"line":483,"column":79}}],"line":483},"44":{"loc":{"start":{"line":484,"column":25},"end":{"line":484,"column":83}},"type":"binary-expr","locations":[{"start":{"line":484,"column":25},"end":{"line":484,"column":62}},{"start":{"line":484,"column":66},"end":{"line":484,"column":83}}],"line":484},"45":{"loc":{"start":{"line":485,"column":25},"end":{"line":485,"column":80}},"type":"binary-expr","locations":[{"start":{"line":485,"column":25},"end":{"line":485,"column":62}},{"start":{"line":485,"column":66},"end":{"line":485,"column":80}}],"line":485},"46":{"loc":{"start":{"line":516,"column":19},"end":{"line":520,"column":19}},"type":"binary-expr","locations":[{"start":{"line":516,"column":19},"end":{"line":516,"column":44}},{"start":{"line":517,"column":20},"end":{"line":519,"column":27}}],"line":516},"47":{"loc":{"start":{"line":543,"column":13},"end":{"line":548,"column":13}},"type":"binary-expr","locations":[{"start":{"line":543,"column":14},"end":{"line":543,"column":23}},{"start":{"line":543,"column":27},"end":{"line":543,"column":35}},{"start":{"line":544,"column":14},"end":{"line":547,"column":16}}],"line":543},"48":{"loc":{"start":{"line":551,"column":13},"end":{"line":584,"column":13}},"type":"binary-expr","locations":[{"start":{"line":551,"column":13},"end":{"line":551,"column":18}},{"start":{"line":552,"column":14},"end":{"line":583,"column":20}}],"line":551},"49":{"loc":{"start":{"line":566,"column":21},"end":{"line":580,"column":21}},"type":"binary-expr","locations":[{"start":{"line":566,"column":21},"end":{"line":566,"column":33}},{"start":{"line":567,"column":22},"end":{"line":579,"column":28}}],"line":566},"50":{"loc":{"start":{"line":577,"column":27},"end":{"line":577,"column":66}},"type":"cond-expr","locations":[{"start":{"line":577,"column":39},"end":{"line":577,"column":52}},{"start":{"line":577,"column":55},"end":{"line":577,"column":66}}],"line":577},"51":{"loc":{"start":{"line":592,"column":21},"end":{"line":592,"column":46}},"type":"binary-expr","locations":[{"start":{"line":592,"column":21},"end":{"line":592,"column":40}},{"start":{"line":592,"column":44},"end":{"line":592,"column":46}}],"line":592},"52":{"loc":{"start":{"line":593,"column":27},"end":{"line":593,"column":58}},"type":"binary-expr","locations":[{"start":{"line":593,"column":27},"end":{"line":593,"column":52}},{"start":{"line":593,"column":56},"end":{"line":593,"column":58}}],"line":593},"53":{"loc":{"start":{"line":598,"column":35},"end":{"line":598,"column":70}},"type":"binary-expr","locations":[{"start":{"line":598,"column":35},"end":{"line":598,"column":55}},{"start":{"line":598,"column":59},"end":{"line":598,"column":70}}],"line":598},"54":{"loc":{"start":{"line":600,"column":20},"end":{"line":601,"column":84}},"type":"binary-expr","locations":[{"start":{"line":600,"column":20},"end":{"line":600,"column":49}},{"start":{"line":601,"column":21},"end":{"line":601,"column":41}},{"start":{"line":601,"column":45},"end":{"line":601,"column":83}}],"line":600},"55":{"loc":{"start":{"line":604,"column":18},"end":{"line":642,"column":19}},"type":"if","locations":[{"start":{"line":604,"column":18},"end":{"line":642,"column":19}},{"start":{"line":608,"column":25},"end":{"line":642,"column":19}}],"line":604},"56":{"loc":{"start":{"line":610,"column":42},"end":{"line":610,"column":74}},"type":"binary-expr","locations":[{"start":{"line":610,"column":42},"end":{"line":610,"column":61}},{"start":{"line":610,"column":65},"end":{"line":610,"column":74}}],"line":610},"57":{"loc":{"start":{"line":611,"column":48},"end":{"line":611,"column":102}},"type":"binary-expr","locations":[{"start":{"line":611,"column":48},"end":{"line":611,"column":73}},{"start":{"line":611,"column":77},"end":{"line":611,"column":102}}],"line":611},"58":{"loc":{"start":{"line":617,"column":42},"end":{"line":617,"column":77}},"type":"binary-expr","locations":[{"start":{"line":617,"column":42},"end":{"line":617,"column":62}},{"start":{"line":617,"column":66},"end":{"line":617,"column":77}}],"line":617},"59":{"loc":{"start":{"line":620,"column":22},"end":{"line":635,"column":23}},"type":"if","locations":[{"start":{"line":620,"column":22},"end":{"line":635,"column":23}},{"start":{"line":632,"column":29},"end":{"line":635,"column":23}}],"line":620},"60":{"loc":{"start":{"line":620,"column":26},"end":{"line":620,"column":100}},"type":"binary-expr","locations":[{"start":{"line":620,"column":26},"end":{"line":620,"column":55}},{"start":{"line":620,"column":59},"end":{"line":620,"column":100}}],"line":620},"61":{"loc":{"start":{"line":669,"column":26},"end":{"line":669,"column":70}},"type":"binary-expr","locations":[{"start":{"line":669,"column":26},"end":{"line":669,"column":64}},{"start":{"line":669,"column":68},"end":{"line":669,"column":70}}],"line":669},"62":{"loc":{"start":{"line":670,"column":24},"end":{"line":670,"column":71}},"type":"binary-expr","locations":[{"start":{"line":670,"column":24},"end":{"line":670,"column":60}},{"start":{"line":670,"column":64},"end":{"line":670,"column":71}}],"line":670},"63":{"loc":{"start":{"line":671,"column":17},"end":{"line":671,"column":52}},"type":"binary-expr","locations":[{"start":{"line":671,"column":17},"end":{"line":671,"column":46}},{"start":{"line":671,"column":50},"end":{"line":671,"column":52}}],"line":671},"64":{"loc":{"start":{"line":672,"column":18},"end":{"line":672,"column":125}},"type":"cond-expr","locations":[{"start":{"line":672,"column":42},"end":{"line":672,"column":119}},{"start":{"line":672,"column":123},"end":{"line":672,"column":125}}],"line":672},"65":{"loc":{"start":{"line":672,"column":42},"end":{"line":672,"column":119}},"type":"binary-expr","locations":[{"start":{"line":672,"column":42},"end":{"line":672,"column":83}},{"start":{"line":672,"column":87},"end":{"line":672,"column":119}}],"line":672}},"s":{"0":0,"1":0,"2":0,"3":0,"4":0,"5":0,"6":0,"7":0,"8":0,"9":0,"10":0,"11":0,"12":0,"13":0,"14":0,"15":0,"16":0,"17":0,"18":0,"19":0,"20":0,"21":0,"22":0,"23":0,"24":0,"25":0,"26":0,"27":0,"28":0,"29":0,"30":0,"31":0,"32":0,"33":0,"34":0,"35":0,"36":0,"37":0,"38":0,"39":0,"40":0,"41":0,"42":0,"43":0,"44":0,"45":0,"46":0,"47":0,"48":0,"49":0,"50":0,"51":0,"52":0,"53":0,"54":0,"55":0,"56":0,"57":0,"58":0,"59":0,"60":0,"61":0,"62":0,"63":0,"64":0,"65":0,"66":0,"67":0,"68":0,"69":0,"70":0,"71":0,"72":0,"73":0,"74":0,"75":0,"76":0,"77":0,"78":0,"79":0,"80":0,"81":0,"82":0,"83":0,"84":0,"85":0,"86":0,"87":0,"88":0,"89":0,"90":0,"91":0,"92":0,"93":0,"94":0,"95":0,"96":0,"97":0,"98":0,"99":0,"100":0,"101":0,"102":0,"103":0,"104":0,"105":0,"106":0,"107":0,"108":0,"109":0,"110":0,"111":0,"112":0,"113":0,"114":0,"115":0,"116":0,"117":0,"118":0,"119":0,"120":0,"121":0,"122":0,"123":0,"124":0,"125":0,"126":0,"127":0,"128":0,"129":0,"130":0,"131":0,"132":0,"133":0,"134":0,"135":0,"136":0,"137":0,"138":0,"139":0,"140":0,"141":0,"142":0,"143":0,"144":0,"145":0,"146":0,"147":0,"148":0,"149":0,"150":0,"151":0,"152":0,"153":0,"154":0,"155":0,"156":0,"157":0,"158":0,"159":0,"160":0,"161":0,"162":0,"163":0,"164":0,"165":0,"166":0,"167":0,"168":0,"169":0,"170":0,"171":0,"172":0,"173":0,"174":0,"175":0,"176":0,"177":0,"178":0,"179":0,"180":0,"181":0,"182":0,"183":0,"184":0,"185":0,"186":0,"187":0,"188":0,"189":0,"190":0,"191":0,"192":0,"193":0,"194":0,"195":0,"196":0,"197":0,"198":0,"199":0,"200":0,"201":0,"202":0,"203":0,"204":0,"205":0,"206":0,"207":0,"208":0,"209":0,"210":0,"211":0,"212":0,"213":0,"214":0,"215":0,"216":0,"217":0,"218":0,"219":0,"220":0,"221":0,"222":0,"223":0,"224":0},"f":{"0":0,"1":0,"2":0,"3":0,"4":0,"5":0,"6":0,"7":0,"8":0,"9":0,"10":0,"11":0,"12":0,"13":0,"14":0,"15":0,"16":0,"17":0,"18":0,"19":0,"20":0,"21":0,"22":0,"23":0,"24":0,"25":0,"26":0,"27":0,"28":0,"29":0,"30":0,"31":0,"32":0,"33":0,"34":0,"35":0},"b":{"0":[0,0],"1":[0,0],"2":[0,0],"3":[0,0],"4":[0,0],"5":[0,0],"6":[0,0],"7":[0,0],"8":[0,0],"9":[0,0],"10":[0,0],"11":[0,0],"12":[0,0],"13":[0,0],"14":[0,0],"15":[0,0],"16":[0,0],"17":[0,0],"18":[0,0],"19":[0,0],"20":[0,0],"21":[0,0],"22":[0,0],"23":[0,0],"24":[0,0],"25":[0,0],"26":[0,0],"27":[0,0],"28":[0,0],"29":[0,0],"30":[0,0],"31":[0,0],"32":[0,0],"33":[0,0],"34":[0,0],"35":[0,0],"36":[0,0],"37":[0,0],"38":[0,0],"39":[0,0],"40":[0,0],"41":[0,0],"42":[0,0],"43":[0,0],"44":[0,0],"45":[0,0],"46":[0,0],"47":[0,0,0],"48":[0,0],"49":[0,0],"50":[0,0],"51":[0,0],"52":[0,0],"53":[0,0],"54":[0,0,0],"55":[0,0],"56":[0,0],"57":[0,0],"58":[0,0],"59":[0,0],"60":[0,0],"61":[0,0],"62":[0,0],"63":[0,0],"64":[0,0],"65":[0,0]}}
,"/Users/yuyamukai/Eureka/web/frontend/src/api.ts": {"path":"/Users/yuyamukai/Eureka/web/frontend/src/api.ts","statementMap":{"0":{"start":{"line":5,"column":24},"end":{"line":5,"column":80}},"1":{"start":{"line":8,"column":27},"end":{"line":14,"column":2}},"2":{"start":{"line":17,"column":0},"end":{"line":40,"column":2}},"3":{"start":{"line":18,"column":31},"end":{"line":18,"column":39}},"4":{"start":{"line":20,"column":56},"end":{"line":20,"column":68}},"5":{"start":{"line":23,"column":4},"end":{"line":36,"column":5}},"6":{"start":{"line":29,"column":6},"end":{"line":29,"column":36}},"7":{"start":{"line":32,"column":6},"end":{"line":32,"column":62}},"8":{"start":{"line":32,"column":35},"end":{"line":32,"column":60}},"9":{"start":{"line":35,"column":6},"end":{"line":35,"column":34}},"10":{"start":{"line":38,"column":4},"end":{"line":38,"column":33}}},"fnMap":{"0":{"name":"(anonymous_0)","decl":{"start":{"line":18,"column":2},"end":{"line":18,"column":3}},"loc":{"start":{"line":18,"column":31},"end":{"line":18,"column":39}},"line":18},"1":{"name":"(anonymous_1)","decl":{"start":{"line":19,"column":2},"end":{"line":19,"column":3}},"loc":{"start":{"line":19,"column":29},"end":{"line":39,"column":3}},"line":19},"2":{"name":"(anonymous_2)","decl":{"start":{"line":32,"column":24},"end":{"line":32,"column":25}},"loc":{"start":{"line":32,"column":35},"end":{"line":32,"column":60}},"line":32}},"branchMap":{"0":{"loc":{"start":{"line":5,"column":24},"end":{"line":5,"column":80}},"type":"binary-expr","locations":[{"start":{"line":5,"column":24},"end":{"line":5,"column":53}},{"start":{"line":5,"column":57},"end":{"line":5,"column":80}}],"line":5},"1":{"loc":{"start":{"line":23,"column":4},"end":{"line":36,"column":5}},"type":"if","locations":[{"start":{"line":23,"column":4},"end":{"line":36,"column":5}},{"start":{},"end":{}}],"line":23},"2":{"loc":{"start":{"line":24,"column":6},"end":{"line":27,"column":44}},"type":"binary-expr","locations":[{"start":{"line":24,"column":7},"end":{"line":24,"column":37}},{"start":{"line":25,"column":8},"end":{"line":25,"column":22}},{"start":{"line":25,"column":26},"end":{"line":25,"column":54}},{"start":{"line":25,"column":58},"end":{"line":25,"column":85}},{"start":{"line":26,"column":6},"end":{"line":26,"column":29}},{"start":{"line":27,"column":6},"end":{"line":27,"column":44}}],"line":24}},"s":{"0":0,"1":0,"2":0,"3":0,"4":0,"5":0,"6":0,"7":0,"8":0,"9":0,"10":0},"f":{"0":0,"1":0,"2":0},"b":{"0":[0,0],"1":[0,0],"2":[0,0,0,0,0,0]}}
,"/Users/yuyamukai/Eureka/web/frontend/src/constants.ts": {"path":"/Users/yuyamukai/Eureka/web/frontend/src/constants.ts","statementMap":{"0":{"start":{"line":6,"column":30},"end":{"line":6,"column":32}},"1":{"start":{"line":9,"column":28},"end":{"line":9,"column":84}},"2":{"start":{"line":12,"column":34},"end":{"line":12,"column":37}},"3":{"start":{"line":13,"column":30},"end":{"line":13,"column":34}},"4":{"start":{"line":16,"column":36},"end":{"line":19,"column":1}},"5":{"start":{"line":21,"column":36},"end":{"line":25,"column":1}},"6":{"start":{"line":28,"column":49},"end":{"line":28,"column":93}},"7":{"start":{"line":29,"column":48},"end":{"line":29,"column":59}},"8":{"start":{"line":30,"column":49},"end":{"line":30,"column":68}},"9":{"start":{"line":31,"column":38},"end":{"line":31,"column":71}},"10":{"start":{"line":35,"column":69},"end":{"line":68,"column":1}}},"fnMap":{},"branchMap":{"0":{"loc":{"start":{"line":9,"column":28},"end":{"line":9,"column":84}},"type":"binary-expr","locations":[{"start":{"line":9,"column":28},"end":{"line":9,"column":57}},{"start":{"line":9,"column":61},"end":{"line":9,"column":84}}],"line":9}},"s":{"0":1,"1":1,"2":1,"3":1,"4":1,"5":1,"6":1,"7":1,"8":1,"9":1,"10":1},"f":{},"b":{"0":[1,1]},"_coverageSchema":"1a1c01bbd47fc00a2c39e90264f33305004495a9","hash":"5227372c50f6a13e9adbe94b76a7c54743434fbb"}
,"/Users/yuyamukai/Eureka/web/frontend/src/index.tsx": {"path":"/Users/yuyamukai/Eureka/web/frontend/src/index.tsx","statementMap":{"0":{"start":{"line":6,"column":13},"end":{"line":8,"column":1}},"1":{"start":{"line":9,"column":0},"end":{"line":13,"column":2}}},"fnMap":{},"branchMap":{},"s":{"0":0,"1":0},"f":{},"b":{}}
,"/Users/yuyamukai/Eureka/web/frontend/src/components/BookmarkManager.tsx": {"path":"/Users/yuyamukai/Eureka/web/frontend/src/components/BookmarkManager.tsx","statementMap":{"0":{"start":{"line":15,"column":56},"end":{"line":365,"column":1}},"1":{"start":{"line":23,"column":40},"end":{"line":23,"column":52}},"2":{"start":{"line":24,"column":40},"end":{"line":24,"column":69}},"3":{"start":{"line":25,"column":50},"end":{"line":25,"column":101}},"4":{"start":{"line":26,"column":40},"end":{"line":26,"column":72}},"5":{"start":{"line":27,"column":40},"end":{"line":27,"column":55}},"6":{"start":{"line":28,"column":40},"end":{"line":28,"column":51}},"7":{"start":{"line":29,"column":23},"end":{"line":29,"column":25}},"8":{"start":{"line":31,"column":2},"end":{"line":33,"column":28}},"9":{"start":{"line":32,"column":4},"end":{"line":32,"column":54}},"10":{"start":{"line":36,"column":2},"end":{"line":59,"column":24}},"11":{"start":{"line":37,"column":28},"end":{"line":41,"column":5}},"12":{"start":{"line":38,"column":6},"end":{"line":40,"column":7}},"13":{"start":{"line":39,"column":8},"end":{"line":39,"column":18}},"14":{"start":{"line":43,"column":4},"end":{"line":53,"column":5}},"15":{"start":{"line":44,"column":6},"end":{"line":44,"column":60}},"16":{"start":{"line":46,"column":6},"end":{"line":46,"column":46}},"17":{"start":{"line":49,"column":27},"end":{"line":49,"column":83}},"18":{"start":{"line":50,"column":6},"end":{"line":52,"column":7}},"19":{"start":{"line":51,"column":8},"end":{"line":51,"column":29}},"20":{"start":{"line":55,"column":4},"end":{"line":58,"column":6}},"21":{"start":{"line":56,"column":6},"end":{"line":56,"column":63}},"22":{"start":{"line":57,"column":6},"end":{"line":57,"column":45}},"23":{"start":{"line":62,"column":18},"end":{"line":62,"column":69}},"24":{"start":{"line":62,"column":60},"end":{"line":62,"column":66}},"25":{"start":{"line":65,"column":28},"end":{"line":76,"column":43}},"26":{"start":{"line":66,"column":27},"end":{"line":66,"column":52}},"27":{"start":{"line":67,"column":4},"end":{"line":75,"column":7}},"28":{"start":{"line":68,"column":28},"end":{"line":70,"column":61}},"29":{"start":{"line":72,"column":25},"end":{"line":72,"column":76}},"30":{"start":{"line":74,"column":6},"end":{"line":74,"column":41}},"31":{"start":{"line":79,"column":21},"end":{"line":79,"column":71}},"32":{"start":{"line":80,"column":29},"end":{"line":84,"column":52}},"33":{"start":{"line":81,"column":23},"end":{"line":81,"column":55}},"34":{"start":{"line":82,"column":21},"end":{"line":82,"column":46}},"35":{"start":{"line":83,"column":4},"end":{"line":83,"column":57}},"36":{"start":{"line":87,"column":2},"end":{"line":89,"column":33}},"37":{"start":{"line":88,"column":4},"end":{"line":88,"column":22}},"38":{"start":{"line":91,"column":2},"end":{"line":91,"column":27}},"39":{"start":{"line":91,"column":15},"end":{"line":91,"column":27}},"40":{"start":{"line":93,"column":29},"end":{"line":104,"column":3}},"41":{"start":{"line":94,"column":24},"end":{"line":94,"column":49}},"42":{"start":{"line":95,"column":4},"end":{"line":99,"column":5}},"43":{"start":{"line":96,"column":6},"end":{"line":96,"column":37}},"44":{"start":{"line":98,"column":6},"end":{"line":98,"column":34}},"45":{"start":{"line":100,"column":4},"end":{"line":100,"column":37}},"46":{"start":{"line":101,"column":4},"end":{"line":103,"column":5}},"47":{"start":{"line":102,"column":6},"end":{"line":102,"column":49}},"48":{"start":{"line":106,"column":32},"end":{"line":127,"column":3}},"49":{"start":{"line":107,"column":4},"end":{"line":107,"column":25}},"50":{"start":{"line":108,"column":4},"end":{"line":126,"column":5}},"51":{"start":{"line":110,"column":6},"end":{"line":110,"column":61}},"52":{"start":{"line":110,"column":35},"end":{"line":110,"column":59}},"53":{"start":{"line":112,"column":22},"end":{"line":112,"column":56}},"54":{"start":{"line":113,"column":22},"end":{"line":113,"column":90}},"55":{"start":{"line":115,"column":36},"end":{"line":115,"column":103}},"56":{"start":{"line":117,"column":26},"end":{"line":117,"column":53}},"57":{"start":{"line":118,"column":6},"end":{"line":118,"column":48}},"58":{"start":{"line":119,"column":6},"end":{"line":119,"column":66}},"59":{"start":{"line":120,"column":6},"end":{"line":120,"column":26}},"60":{"start":{"line":122,"column":6},"end":{"line":122,"column":45}},"61":{"start":{"line":123,"column":6},"end":{"line":123,"column":65}},"62":{"start":{"line":125,"column":6},"end":{"line":125,"column":28}},"63":{"start":{"line":129,"column":30},"end":{"line":133,"column":3}},"64":{"start":{"line":130,"column":4},"end":{"line":132,"column":5}},"65":{"start":{"line":131,"column":6},"end":{"line":131,"column":16}},"66":{"start":{"line":135,"column":2},"end":{"line":364,"column":4}},"67":{"start":{"line":142,"column":24},"end":{"line":142,"column":43}},"68":{"start":{"line":174,"column":31},"end":{"line":174,"column":61}},"69":{"start":{"line":189,"column":31},"end":{"line":189,"column":51}},"70":{"start":{"line":197,"column":16},"end":{"line":206,"column":25}},"71":{"start":{"line":200,"column":33},"end":{"line":200,"column":52}},"72":{"start":{"line":253,"column":16},"end":{"line":330,"column":22}},"73":{"start":{"line":276,"column":28},"end":{"line":278,"column":35}},"74":{"start":{"line":289,"column":42},"end":{"line":289,"column":73}},"75":{"start":{"line":296,"column":26},"end":{"line":307,"column":27}},"76":{"start":{"line":297,"column":28},"end":{"line":297,"column":97}},"77":{"start":{"line":298,"column":28},"end":{"line":306,"column":29}},"78":{"start":{"line":299,"column":30},"end":{"line":299,"column":66}},"79":{"start":{"line":301,"column":30},"end":{"line":305,"column":33}},"80":{"start":{"line":302,"column":47},"end":{"line":302,"column":60}},"81":{"start":{"line":303,"column":32},"end":{"line":303,"column":59}},"82":{"start":{"line":304,"column":32},"end":{"line":304,"column":46}},"83":{"start":{"line":344,"column":33},"end":{"line":344,"column":78}},"84":{"start":{"line":344,"column":56},"end":{"line":344,"column":77}},"85":{"start":{"line":352,"column":33},"end":{"line":352,"column":87}},"86":{"start":{"line":352,"column":56},"end":{"line":352,"column":86}}},"fnMap":{"0":{"name":"(anonymous_0)","decl":{"start":{"line":15,"column":56},"end":{"line":15,"column":57}},"loc":{"start":{"line":22,"column":6},"end":{"line":365,"column":1}},"line":22},"1":{"name":"(anonymous_1)","decl":{"start":{"line":31,"column":12},"end":{"line":31,"column":13}},"loc":{"start":{"line":31,"column":18},"end":{"line":33,"column":3}},"line":31},"2":{"name":"(anonymous_2)","decl":{"start":{"line":36,"column":12},"end":{"line":36,"column":13}},"loc":{"start":{"line":36,"column":18},"end":{"line":59,"column":3}},"line":36},"3":{"name":"(anonymous_3)","decl":{"start":{"line":37,"column":28},"end":{"line":37,"column":29}},"loc":{"start":{"line":37,"column":54},"end":{"line":41,"column":5}},"line":37},"4":{"name":"(anonymous_4)","decl":{"start":{"line":55,"column":11},"end":{"line":55,"column":12}},"loc":{"start":{"line":55,"column":17},"end":{"line":58,"column":5}},"line":55},"5":{"name":"(anonymous_5)","decl":{"start":{"line":62,"column":55},"end":{"line":62,"column":56}},"loc":{"start":{"line":62,"column":60},"end":{"line":62,"column":66}},"line":62},"6":{"name":"(anonymous_6)","decl":{"start":{"line":65,"column":36},"end":{"line":65,"column":37}},"loc":{"start":{"line":65,"column":42},"end":{"line":76,"column":3}},"line":65},"7":{"name":"(anonymous_7)","decl":{"start":{"line":67,"column":28},"end":{"line":67,"column":29}},"loc":{"start":{"line":67,"column":40},"end":{"line":75,"column":5}},"line":67},"8":{"name":"(anonymous_8)","decl":{"start":{"line":80,"column":37},"end":{"line":80,"column":38}},"loc":{"start":{"line":80,"column":43},"end":{"line":84,"column":3}},"line":80},"9":{"name":"(anonymous_9)","decl":{"start":{"line":87,"column":12},"end":{"line":87,"column":13}},"loc":{"start":{"line":87,"column":18},"end":{"line":89,"column":3}},"line":87},"10":{"name":"(anonymous_10)","decl":{"start":{"line":93,"column":29},"end":{"line":93,"column":30}},"loc":{"start":{"line":93,"column":53},"end":{"line":104,"column":3}},"line":93},"11":{"name":"(anonymous_11)","decl":{"start":{"line":106,"column":32},"end":{"line":106,"column":33}},"loc":{"start":{"line":106,"column":44},"end":{"line":127,"column":3}},"line":106},"12":{"name":"(anonymous_12)","decl":{"start":{"line":110,"column":24},"end":{"line":110,"column":25}},"loc":{"start":{"line":110,"column":35},"end":{"line":110,"column":59}},"line":110},"13":{"name":"(anonymous_13)","decl":{"start":{"line":129,"column":30},"end":{"line":129,"column":31}},"loc":{"start":{"line":129,"column":55},"end":{"line":133,"column":3}},"line":129},"14":{"name":"(anonymous_14)","decl":{"start":{"line":142,"column":17},"end":{"line":142,"column":18}},"loc":{"start":{"line":142,"column":24},"end":{"line":142,"column":43}},"line":142},"15":{"name":"(anonymous_15)","decl":{"start":{"line":174,"column":24},"end":{"line":174,"column":25}},"loc":{"start":{"line":174,"column":31},"end":{"line":174,"column":61}},"line":174},"16":{"name":"(anonymous_16)","decl":{"start":{"line":189,"column":25},"end":{"line":189,"column":26}},"loc":{"start":{"line":189,"column":31},"end":{"line":189,"column":51}},"line":189},"17":{"name":"(anonymous_17)","decl":{"start":{"line":196,"column":27},"end":{"line":196,"column":28}},"loc":{"start":{"line":197,"column":16},"end":{"line":206,"column":25}},"line":197},"18":{"name":"(anonymous_18)","decl":{"start":{"line":200,"column":27},"end":{"line":200,"column":28}},"loc":{"start":{"line":200,"column":33},"end":{"line":200,"column":52}},"line":200},"19":{"name":"(anonymous_19)","decl":{"start":{"line":252,"column":38},"end":{"line":252,"column":39}},"loc":{"start":{"line":253,"column":16},"end":{"line":330,"column":22}},"line":253},"20":{"name":"(anonymous_20)","decl":{"start":{"line":275,"column":45},"end":{"line":275,"column":46}},"loc":{"start":{"line":276,"column":28},"end":{"line":278,"column":35}},"line":276},"21":{"name":"(anonymous_21)","decl":{"start":{"line":289,"column":36},"end":{"line":289,"column":37}},"loc":{"start":{"line":289,"column":42},"end":{"line":289,"column":73}},"line":289},"22":{"name":"(anonymous_22)","decl":{"start":{"line":295,"column":33},"end":{"line":295,"column":34}},"loc":{"start":{"line":295,"column":45},"end":{"line":308,"column":25}},"line":295},"23":{"name":"(anonymous_23)","decl":{"start":{"line":301,"column":45},"end":{"line":301,"column":46}},"loc":{"start":{"line":301,"column":53},"end":{"line":305,"column":31}},"line":301},"24":{"name":"(anonymous_24)","decl":{"start":{"line":344,"column":27},"end":{"line":344,"column":28}},"loc":{"start":{"line":344,"column":33},"end":{"line":344,"column":78}},"line":344},"25":{"name":"(anonymous_25)","decl":{"start":{"line":344,"column":48},"end":{"line":344,"column":49}},"loc":{"start":{"line":344,"column":56},"end":{"line":344,"column":77}},"line":344},"26":{"name":"(anonymous_26)","decl":{"start":{"line":352,"column":27},"end":{"line":352,"column":28}},"loc":{"start":{"line":352,"column":33},"end":{"line":352,"column":87}},"line":352},"27":{"name":"(anonymous_27)","decl":{"start":{"line":352,"column":48},"end":{"line":352,"column":49}},"loc":{"start":{"line":352,"column":56},"end":{"line":352,"column":86}},"line":352}},"branchMap":{"0":{"loc":{"start":{"line":21,"column":2},"end":{"line":21,"column":26}},"type":"default-arg","locations":[{"start":{"line":21,"column":24},"end":{"line":21,"column":26}}],"line":21},"1":{"loc":{"start":{"line":38,"column":6},"end":{"line":40,"column":7}},"type":"if","locations":[{"start":{"line":38,"column":6},"end":{"line":40,"column":7}},{"start":{},"end":{}}],"line":38},"2":{"loc":{"start":{"line":38,"column":10},"end":{"line":38,"column":42}},"type":"binary-expr","locations":[{"start":{"line":38,"column":10},"end":{"line":38,"column":32}},{"start":{"line":38,"column":36},"end":{"line":38,"column":42}}],"line":38},"3":{"loc":{"start":{"line":43,"column":4},"end":{"line":53,"column":5}},"type":"if","locations":[{"start":{"line":43,"column":4},"end":{"line":53,"column":5}},{"start":{},"end":{}}],"line":43},"4":{"loc":{"start":{"line":50,"column":6},"end":{"line":52,"column":7}},"type":"if","locations":[{"start":{"line":50,"column":6},"end":{"line":52,"column":7}},{"start":{},"end":{}}],"line":50},"5":{"loc":{"start":{"line":68,"column":28},"end":{"line":70,"column":61}},"type":"binary-expr","locations":[{"start":{"line":68,"column":28},"end":{"line":68,"column":46}},{"start":{"line":69,"column":8},"end":{"line":69,"column":60}},{"start":{"line":70,"column":8},"end":{"line":70,"column":61}}],"line":68},"6":{"loc":{"start":{"line":72,"column":25},"end":{"line":72,"column":76}},"type":"binary-expr","locations":[{"start":{"line":72,"column":25},"end":{"line":72,"column":37}},{"start":{"line":72,"column":41},"end":{"line":72,"column":76}}],"line":72},"7":{"loc":{"start":{"line":74,"column":13},"end":{"line":74,"column":40}},"type":"binary-expr","locations":[{"start":{"line":74,"column":13},"end":{"line":74,"column":26}},{"start":{"line":74,"column":30},"end":{"line":74,"column":40}}],"line":74},"8":{"loc":{"start":{"line":91,"column":2},"end":{"line":91,"column":27}},"type":"if","locations":[{"start":{"line":91,"column":2},"end":{"line":91,"column":27}},{"start":{},"end":{}}],"line":91},"9":{"loc":{"start":{"line":95,"column":4},"end":{"line":99,"column":5}},"type":"if","locations":[{"start":{"line":95,"column":4},"end":{"line":99,"column":5}},{"start":{"line":97,"column":11},"end":{"line":99,"column":5}}],"line":95},"10":{"loc":{"start":{"line":101,"column":4},"end":{"line":103,"column":5}},"type":"if","locations":[{"start":{"line":101,"column":4},"end":{"line":103,"column":5}},{"start":{},"end":{}}],"line":101},"11":{"loc":{"start":{"line":130,"column":4},"end":{"line":132,"column":5}},"type":"if","locations":[{"start":{"line":130,"column":4},"end":{"line":132,"column":5}},{"start":{},"end":{}}],"line":130},"12":{"loc":{"start":{"line":184,"column":11},"end":{"line":209,"column":11}},"type":"binary-expr","locations":[{"start":{"line":184,"column":11},"end":{"line":184,"column":29}},{"start":{"line":185,"column":12},"end":{"line":208,"column":18}}],"line":184},"13":{"loc":{"start":{"line":191,"column":18},"end":{"line":191,"column":108}},"type":"cond-expr","locations":[{"start":{"line":191,"column":33},"end":{"line":191,"column":60}},{"start":{"line":191,"column":63},"end":{"line":191,"column":108}}],"line":191},"14":{"loc":{"start":{"line":202,"column":20},"end":{"line":202,"column":117}},"type":"cond-expr","locations":[{"start":{"line":202,"column":42},"end":{"line":202,"column":69}},{"start":{"line":202,"column":72},"end":{"line":202,"column":117}}],"line":202},"15":{"loc":{"start":{"line":218,"column":16},"end":{"line":220,"column":61}},"type":"cond-expr","locations":[{"start":{"line":219,"column":20},"end":{"line":219,"column":66}},{"start":{"line":220,"column":20},"end":{"line":220,"column":61}}],"line":218},"16":{"loc":{"start":{"line":223,"column":15},"end":{"line":233,"column":15}},"type":"cond-expr","locations":[{"start":{"line":224,"column":16},"end":{"line":227,"column":22}},{"start":{"line":229,"column":16},"end":{"line":232,"column":22}}],"line":223},"17":{"loc":{"start":{"line":234,"column":15},"end":{"line":234,"column":58}},"type":"cond-expr","locations":[{"start":{"line":234,"column":29},"end":{"line":234,"column":43}},{"start":{"line":234,"column":46},"end":{"line":234,"column":58}}],"line":234},"18":{"loc":{"start":{"line":236,"column":13},"end":{"line":240,"column":13}},"type":"binary-expr","locations":[{"start":{"line":236,"column":13},"end":{"line":236,"column":30}},{"start":{"line":237,"column":14},"end":{"line":239,"column":20}}],"line":236},"19":{"loc":{"start":{"line":246,"column":11},"end":{"line":333,"column":11}},"type":"cond-expr","locations":[{"start":{"line":247,"column":12},"end":{"line":249,"column":18}},{"start":{"line":251,"column":12},"end":{"line":332,"column":18}}],"line":246},"20":{"loc":{"start":{"line":248,"column":15},"end":{"line":248,"column":125}},"type":"cond-expr","locations":[{"start":{"line":248,"column":44},"end":{"line":248,"column":78}},{"start":{"line":248,"column":81},"end":{"line":248,"column":125}}],"line":248},"21":{"loc":{"start":{"line":248,"column":15},"end":{"line":248,"column":41}},"type":"binary-expr","locations":[{"start":{"line":248,"column":15},"end":{"line":248,"column":26}},{"start":{"line":248,"column":30},"end":{"line":248,"column":41}}],"line":248},"22":{"loc":{"start":{"line":273,"column":23},"end":{"line":281,"column":23}},"type":"binary-expr","locations":[{"start":{"line":273,"column":23},"end":{"line":273,"column":47}},{"start":{"line":274,"column":24},"end":{"line":280,"column":30}}],"line":273},"23":{"loc":{"start":{"line":285,"column":23},"end":{"line":292,"column":23}},"type":"binary-expr","locations":[{"start":{"line":285,"column":23},"end":{"line":285,"column":40}},{"start":{"line":286,"column":24},"end":{"line":291,"column":26}}],"line":285},"24":{"loc":{"start":{"line":296,"column":26},"end":{"line":307,"column":27}},"type":"if","locations":[{"start":{"line":296,"column":26},"end":{"line":307,"column":27}},{"start":{},"end":{}}],"line":296},"25":{"loc":{"start":{"line":311,"column":26},"end":{"line":313,"column":63}},"type":"cond-expr","locations":[{"start":{"line":312,"column":30},"end":{"line":312,"column":64}},{"start":{"line":313,"column":30},"end":{"line":313,"column":63}}],"line":311},"26":{"loc":{"start":{"line":316,"column":25},"end":{"line":326,"column":25}},"type":"cond-expr","locations":[{"start":{"line":317,"column":26},"end":{"line":320,"column":32}},{"start":{"line":322,"column":26},"end":{"line":325,"column":32}}],"line":316},"27":{"loc":{"start":{"line":336,"column":11},"end":{"line":360,"column":11}},"type":"binary-expr","locations":[{"start":{"line":336,"column":11},"end":{"line":336,"column":25}},{"start":{"line":337,"column":12},"end":{"line":359,"column":18}}],"line":336}},"s":{"0":0,"1":0,"2":0,"3":0,"4":0,"5":0,"6":0,"7":0,"8":0,"9":0,"10":0,"11":0,"12":0,"13":0,"14":0,"15":0,"16":0,"17":0,"18":0,"19":0,"20":0,"21":0,"22":0,"23":0,"24":0,"25":0,"26":0,"27":0,"28":0,"29":0,"30":0,"31":0,"32":0,"33":0,"34":0,"35":0,"36":0,"37":0,"38":0,"39":0,"40":0,"41":0,"42":0,"43":0,"44":0,"45":0,"46":0,"47":0,"48":0,"49":0,"50":0,"51":0,"52":0,"53":0,"54":0,"55":0,"56":0,"57":0,"58":0,"59":0,"60":0,"61":0,"62":0,"63":0,"64":0,"65":0,"66":0,"67":0,"68":0,"69":0,"70":0,"71":0,"72":0,"73":0,"74":0,"75":0,"76":0,"77":0,"78":0,"79":0,"80":0,"81":0,"82":0,"83":0,"84":0,"85":0,"86":0},"f":{"0":0,"1":0,"2":0,"3":0,"4":0,"5":0,"6":0,"7":0,"8":0,"9":0,"10":0,"11":0,"12":0,"13":0,"14":0,"15":0,"16":0,"17":0,"18":0,"19":0,"20":0,"21":0,"22":0,"23":0,"24":0,"25":0,"26":0,"27":0},"b":{"0":[0],"1":[0,0],"2":[0,0],"3":[0,0],"4":[0,0],"5":[0,0,0],"6":[0,0],"7":[0,0],"8":[0,0],"9":[0,0],"10":[0,0],"11":[0,0],"12":[0,0],"13":[0,0],"14":[0,0],"15":[0,0],"16":[0,0],"17":[0,0],"18":[0,0],"19":[0,0],"20":[0,0],"21":[0,0],"22":[0,0],"23":[0,0],"24":[0,0],"25":[0,0],"26":[0,0],"27":[0,0]}}
,"/Users/yuyamukai/Eureka/web/frontend/src/components/ComparisonRadarChart.tsx": {"path":"/Users/yuyamukai/Eureka/web/frontend/src/components/ComparisonRadarChart.tsx","statementMap":{"0":{"start":{"line":31,"column":66},"end":{"line":233,"column":1}},"1":{"start":{"line":40,"column":24},"end":{"line":66,"column":3}},"2":{"start":{"line":41,"column":4},"end":{"line":64,"column":5}},"3":{"start":{"line":42,"column":19},"end":{"line":42,"column":37}},"4":{"start":{"line":43,"column":6},"end":{"line":63,"column":8}},"5":{"start":{"line":65,"column":4},"end":{"line":65,"column":16}},"6":{"start":{"line":69,"column":34},"end":{"line":80,"column":3}},"7":{"start":{"line":70,"column":52},"end":{"line":78,"column":5}},"8":{"start":{"line":79,"column":4},"end":{"line":79,"column":41}},"9":{"start":{"line":83,"column":34},"end":{"line":83,"column":120}},"10":{"start":{"line":83,"column":79},"end":{"line":83,"column":98}},"11":{"start":{"line":84,"column":34},"end":{"line":84,"column":120}},"12":{"start":{"line":84,"column":79},"end":{"line":84,"column":98}},"13":{"start":{"line":87,"column":23},"end":{"line":88,"column":89}},"14":{"start":{"line":88,"column":4},"end":{"line":88,"column":89}},"15":{"start":{"line":90,"column":29},"end":{"line":90,"column":99}},"16":{"start":{"line":91,"column":29},"end":{"line":91,"column":99}},"17":{"start":{"line":92,"column":22},"end":{"line":92,"column":61}},"18":{"start":{"line":94,"column":24},"end":{"line":95,"column":83}},"19":{"start":{"line":95,"column":4},"end":{"line":95,"column":83}},"20":{"start":{"line":98,"column":32},"end":{"line":100,"column":31}},"21":{"start":{"line":103,"column":2},"end":{"line":119,"column":3}},"22":{"start":{"line":104,"column":4},"end":{"line":118,"column":6}},"23":{"start":{"line":121,"column":2},"end":{"line":232,"column":4}},"24":{"start":{"line":194,"column":32},"end":{"line":194,"column":61}},"25":{"start":{"line":195,"column":12},"end":{"line":210,"column":14}}},"fnMap":{"0":{"name":"(anonymous_0)","decl":{"start":{"line":31,"column":66},"end":{"line":31,"column":67}},"loc":{"start":{"line":38,"column":6},"end":{"line":233,"column":1}},"line":38},"1":{"name":"(anonymous_1)","decl":{"start":{"line":40,"column":24},"end":{"line":40,"column":25}},"loc":{"start":{"line":40,"column":54},"end":{"line":66,"column":3}},"line":40},"2":{"name":"(anonymous_2)","decl":{"start":{"line":69,"column":34},"end":{"line":69,"column":35}},"loc":{"start":{"line":69,"column":65},"end":{"line":80,"column":3}},"line":69},"3":{"name":"(anonymous_3)","decl":{"start":{"line":83,"column":64},"end":{"line":83,"column":65}},"loc":{"start":{"line":83,"column":79},"end":{"line":83,"column":98}},"line":83},"4":{"name":"(anonymous_4)","decl":{"start":{"line":84,"column":64},"end":{"line":84,"column":65}},"loc":{"start":{"line":84,"column":79},"end":{"line":84,"column":98}},"line":84},"5":{"name":"(anonymous_5)","decl":{"start":{"line":87,"column":23},"end":{"line":87,"column":24}},"loc":{"start":{"line":88,"column":4},"end":{"line":88,"column":89}},"line":88},"6":{"name":"(anonymous_6)","decl":{"start":{"line":94,"column":24},"end":{"line":94,"column":25}},"loc":{"start":{"line":95,"column":4},"end":{"line":95,"column":83}},"line":95},"7":{"name":"(anonymous_7)","decl":{"start":{"line":193,"column":20},"end":{"line":193,"column":21}},"loc":{"start":{"line":193,"column":37},"end":{"line":211,"column":11}},"line":193}},"branchMap":{"0":{"loc":{"start":{"line":34,"column":2},"end":{"line":34,"column":33}},"type":"default-arg","locations":[{"start":{"line":34,"column":18},"end":{"line":34,"column":33}}],"line":34},"1":{"loc":{"start":{"line":35,"column":2},"end":{"line":35,"column":33}},"type":"default-arg","locations":[{"start":{"line":35,"column":18},"end":{"line":35,"column":33}}],"line":35},"2":{"loc":{"start":{"line":41,"column":4},"end":{"line":64,"column":5}},"type":"if","locations":[{"start":{"line":41,"column":4},"end":{"line":64,"column":5}},{"start":{},"end":{}}],"line":41},"3":{"loc":{"start":{"line":41,"column":8},"end":{"line":41,"column":43}},"type":"binary-expr","locations":[{"start":{"line":41,"column":8},"end":{"line":41,"column":14}},{"start":{"line":41,"column":18},"end":{"line":41,"column":25}},{"start":{"line":41,"column":29},"end":{"line":41,"column":43}}],"line":41},"4":{"loc":{"start":{"line":56,"column":28},"end":{"line":56,"column":68}},"type":"cond-expr","locations":[{"start":{"line":56,"column":60},"end":{"line":56,"column":63}},{"start":{"line":56,"column":66},"end":{"line":56,"column":68}}],"line":56},"5":{"loc":{"start":{"line":79,"column":11},"end":{"line":79,"column":40}},"type":"binary-expr","locations":[{"start":{"line":79,"column":11},"end":{"line":79,"column":34}},{"start":{"line":79,"column":38},"end":{"line":79,"column":40}}],"line":79},"6":{"loc":{"start":{"line":83,"column":34},"end":{"line":83,"column":120}},"type":"cond-expr","locations":[{"start":{"line":83,"column":52},"end":{"line":83,"column":116}},{"start":{"line":83,"column":119},"end":{"line":83,"column":120}}],"line":83},"7":{"loc":{"start":{"line":84,"column":34},"end":{"line":84,"column":120}},"type":"cond-expr","locations":[{"start":{"line":84,"column":52},"end":{"line":84,"column":116}},{"start":{"line":84,"column":119},"end":{"line":84,"column":120}}],"line":84},"8":{"loc":{"start":{"line":88,"column":4},"end":{"line":88,"column":89}},"type":"binary-expr","locations":[{"start":{"line":88,"column":4},"end":{"line":88,"column":23}},{"start":{"line":88,"column":27},"end":{"line":88,"column":41}},{"start":{"line":88,"column":45},"end":{"line":88,"column":55}},{"start":{"line":88,"column":59},"end":{"line":88,"column":70}},{"start":{"line":88,"column":74},"end":{"line":88,"column":89}}],"line":88},"9":{"loc":{"start":{"line":90,"column":29},"end":{"line":90,"column":99}},"type":"cond-expr","locations":[{"start":{"line":90,"column":59},"end":{"line":90,"column":73}},{"start":{"line":90,"column":76},"end":{"line":90,"column":99}}],"line":90},"10":{"loc":{"start":{"line":91,"column":29},"end":{"line":91,"column":99}},"type":"cond-expr","locations":[{"start":{"line":91,"column":59},"end":{"line":91,"column":73}},{"start":{"line":91,"column":76},"end":{"line":91,"column":99}}],"line":91},"11":{"loc":{"start":{"line":95,"column":4},"end":{"line":95,"column":83}},"type":"cond-expr","locations":[{"start":{"line":95,"column":17},"end":{"line":95,"column":33}},{"start":{"line":95,"column":36},"end":{"line":95,"column":83}}],"line":95},"12":{"loc":{"start":{"line":95,"column":36},"end":{"line":95,"column":83}},"type":"cond-expr","locations":[{"start":{"line":95,"column":49},"end":{"line":95,"column":66}},{"start":{"line":95,"column":69},"end":{"line":95,"column":83}}],"line":95},"13":{"loc":{"start":{"line":98,"column":32},"end":{"line":100,"column":31}},"type":"cond-expr","locations":[{"start":{"line":99,"column":7},"end":{"line":99,"column":47}},{"start":{"line":100,"column":6},"end":{"line":100,"column":31}}],"line":98},"14":{"loc":{"start":{"line":100,"column":6},"end":{"line":100,"column":31}},"type":"cond-expr","locations":[{"start":{"line":100,"column":24},"end":{"line":100,"column":27}},{"start":{"line":100,"column":30},"end":{"line":100,"column":31}}],"line":100},"15":{"loc":{"start":{"line":103,"column":2},"end":{"line":119,"column":3}},"type":"if","locations":[{"start":{"line":103,"column":2},"end":{"line":119,"column":3}},{"start":{},"end":{}}],"line":103},"16":{"loc":{"start":{"line":106,"column":9},"end":{"line":110,"column":9}},"type":"binary-expr","locations":[{"start":{"line":106,"column":9},"end":{"line":106,"column":14}},{"start":{"line":107,"column":10},"end":{"line":109,"column":16}}],"line":106},"17":{"loc":{"start":{"line":123,"column":7},"end":{"line":138,"column":7}},"type":"binary-expr","locations":[{"start":{"line":123,"column":7},"end":{"line":123,"column":12}},{"start":{"line":124,"column":8},"end":{"line":137,"column":14}}],"line":123},"18":{"loc":{"start":{"line":133,"column":51},"end":{"line":133,"column":103}},"type":"cond-expr","locations":[{"start":{"line":133,"column":70},"end":{"line":133,"column":86}},{"start":{"line":133,"column":89},"end":{"line":133,"column":103}}],"line":133},"19":{"loc":{"start":{"line":134,"column":15},"end":{"line":134,"column":42}},"type":"cond-expr","locations":[{"start":{"line":134,"column":34},"end":{"line":134,"column":37}},{"start":{"line":134,"column":40},"end":{"line":134,"column":42}}],"line":134},"20":{"loc":{"start":{"line":203,"column":20},"end":{"line":204,"column":93}},"type":"cond-expr","locations":[{"start":{"line":203,"column":38},"end":{"line":203,"column":67}},{"start":{"line":204,"column":20},"end":{"line":204,"column":93}}],"line":203},"21":{"loc":{"start":{"line":204,"column":20},"end":{"line":204,"column":93}},"type":"cond-expr","locations":[{"start":{"line":204,"column":38},"end":{"line":204,"column":63}},{"start":{"line":204,"column":66},"end":{"line":204,"column":93}}],"line":204},"22":{"loc":{"start":{"line":206,"column":21},"end":{"line":206,"column":47}},"type":"cond-expr","locations":[{"start":{"line":206,"column":39},"end":{"line":206,"column":42}},{"start":{"line":206,"column":45},"end":{"line":206,"column":47}}],"line":206},"23":{"loc":{"start":{"line":224,"column":14},"end":{"line":224,"column":90}},"type":"cond-expr","locations":[{"start":{"line":224,"column":33},"end":{"line":224,"column":62}},{"start":{"line":224,"column":65},"end":{"line":224,"column":90}}],"line":224}},"s":{"0":0,"1":0,"2":0,"3":0,"4":0,"5":0,"6":0,"7":0,"8":0,"9":0,"10":0,"11":0,"12":0,"13":0,"14":0,"15":0,"16":0,"17":0,"18":0,"19":0,"20":0,"21":0,"22":0,"23":0,"24":0,"25":0},"f":{"0":0,"1":0,"2":0,"3":0,"4":0,"5":0,"6":0,"7":0},"b":{"0":[0],"1":[0],"2":[0,0],"3":[0,0,0],"4":[0,0],"5":[0,0],"6":[0,0],"7":[0,0],"8":[0,0,0,0,0],"9":[0,0],"10":[0,0],"11":[0,0],"12":[0,0],"13":[0,0],"14":[0,0],"15":[0,0],"16":[0,0],"17":[0,0],"18":[0,0],"19":[0,0],"20":[0,0],"21":[0,0],"22":[0,0],"23":[0,0]}}
,"/Users/yuyamukai/Eureka/web/frontend/src/components/DuplicateWarningDialog.tsx": {"path":"/Users/yuyamukai/Eureka/web/frontend/src/components/DuplicateWarningDialog.tsx","statementMap":{"0":{"start":{"line":16,"column":70},"end":{"line":241,"column":1}},"1":{"start":{"line":26,"column":50},"end":{"line":26,"column":79}},"2":{"start":{"line":27,"column":40},"end":{"line":27,"column":64}},"3":{"start":{"line":29,"column":2},"end":{"line":29,"column":27}},"4":{"start":{"line":29,"column":15},"end":{"line":29,"column":27}},"5":{"start":{"line":31,"column":27},"end":{"line":42,"column":3}},"6":{"start":{"line":32,"column":4},"end":{"line":41,"column":5}},"7":{"start":{"line":34,"column":8},"end":{"line":34,"column":42}},"8":{"start":{"line":36,"column":8},"end":{"line":36,"column":48}},"9":{"start":{"line":38,"column":8},"end":{"line":38,"column":44}},"10":{"start":{"line":40,"column":8},"end":{"line":40,"column":44}},"11":{"start":{"line":44,"column":26},"end":{"line":55,"column":3}},"12":{"start":{"line":45,"column":4},"end":{"line":54,"column":5}},"13":{"start":{"line":47,"column":8},"end":{"line":47,"column":20}},"14":{"start":{"line":49,"column":8},"end":{"line":49,"column":20}},"15":{"start":{"line":51,"column":8},"end":{"line":51,"column":20}},"16":{"start":{"line":53,"column":8},"end":{"line":53,"column":20}},"17":{"start":{"line":57,"column":34},"end":{"line":62,"column":3}},"18":{"start":{"line":58,"column":4},"end":{"line":58,"column":60}},"19":{"start":{"line":58,"column":27},"end":{"line":58,"column":60}},"20":{"start":{"line":59,"column":4},"end":{"line":59,"column":66}},"21":{"start":{"line":59,"column":27},"end":{"line":59,"column":66}},"22":{"start":{"line":60,"column":4},"end":{"line":60,"column":66}},"23":{"start":{"line":60,"column":27},"end":{"line":60,"column":66}},"24":{"start":{"line":61,"column":4},"end":{"line":61,"column":39}},"25":{"start":{"line":64,"column":27},"end":{"line":66,"column":3}},"26":{"start":{"line":65,"column":4},"end":{"line":65,"column":47}},"27":{"start":{"line":68,"column":26},"end":{"line":78,"column":3}},"28":{"start":{"line":69,"column":47},"end":{"line":76,"column":5}},"29":{"start":{"line":77,"column":4},"end":{"line":77,"column":43}},"30":{"start":{"line":80,"column":29},"end":{"line":82,"column":3}},"31":{"start":{"line":81,"column":4},"end":{"line":81,"column":77}},"32":{"start":{"line":84,"column":23},"end":{"line":87,"column":3}},"33":{"start":{"line":85,"column":4},"end":{"line":85,"column":46}},"34":{"start":{"line":85,"column":34},"end":{"line":85,"column":46}},"35":{"start":{"line":86,"column":4},"end":{"line":86,"column":48}},"36":{"start":{"line":89,"column":2},"end":{"line":240,"column":4}},"37":{"start":{"line":128,"column":35},"end":{"line":128,"column":63}},"38":{"start":{"line":144,"column":18},"end":{"line":187,"column":24}},"39":{"start":{"line":158,"column":39},"end":{"line":158,"column":70}},"40":{"start":{"line":178,"column":32},"end":{"line":180,"column":39}},"41":{"start":{"line":228,"column":18},"end":{"line":228,"column":79}},"42":{"start":{"line":229,"column":18},"end":{"line":229,"column":56}},"43":{"start":{"line":229,"column":35},"end":{"line":229,"column":49}}},"fnMap":{"0":{"name":"(anonymous_0)","decl":{"start":{"line":16,"column":70},"end":{"line":16,"column":71}},"loc":{"start":{"line":25,"column":6},"end":{"line":241,"column":1}},"line":25},"1":{"name":"(anonymous_1)","decl":{"start":{"line":31,"column":27},"end":{"line":31,"column":28}},"loc":{"start":{"line":31,"column":63},"end":{"line":42,"column":3}},"line":31},"2":{"name":"(anonymous_2)","decl":{"start":{"line":44,"column":26},"end":{"line":44,"column":27}},"loc":{"start":{"line":44,"column":62},"end":{"line":55,"column":3}},"line":44},"3":{"name":"(anonymous_3)","decl":{"start":{"line":57,"column":34},"end":{"line":57,"column":35}},"loc":{"start":{"line":57,"column":66},"end":{"line":62,"column":3}},"line":57},"4":{"name":"(anonymous_4)","decl":{"start":{"line":64,"column":27},"end":{"line":64,"column":28}},"loc":{"start":{"line":64,"column":59},"end":{"line":66,"column":3}},"line":64},"5":{"name":"(anonymous_5)","decl":{"start":{"line":68,"column":26},"end":{"line":68,"column":27}},"loc":{"start":{"line":68,"column":57},"end":{"line":78,"column":3}},"line":68},"6":{"name":"(anonymous_6)","decl":{"start":{"line":80,"column":29},"end":{"line":80,"column":30}},"loc":{"start":{"line":80,"column":53},"end":{"line":82,"column":3}},"line":80},"7":{"name":"(anonymous_7)","decl":{"start":{"line":84,"column":23},"end":{"line":84,"column":24}},"loc":{"start":{"line":84,"column":68},"end":{"line":87,"column":3}},"line":84},"8":{"name":"(anonymous_8)","decl":{"start":{"line":128,"column":29},"end":{"line":128,"column":30}},"loc":{"start":{"line":128,"column":35},"end":{"line":128,"column":63}},"line":128},"9":{"name":"(anonymous_9)","decl":{"start":{"line":143,"column":38},"end":{"line":143,"column":39}},"loc":{"start":{"line":144,"column":18},"end":{"line":187,"column":24}},"line":144},"10":{"name":"(anonymous_10)","decl":{"start":{
[...]
rt":{"line":119,"column":31},"end":{"line":127,"column":3}},"line":119}},"branchMap":{"0":{"loc":{"start":{"line":32,"column":2},"end":{"line":45,"column":3}},"type":"if","locations":[{"start":{"line":32,"column":2},"end":{"line":45,"column":3}},{"start":{},"end":{}}],"line":32},"1":{"loc":{"start":{"line":50,"column":2},"end":{"line":50,"column":25}},"type":"if","locations":[{"start":{"line":50,"column":2},"end":{"line":50,"column":25}},{"start":{},"end":{}}],"line":50},"2":{"loc":{"start":{"line":62,"column":4},"end":{"line":65,"column":5}},"type":"if","locations":[{"start":{"line":62,"column":4},"end":{"line":65,"column":5}},{"start":{},"end":{}}],"line":62},"3":{"loc":{"start":{"line":68,"column":4},"end":{"line":73,"column":5}},"type":"if","locations":[{"start":{"line":68,"column":4},"end":{"line":73,"column":5}},{"start":{},"end":{}}],"line":68},"4":{"loc":{"start":{"line":69,"column":6},"end":{"line":71,"column":7}},"type":"if","locations":[{"start":{"line":69,"column":6},"end":{"line":71,"column":7}},{"start":{},"end":{}}],"line":69},"5":{"loc":{"start":{"line":76,"column":4},"end":{"line":78,"column":5}},"type":"if","locations":[{"start":{"line":76,"column":4},"end":{"line":78,"column":5}},{"start":{},"end":{}}],"line":76},"6":{"loc":{"start":{"line":97,"column":20},"end":{"line":97,"column":48}},"type":"binary-expr","locations":[{"start":{"line":97,"column":20},"end":{"line":97,"column":42}},{"start":{"line":97,"column":46},"end":{"line":97,"column":48}}],"line":97},"7":{"loc":{"start":{"line":98,"column":2},"end":{"line":105,"column":3}},"type":"if","locations":[{"start":{"line":98,"column":2},"end":{"line":105,"column":3}},{"start":{},"end":{}}],"line":98},"8":{"loc":{"start":{"line":101,"column":4},"end":{"line":104,"column":5}},"type":"if","locations":[{"start":{"line":101,"column":4},"end":{"line":104,"column":5}},{"start":{},"end":{}}],"line":101},"9":{"loc":{"start":{"line":120,"column":4},"end":{"line":125,"column":5}},"type":"if","locations":[{"start":{"line":120,"column":4},"end":{"line":125,"column":5}},{"start":{},"end":{}}],"line":120}},"s":{"0":2,"1":2,"2":2,"3":181,"4":2,"5":12,"6":13,"7":181,"8":179,"9":6,"10":173,"11":173,"12":173,"13":173,"14":173,"15":295,"16":1224,"17":110,"18":110,"19":185,"20":107,"21":2,"22":107,"23":78,"24":597,"25":4,"26":74,"27":173,"28":173,"29":1813,"30":173,"31":173,"32":173,"33":173,"34":517,"35":1,"36":1,"37":1,"38":1,"39":173,"40":8,"41":8,"42":160,"43":156,"44":4},"f":{"0":181,"1":12,"2":13,"3":179,"4":1224,"5":597,"6":517,"7":8,"8":160},"b":{"0":[2,179],"1":[6,173],"2":[110,185],"3":[107,78],"4":[2,105],"5":[4,74],"6":[173,105],"7":[1,172],"8":[1,0],"9":[156,4]},"_coverageSchema":"1a1c01bbd47fc00a2c39e90264f33305004495a9","hash":"fb7612a4ceb6e0bdde4f612d82c592649a78af4b"}
,"/Users/yuyamukai/Eureka/web/frontend/src/utils/logger.ts": {"path":"/Users/yuyamukai/Eureka/web/frontend/src/utils/logger.ts","statementMap":{"0":{"start":{"line":9,"column":29},"end":{"line":9,"column":31}},"1":{"start":{"line":10,"column":23},"end":{"line":10,"column":26}},"2":{"start":{"line":15,"column":4},"end":{"line":15,"column":46}},"3":{"start":{"line":16,"column":4},"end":{"line":16,"column":80}},"4":{"start":{"line":20,"column":4},"end":{"line":20,"column":73}},"5":{"start":{"line":24,"column":31},"end":{"line":24,"column":65}},"6":{"start":{"line":25,"column":4},"end":{"line":25,"column":66}},"7":{"start":{"line":29,"column":4},"end":{"line":36,"column":6}},"8":{"start":{"line":40,"column":4},"end":{"line":40,"column":39}},"9":{"start":{"line":40,"column":32},"end":{"line":40,"column":39}},"10":{"start":{"line":42,"column":18},"end":{"line":42,"column":68}},"11":{"start":{"line":45,"column":4},"end":{"line":45,"column":26}},"12":{"start":{"line":46,"column":4},"end":{"line":48,"column":5}},"13":{"start":{"line":47,"column":6},"end":{"line":47,"column":24}},"14":{"start":{"line":51,"column":23},"end":{"line":51,"column":52}},"15":{"start":{"line":52,"column":18},"end":{"line":52,"column":41}},"16":{"start":{"line":53,"column":27},"end":{"line":53,"column":62}},"17":{"start":{"line":56,"column":4},"end":{"line":69,"column":5}},"18":{"start":{"line":58,"column":8},"end":{"line":58,"column":44}},"19":{"start":{"line":59,"column":8},"end":{"line":59,"column":14}},"20":{"start":{"line":61,"column":8},"end":{"line":61,"column":43}},"21":{"start":{"line":62,"column":8},"end":{"line":62,"column":14}},"22":{"start":{"line":64,"column":8},"end":{"line":64,"column":43}},"23":{"start":{"line":65,"column":8},"end":{"line":65,"column":14}},"24":{"start":{"line":67,"column":8},"end":{"line":67,"column":44}},"25":{"start":{"line":68,"column":8},"end":{"line":68,"column":14}},"26":{"start":{"line":73,"column":19},"end":{"line":78,"column":5}},"27":{"start":{"line":79,"column":4},"end":{"line":79,"column":33}},"28":{"start":{"line":83,"column":4},"end":{"line":83,"column":46}},"29":{"start":{"line":87,"column":4},"end":{"line":87,"column":45}},"30":{"start":{"line":91,"column":4},"end":{"line":91,"column":45}},"31":{"start":{"line":95,"column":4},"end":{"line":95,"column":46}},"32":{"start":{"line":100,"column":20},"end":{"line":100,"column":52}},"33":{"start":{"line":101,"column":17},"end":{"line":101,"column":37}},"34":{"start":{"line":103,"column":4},"end":{"line":107,"column":5}},"35":{"start":{"line":104,"column":6},"end":{"line":104,"column":38}},"36":{"start":{"line":106,"column":6},"end":{"line":106,"column":39}},"37":{"start":{"line":111,"column":4},"end":{"line":111,"column":57}},"38":{"start":{"line":115,"column":4},"end":{"line":115,"column":50}},"39":{"start":{"line":119,"column":20},"end":{"line":119,"column":79}},"40":{"start":{"line":120,"column":4},"end":{"line":124,"column":5}},"41":{"start":{"line":121,"column":6},"end":{"line":121,"column":37}},"42":{"start":{"line":123,"column":6},"end":{"line":123,"column":37}},"43":{"start":{"line":128,"column":4},"end":{"line":128,"column":64}},"44":{"start":{"line":133,"column":4},"end":{"line":135,"column":5}},"45":{"start":{"line":134,"column":6},"end":{"line":134,"column":58}},"46":{"start":{"line":134,"column":37},"end":{"line":134,"column":56}},"47":{"start":{"line":136,"column":4},"end":{"line":136,"column":26}},"48":{"start":{"line":140,"column":4},"end":{"line":140,"column":35}},"49":{"start":{"line":144,"column":4},"end":{"line":144,"column":19}},"50":{"start":{"line":148,"column":18},"end":{"line":153,"column":5}},"51":{"start":{"line":155,"column":4},"end":{"line":160,"column":7}},"52":{"start":{"line":156,"column":6},"end":{"line":156,"column":69}},"53":{"start":{"line":157,"column":6},"end":{"line":159,"column":7}},"54":{"start":{"line":158,"column":8},"end":{"line":158,"column":79}},"55":{"start":{"line":162,"column":4},"end":{"line":162,"column":17}},"56":{"start":{"line":167,"column":4},"end":{"line":167,"column":46}},"57":{"start":{"line":171,"column":4},"end":{"line":171,"column":26}},"58":{"start":{"line":172,"column":4},"end":{"line":172,"column":53}},"59":{"start":{"line":177,"column":22},"end":{"line":177,"column":34}},"60":{"start":{"line":180,"column":26},"end":{"line":182,"column":1}},"61":{"start":{"line":181,"column":2},"end":{"line":181,"column":48}},"62":{"start":{"line":184,"column":29},"end":{"line":186,"column":1}},"63":{"start":{"line":185,"column":2},"end":{"line":185,"column":37}},"64":{"start":{"line":188,"column":24},"end":{"line":190,"column":1}},"65":{"start":{"line":189,"column":2},"end":{"line":189,"column":40}},"66":{"start":{"line":192,"column":23},"end":{"line":194,"column":1}},"67":{"start":{"line":193,"column":2},"end":{"line":193,"column":38}},"68":{"start":{"line":196,"column":33},"end":{"line":198,"column":1}},"69":{"start":{"line":197,"column":2},"end":{"line":197,"column":37}}},"fnMap":{"0":{"name":"(anonymous_0)","decl":{"start":{"line":14,"column":2},"end":{"line":14,"column":3}},"loc":{"start":{"line":14,"column":16},"end":{"line":17,"column":3}},"line":14},"1":{"name":"(anonymous_1)","decl":{"start":{"line":19,"column":2},"end":{"line":19,"column":3}},"loc":{"start":{"line":19,"column":38},"end":{"line":21,"column":3}},"line":19},"2":{"name":"(anonymous_2)","decl":{"start":{"line":23,"column":2},"end":{"line":23,"column":3}},"loc":{"start":{"line":23,"column":46},"end":{"line":26,"column":3}},"line":23},"3":{"name":"(anonymous_3)","decl":{"start":{"line":28,"column":2},"end":{"line":28,"column":3}},"loc":{"start":{"line":28,"column":99},"end":{"line":37,"column":3}},"line":28},"4":{"name":"(anonymous_4)","decl":{"start":{"line":39,"column":2},"end":{"line":39,"column":3}},"loc":{"start":{"line":39,"column":78},"end":{"line":70,"column":3}},"line":39},"5":{"name":"(anonymous_5)","decl":{"start":{"line":72,"column":2},"end":{"line":72,"column":3}},"loc":{"start":{"line":72,"column":47},"end":{"line":80,"column":3}},"line":72},"6":{"name":"(anonymous_6)","decl":{"start":{"line":82,"column":2},"end":{"line":82,"column":3}},"loc":{"start":{"line":82,"column":55},"end":{"line":84,"column":3}},"line":82},"7":{"name":"(anonymous_7)","decl":{"start":{"line":86,"column":2},"end":{"line":86,"column":3}},"loc":{"start":{"line":86,"column":54},"end":{"line":88,"column":3}},"line":86},"8":{"name":"(anonymous_8)","decl":{"start":{"line":90,"column":2},"end":{"line":90,"column":3}},"loc":{"start":{"line":90,"column":54},"end":{"line":92,"column":3}},"line":90},"9":{"name":"(anonymous_9)","decl":{"start":{"line":94,"column":2},"end":{"line":94,"column":3}},"loc":{"start":{"line":94,"column":55},"end":{"line":96,"column":3}},"line":94},"10":{"name":"(anonymous_10)","decl":{"start":{"line":99,"column":2},"end":{"line":99,"column":3}},"loc":{"start":{"line":99,"column":75},"end":{"line":108,"column":3}},"line":99},"11":{"name":"(anonymous_11)","decl":{"start":{"line":110,"column":2},"end":{"line":110,"column":3}},"loc":{"start":{"line":110,"column":44},"end":{"line":112,"column":3}},"line":110},"12":{"name":"(anonymous_12)","decl":{"start":{"line":114,"column":2},"end":{"line":114,"column":3}},"loc":{"start":{"line":114,"column":44},"end":{"line":116,"column":3}},"line":114},"13":{"name":"(anonymous_13)","decl":{"start":{"line":118,"column":2},"end":{"line":118,"column":3}},"loc":{"start":{"line":118,"column":70},"end":{"line":125,"column":3}},"line":118},"14":{"name":"(anonymous_14)","decl":{"start":{"line":127,"column":2},"end":{"line":127,"column":3}},"loc":{"start":{"line":127,"column":47},"end":{"line":129,"column":3}},"line":127},"15":{"name":"(anonymous_15)","decl":{"start":{"line":132,"column":2},"end":{"line":132,"column":3}},"loc":{"start":{"line":132,"column":40},"end":{"line":137,"column":3}},"line":132},"16":{"name":"(anonymous_16)","decl":{"start":{"line":134,"column":30},"end":{"line":134,"column":31}},"loc":{"start":{"line":134,"column":37},"end":{"line":134,"column":56}},"line":134},"17":{"name":"(anonymous_17)","decl":{"start":{"line":139,"column":2},"end":{"line":139,"column":3}},"loc":{"start":{"line":139,"column":40},"end":{"line":141,"column":3}},"line":139},"18":{"name":"(anonymous_18)","decl":{"start":{"line":143,"column":2},"end":{"line":143,"column":3}},"loc":{"start":{"line":143,"column":14},"end":{"line":145,"column":3}},"line":143},"19":{"name":"(anonymous_19)","decl":{"start":{"line":147,"column":2},"end":{"line":147,"column":3}},"loc":{"start":{"line":147,"column":13},"end":{"line":163,"column":3}},"line":147},"20":{"name":"(anonymous_20)","decl":{"start":{"line":155,"column":22},"end":{"line":155,"column":23}},"loc":{"start":{"line":155,"column":29},"end":{"line":160,"column":5}},"line":155},"21":{"name":"(anonymous_21)","decl":{"start":{"line":166,"column":2},"end":{"line":166,"column":3}},"loc":{"start":{"line":166,"column":23},"end":{"line":168,"column":3}},"line":166},"22":{"name":"(anonymous_22)","decl":{"start":{"line":170,"column":2},"end":{"line":170,"column":3}},"loc":{"start":{"line":170,"column":31},"end":{"line":173,"column":3}},"line":170},"23":{"name":"(anonymous_23)","decl":{"start":{"line":180,"column":26},"end":{"line":180,"column":27}},"loc":{"start":{"line":180,"column":95},"end":{"line":182,"column":1}},"line":180},"24":{"name":"(anonymous_24)","decl":{"start":{"line":184,"column":29},"end":{"line":184,"column":30}},"loc":{"start":{"line":184,"column":64},"end":{"line":186,"column":1}},"line":184},"25":{"name":"(anonymous_25)","decl":{"start":{"line":188,"column":24},"end":{"line":188,"column":25}},"loc":{"start":{"line":188,"column":76},"end":{"line":190,"column":1}},"line":188},"26":{"name":"(anonymous_26)","decl":{"start":{"line":192,"column":23},"end":{"line":192,"column":24}},"loc":{"start":{"line":192,"column":74},"end":{"line":194,"column":1}},"line":192},"27":{"name":"(anonymous_27)","decl":{"start":{"line":196,"column":33},"end":{"line":196,"column":34}},"loc":{"start":{"line":196,"column":64},"end":{"line":198,"column":1}},"line":196}},"branchMap":{"0":{"loc":{"start":{"line":16,"column":20},"end":{"line":16,"column":79}},"type":"cond-expr","locations":[{"start":{"line":16,"column":63},"end":{"line":16,"column":70}},{"start":{"line":16,"column":73},"end":{"line":16,"column":79}}],"line":16},"1":{"loc":{"start":{"line":40,"column":4},"end":{"line":40,"column":39}},"type":"if","locations":[{"start":{"line":40,"column":4},"end":{"line":40,"column":39}},{"start":{},"end":{}}],"line":40},"2":{"loc":{"start":{"line":46,"column":4},"end":{"line":48,"column":5}},"type":"if","locations":[{"start":{"line":46,"column":4},"end":{"line":48,"column":5}},{"start":{},"end":{}}],"line":46},"3":{"loc":{"start":{"line":51,"column":23},"end":{"line":51,"column":52}},"type":"cond-expr","locations":[{"start":{"line":51,"column":33},"end":{"line":51,"column":47}},{"start":{"line":51,"column":50},"end":{"line":51,"column":52}}],"line":51},"4":{"loc":{"start":{"line":56,"column":4},"end":{"line":69,"column":5}},"type":"switch","locations":[{"start":{"line":57,"column":6},"end":{"line":59,"column":14}},{"start":{"line":60,"column":6},"end":{"line":62,"column":14}},{"start":{"line":63,"column":6},"end":{"line":65,"column":14}},{"start":{"line":66,"column":6},"end":{"line":68,"column":14}}],"line":56},"5":{"loc":{"start":{"line":79,"column":11},"end":{"line":79,"column":32}},"type":"binary-expr","locations":[{"start":{"line":79,"column":11},"end":{"line":79,"column":24}},{"start":{"line":79,"column":28},"end":{"line":79,"column":32}}],"line":79},"6":{"loc":{"start":{"line":103,"column":4},"end":{"line":107,"column":5}},"type":"if","locations":[{"start":{"line":103,"column":4},"end":{"line":107,"column":5}},{"start":{"line":105,"column":11},"end":{"line":107,"column":5}}],"line":103},"7":{"loc":{"start":{"line":103,"column":8},"end":{"line":103,"column":31}},"type":"binary-expr","locations":[{"start":{"line":103,"column":8},"end":{"line":103,"column":14}},{"start":{"line":103,"column":18},"end":{"line":103,"column":31}}],"line":103},"8":{"loc":{"start":{"line":118,"column":54},"end":{"line":118,"column":68}},"type":"default-arg","locations":[{"start":{"line":118,"column":64},"end":{"line":118,"column":68}}],"line":118},"9":{"loc":{"start":{"line":119,"column":41},"end":{"line":119,"column":77}},"type":"cond-expr","locations":[{"start":{"line":119,"column":54},"end":{"line":119,"column":72}},{"start":{"line":119,"column":75},"end":{"line":119,"column":77}}],"line":119},"10":{"loc":{"start":{"line":120,"column":4},"end":{"line":124,"column":5}},"type":"if","locations":[{"start":{"line":120,"column":4},"end":{"line":124,"column":5}},{"start":{"line":122,"column":11},"end":{"line":124,"column":5}}],"line":120},"11":{"loc":{"start":{"line":133,"column":4},"end":{"line":135,"column":5}},"type":"if","locations":[{"start":{"line":133,"column":4},"end":{"line":135,"column":5}},{"start":{},"end":{}}],"line":133},"12":{"loc":{"start":{"line":139,"column":16},"end":{"line":139,"column":26}},"type":"default-arg","locations":[{"start":{"line":139,"column":24},"end":{"line":139,"column":26}}],"line":139},"13":{"loc":{"start":{"line":156,"column":34},"end":{"line":156,"column":63}},"type":"binary-expr","locations":[{"start":{"line":156,"column":34},"end":{"line":156,"column":58}},{"start":{"line":156,"column":62},"end":{"line":156,"column":63}}],"line":156},"14":{"loc":{"start":{"line":157,"column":6},"end":{"line":159,"column":7}},"type":"if","locations":[{"start":{"line":157,"column":6},"end":{"line":159,"column":7}},{"start":{},"end":{}}],"line":157},"15":{"loc":{"start":{"line":158,"column":40},"end":{"line":158,"column":73}},"type":"binary-expr","locations":[{"start":{"line":158,"column":40},"end":{"line":158,"column":68}},{"start":{"line":158,"column":72},"end":{"line":158,"column":73}}],"line":158}},"s":{"0":2,"1":2,"2":2,"3":2,"4":2,"5":166,"6":166,"7":160,"8":166,"9":6,"10":160,"11":160,"12":160,"13":2,"14":160,"15":160,"16":160,"17":160,"18":14,"19":14,"20":124,"21":124,"22":12,"23":12,"24":10,"25":10,"26":160,"27":160,"28":16,"29":128,"30":12,"31":10,"32":6,"33":6,"34":6,"35":2,"36":4,"37":4,"38":4,"39":4,"40":4,"41":2,"42":2,"43":3,"44":40,"45":2,"46":8,"47":38,"48":2,"49":161,"50":2,"51":2,"52":8,"53":8,"54":6,"55":2,"56":2,"57":81,"58":81,"59":2,"60":2,"61":2,"62":2,"63":2,"64":2,"65":2,"66":2,"67":2,"68":2,"69":2},"f":{"0":2,"1":2,"2":166,"3":160,"4":166,"5":160,"6":16,"7":128,"8":12,"9":10,"10":6,"11":4,"12":4,"13":4,"14":3,"15":40,"16":8,"17":2,"18":161,"19":2,"20":8,"21":2,"22":81,"23":2,"24":2,"25":2,"26":2,"27":2},"b":{"0":[0,2],"1":[6,160],"2":[2,158],"3":[119,41],"4":[14,124,12,10],"5":[160,0],"6":[2,4],"7":[6,6],"8":[0],"9":[4,0],"10":[2,2],"11":[2,38],"12":[0],"13":[8,8],"14":[6,2],"15":[6,4]},"_coverageSchema":"1a1c01bbd47fc00a2c39e90264f33305004495a9","hash":"6e7c3e6544d34155baade924a8dc671b3185db75"}
,"/Users/yuyamukai/Eureka/web/frontend/src/utils/toast.ts": {"path":"/Users/yuyamukai/Eureka/web/frontend/src/utils/toast.ts","statementMap":{"0":{"start":{"line":7,"column":37},"end":{"line":15,"column":1}},"1":{"start":{"line":18,"column":27},"end":{"line":20,"column":1}},"2":{"start":{"line":19,"column":2},"end":{"line":19,"column":60}},"3":{"start":{"line":23,"column":25},"end":{"line":25,"column":1}},"4":{"start":{"line":24,"column":2},"end":{"line":24,"column":58}},"5":{"start":{"line":28,"column":24},"end":{"line":30,"column":1}},"6":{"start":{"line":29,"column":2},"end":{"line":29,"column":57}},"7":{"start":{"line":33,"column":27},"end":{"line":35,"column":1}},"8":{"start":{"line":34,"column":2},"end":{"line":34,"column":60}},"9":{"start":{"line":38,"column":25},"end":{"line":47,"column":1}},"10":{"start":{"line":39,"column":24},"end":{"line":44,"column":9}},"11":{"start":{"line":46,"column":2},"end":{"line":46,"column":34}}},"fnMap":{"0":{"name":"(anonymous_0)","decl":{"start":{"line":18,"column":27},"end":{"line":18,"column":28}},"loc":{"start":{"line":18,"column":72},"end":{"line":20,"column":1}},"line":18},"1":{"name":"(anonymous_1)","decl":{"start":{"line":23,"column":25},"end":{"line":23,"column":26}},"loc":{"start":{"line":23,"column":70},"end":{"line":25,"column":1}},"line":23},"2":{"name":"(anonymous_2)","decl":{"start":{"line":28,"column":24},"end":{"line":28,"column":25}},"loc":{"start":{"line":28,"column":69},"end":{"line":30,"column":1}},"line":28},"3":{"name":"(anonymous_3)","decl":{"start":{"line":33,"column":27},"end":{"line":33,"column":28}},"loc":{"start":{"line":33,"column":72},"end":{"line":35,"column":1}},"line":33},"4":{"name":"(anonymous_4)","decl":{"start":{"line":38,"column":25},"end":{"line":38,"column":26}},"loc":{"start":{"line":38,"column":127},"end":{"line":47,"column":1}},"line":38}},"branchMap":{"0":{"loc":{"start":{"line":38,"column":43},"end":{"line":38,"column":98}},"type":"default-arg","locations":[{"start":{"line":38,"column":92},"end":{"line":38,"column":98}}],"line":38}},"s":{"0":2,"1":2,"2":6,"3":2,"4":16,"5":2,"6":4,"7":2,"8":4,"9":2,"10":8,"11":8},"f":{"0":6,"1":16,"2":4,"3":4,"4":8},"b":{"0":[2]},"_coverageSchema":"1a1c01bbd47fc00a2c39e90264f33305004495a9","hash":"b2fb1ac4c8ac52e9962dc299bd18759aadbb2323"}
}
