TN:
SF:src/App.tsx
FN:28,App
FN:63,(anonymous_1)
FN:67,(anonymous_2)
FN:73,(anonymous_3)
FN:90,(anonymous_4)
FN:112,(anonymous_5)
FN:118,(anonymous_6)
FN:147,(anonymous_7)
FN:168,(anonymous_8)
FN:180,(anonymous_9)
FN:188,(anonymous_10)
FN:199,(anonymous_11)
FN:205,(anonymous_12)
FN:213,(anonymous_13)
FN:238,(anonymous_14)
FN:261,(anonymous_15)
FN:272,(anonymous_16)
FN:286,(anonymous_17)
FN:335,(anonymous_18)
FN:347,(anonymous_19)
FN:353,(anonymous_20)
FN:363,(anonymous_21)
FN:373,(anonymous_22)
FN:434,(anonymous_23)
FN:448,(anonymous_24)
FN:477,(anonymous_25)
FN:535,(anonymous_26)
FN:538,(anonymous_27)
FN:595,(anonymous_28)
FN:617,(anonymous_29)
FNF:30
FNH:0
FNDA:0,App
FNDA:0,(anonymous_1)
FNDA:0,(anonymous_2)
FNDA:0,(anonymous_3)
FNDA:0,(anonymous_4)
FNDA:0,(anonymous_5)
FNDA:0,(anonymous_6)
FNDA:0,(anonymous_7)
FNDA:0,(anonymous_8)
FNDA:0,(anonymous_9)
FNDA:0,(anonymous_10)
FNDA:0,(anonymous_11)
FNDA:0,(anonymous_12)
FNDA:0,(anonymous_13)
FNDA:0,(anonymous_14)
FNDA:0,(anonymous_15)
FNDA:0,(anonymous_16)
FNDA:0,(anonymous_17)
FNDA:0,(anonymous_18)
FNDA:0,(anonymous_19)
FNDA:0,(anonymous_20)
FNDA:0,(anonymous_21)
FNDA:0,(anonymous_22)
FNDA:0,(anonymous_23)
FNDA:0,(anonymous_24)
FNDA:0,(anonymous_25)
FNDA:0,(anonymous_26)
FNDA:0,(anonymous_27)
FNDA:0,(anonymous_28)
FNDA:0,(anonymous_29)
DA:29,0
DA:30,0
DA:31,0
DA:32,0
DA:33,0
DA:34,0
DA:35,0
DA:36,0
DA:37,0
DA:38,0
DA:41,0
DA:44,0
DA:47,0
DA:48,0
DA:51,0
DA:52,0
DA:63,0
DA:64,0
DA:67,0
DA:68,0
DA:69,0
DA:70,0
DA:71,0
DA:73,0
DA:74,0
DA:75,0
DA:79,0
DA:82,0
DA:83,0
DA:86,0
DA:90,0
DA:91,0
DA:92,0
DA:93,0
DA:96,0
DA:97,0
DA:98,0
DA:99,0
DA:101,0
DA:103,0
DA:106,0
DA:107,0
DA:110,0
DA:112,0
DA:118,0
DA:119,0
DA:121,0
DA:128,0
DA:129,0
DA:132,0
DA:133,0
DA:134,0
DA:135,0
DA:137,0
DA:138,0
DA:139,0
DA:142,0
DA:147,0
DA:148,0
DA:150,0
DA:151,0
DA:158,0
DA:159,0
DA:160,0
DA:162,0
DA:163,0
DA:164,0
DA:168,0
DA:169,0
DA:170,0
DA:175,0
DA:176,0
DA:180,0
DA:181,0
DA:182,0
DA:183,0
DA:184,0
DA:185,0
DA:186,0
DA:188,0
DA:189,0
DA:190,0
DA:191,0
DA:192,0
DA:193,0
DA:195,0
DA:196,0
DA:197,0
DA:199,0
DA:200,0
DA:201,0
DA:202,0
DA:205,0
DA:206,0
DA:207,0
DA:208,0
DA:213,0
DA:214,0
DA:216,0
DA:217,0
DA:218,0
DA:221,0
DA:222,0
DA:223,0
DA:224,0
DA:225,0
DA:226,0
DA:228,0
DA:232,0
DA:233,0
DA:238,0
DA:239,0
DA:242,0
DA:243,0
DA:244,0
DA:248,0
DA:249,0
DA:250,0
DA:251,0
DA:252,0
DA:253,0
DA:254,0
DA:255,0
DA:257,0
DA:261,0
DA:262,0
DA:266,0
DA:270,0
DA:272,0
DA:274,0
DA:275,0
DA:277,0
DA:278,0
DA:280,0
DA:281,0
DA:286,0
DA:287,0
DA:288,0
DA:289,0
DA:290,0
DA:291,0
DA:292,0
DA:294,0
DA:295,0
DA:296,0
DA:298,0
DA:299,0
DA:300,0
DA:302,0
DA:304,0
DA:305,0
DA:306,0
DA:307,0
DA:310,0
DA:311,0
DA:312,0
DA:314,0
DA:317,0
DA:318,0
DA:319,0
DA:322,0
DA:323,0
DA:325,0
DA:326,0
DA:328,0
DA:330,0
DA:331,0
DA:335,0
DA:336,0
DA:337,0
DA:338,0
DA:343,0
DA:347,0
DA:354,0
DA:355,0
DA:356,0
DA:364,0
DA:365,0
DA:366,0
DA:374,0
DA:375,0
DA:376,0
DA:382,0
DA:384,0
DA:434,0
DA:448,0
DA:477,0
DA:536,0
DA:538,0
DA:539,0
DA:543,0
DA:545,0
DA:546,0
DA:549,0
DA:550,0
DA:552,0
DA:554,0
DA:556,0
DA:557,0
DA:559,0
DA:561,0
DA:570,0
DA:573,0
DA:577,0
DA:578,0
DA:579,0
DA:583,0
DA:595,0
DA:617,0
LF:209
LH:0
BRDA:110,0,0,0
BRDA:110,0,1,0
BRDA:128,1,0,0
BRDA:128,1,1,0
BRDA:128,2,0,0
BRDA:128,2,1,0
BRDA:142,3,0,0
BRDA:142,3,1,0
BRDA:148,4,0,0
BRDA:148,4,1,0
BRDA:169,5,0,0
BRDA:169,5,1,0
BRDA:190,6,0,0
BRDA:190,6,1,0
BRDA:192,7,0,0
BRDA:192,7,1,0
BRDA:196,8,0,0
BRDA:196,8,1,0
BRDA:206,9,0,0
BRDA:206,9,1,0
BRDA:206,10,0,0
BRDA:206,10,1,0
BRDA:216,11,0,0
BRDA:216,11,1,0
BRDA:222,12,0,0
BRDA:222,12,1,0
BRDA:225,13,0,0
BRDA:225,13,1,0
BRDA:232,14,0,0
BRDA:232,14,1,0
BRDA:242,15,0,0
BRDA:242,15,1,0
BRDA:248,16,0,0
BRDA:248,16,1,0
BRDA:248,17,0,0
BRDA:248,17,1,0
BRDA:253,18,0,0
BRDA:253,18,1,0
BRDA:274,19,0,0
BRDA:274,19,1,0
BRDA:277,20,0,0
BRDA:277,20,1,0
BRDA:280,21,0,0
BRDA:280,21,1,0
BRDA:288,22,0,0
BRDA:288,22,1,0
BRDA:304,23,0,0
BRDA:304,23,1,0
BRDA:305,24,0,0
BRDA:305,24,1,0
BRDA:307,25,0,0
BRDA:307,25,1,0
BRDA:310,26,0,0
BRDA:310,26,1,0
BRDA:310,27,0,0
BRDA:310,27,1,0
BRDA:317,28,0,0
BRDA:317,28,1,0
BRDA:336,29,0,0
BRDA:336,29,1,0
BRDA:365,30,0,0
BRDA:365,30,1,0
BRDA:365,31,0,0
BRDA:365,31,1,0
BRDA:374,32,0,0
BRDA:374,32,1,0
BRDA:375,33,0,0
BRDA:375,33,1,0
BRDA:376,34,0,0
BRDA:376,34,1,0
BRDA:404,35,0,0
BRDA:404,35,1,0
BRDA:406,36,0,0
BRDA:406,36,1,0
BRDA:408,37,0,0
BRDA:408,37,1,0
BRDA:413,38,0,0
BRDA:413,38,1,0
BRDA:415,39,0,0
BRDA:415,39,1,0
BRDA:417,40,0,0
BRDA:417,40,1,0
BRDA:422,41,0,0
BRDA:422,41,1,0
BRDA:423,42,0,0
BRDA:423,42,1,0
BRDA:424,43,0,0
BRDA:424,43,1,0
BRDA:425,44,0,0
BRDA:425,44,1,0
BRDA:456,45,0,0
BRDA:456,45,1,0
BRDA:483,46,0,0
BRDA:483,46,1,0
BRDA:483,46,2,0
BRDA:491,47,0,0
BRDA:491,47,1,0
BRDA:506,48,0,0
BRDA:506,48,1,0
BRDA:517,49,0,0
BRDA:517,49,1,0
BRDA:532,50,0,0
BRDA:532,50,1,0
BRDA:533,51,0,0
BRDA:533,51,1,0
BRDA:539,52,0,0
BRDA:539,52,1,0
BRDA:539,52,2,0
BRDA:543,53,0,0
BRDA:543,53,1,0
BRDA:549,54,0,0
BRDA:549,54,1,0
BRDA:550,55,0,0
BRDA:550,55,1,0
BRDA:556,56,0,0
BRDA:556,56,1,0
BRDA:559,57,0,0
BRDA:559,57,1,0
BRDA:559,58,0,0
BRDA:559,58,1,0
BRDA:608,59,0,0
BRDA:608,59,1,0
BRDA:609,60,0,0
BRDA:609,60,1,0
BRDA:610,61,0,0
BRDA:610,61,1,0
BRDA:611,62,0,0
BRDA:611,62,1,0
BRDA:611,63,0,0
BRDA:611,63,1,0
BRF:130
BRH:0
end_of_record
TN:
SF:src/api.ts
FN:18,(anonymous_0)
FN:19,(anonymous_1)
FN:32,(anonymous_2)
FNF:3
FNH:0
FNDA:0,(anonymous_0)
FNDA:0,(anonymous_1)
FNDA:0,(anonymous_2)
DA:5,0
DA:8,0
DA:17,0
DA:18,0
DA:20,0
DA:23,0
DA:29,0
DA:32,0
DA:35,0
DA:38,0
LF:10
LH:0
BRDA:5,0,0,0
BRDA:5,0,1,0
BRDA:23,1,0,0
BRDA:23,1,1,0
BRDA:24,2,0,0
BRDA:24,2,1,0
BRDA:24,2,2,0
BRDA:24,2,3,0
BRDA:24,2,4,0
BRDA:24,2,5,0
BRF:10
BRH:0
end_of_record
TN:
SF:src/constants.ts
FNF:0
FNH:0
DA:6,1
DA:9,1
DA:12,1
DA:13,1
DA:16,1
DA:21,1
DA:28,1
DA:29,1
DA:30,1
DA:31,1
DA:35,1
LF:11
LH:11
BRDA:9,0,0,1
BRDA:9,0,1,1
BRF:2
BRH:2
end_of_record
TN:
SF:src/index.tsx
FNF:0
FNH:0
DA:6,0
DA:9,0
LF:2
LH:0
BRF:0
BRH:0
end_of_record
TN:
SF:src/components/BookmarkManager.tsx
FN:15,(anonymous_0)
FN:31,(anonymous_1)
FN:36,(anonymous_2)
FN:37,(anonymous_3)
FN:55,(anonymous_4)
FN:62,(anonymous_5)
FN:65,(anonymous_6)
FN:67,(anonymous_7)
FN:80,(anonymous_8)
FN:87,(anonymous_9)
FN:93,(anonymous_10)
FN:106,(anonymous_11)
FN:110,(anonymous_12)
FN:129,(anonymous_13)
FN:142,(anonymous_14)
FN:174,(anonymous_15)
FN:189,(anonymous_16)
FN:196,(anonymous_17)
FN:200,(anonymous_18)
FN:252,(anonymous_19)
FN:275,(anonymous_20)
FN:289,(anonymous_21)
FN:295,(anonymous_22)
FN:301,(anonymous_23)
FN:344,(anonymous_24)
FN:344,(anonymous_25)
FN:352,(anonymous_26)
FN:352,(anonymous_27)
FNF:28
FNH:0
FNDA:0,(anonymous_0)
FNDA:0,(anonymous_1)
FNDA:0,(anonymous_2)
FNDA:0,(anonymous_3)
FNDA:0,(anonymous_4)
FNDA:0,(anonymous_5)
FNDA:0,(anonymous_6)
FNDA:0,(anonymous_7)
FNDA:0,(anonymous_8)
FNDA:0,(anonymous_9)
FNDA:0,(anonymous_10)
FNDA:0,(anonymous_11)
FNDA:0,(anonymous_12)
FNDA:0,(anonymous_13)
FNDA:0,(anonymous_14)
FNDA:0,(anonymous_15)
FNDA:0,(anonymous_16)
FNDA:0,(anonymous_17)
FNDA:0,(anonymous_18)
FNDA:0,(anonymous_19)
FNDA:0,(anonymous_20)
FNDA:0,(anonymous_21)
FNDA:0,(anonymous_22)
FNDA:0,(anonymous_23)
FNDA:0,(anonymous_24)
FNDA:0,(anonymous_25)
FNDA:0,(anonymous_26)
FNDA:0,(anonymous_27)
DA:15,0
DA:23,0
DA:24,0
DA:25,0
DA:26,0
DA:27,0
DA:28,0
DA:29,0
DA:31,0
DA:32,0
DA:36,0
DA:37,0
DA:38,0
DA:39,0
DA:43,0
DA:44,0
DA:46,0
DA:49,0
DA:50,0
DA:51,0
DA:55,0
DA:56,0
DA:57,0
DA:62,0
DA:65,0
DA:66,0
DA:67,0
DA:68,0
DA:72,0
DA:74,0
DA:79,0
DA:80,0
DA:81,0
DA:82,0
DA:83,0
DA:87,0
DA:88,0
DA:91,0
DA:93,0
DA:94,0
DA:95,0
DA:96,0
DA:98,0
DA:100,0
DA:101,0
DA:102,0
DA:106,0
DA:107,0
DA:108,0
DA:110,0
DA:112,0
DA:113,0
DA:115,0
DA:117,0
DA:118,0
DA:119,0
DA:120,0
DA:122,0
DA:123,0
DA:125,0
DA:129,0
DA:130,0
DA:131,0
DA:135,0
DA:142,0
DA:174,0
DA:189,0
DA:197,0
DA:200,0
DA:253,0
DA:276,0
DA:289,0
DA:296,0
DA:297,0
DA:298,0
DA:299,0
DA:301,0
DA:302,0
DA:303,0
DA:304,0
DA:344,0
DA:352,0
LF:82
LH:0
BRDA:21,0,0,0
BRDA:38,1,0,0
BRDA:38,1,1,0
BRDA:38,2,0,0
BRDA:38,2,1,0
BRDA:43,3,0,0
BRDA:43,3,1,0
BRDA:50,4,0,0
BRDA:50,4,1,0
BRDA:68,5,0,0
BRDA:68,5,1,0
BRDA:68,5,2,0
BRDA:72,6,0,0
BRDA:72,6,1,0
BRDA:74,7,0,0
BRDA:74,7,1,0
BRDA:91,8,0,0
BRDA:91,8,1,0
BRDA:95,9,0,0
BRDA:95,9,1,0
BRDA:101,10,0,0
BRDA:101,10,1,0
BRDA:130,11,0,0
BRDA:130,11,1,0
BRDA:184,12,0,0
BRDA:184,12,1,0
BRDA:191,13,0,0
BRDA:191,13,1,0
BRDA:202,14,0,0
BRDA:202,14,1,0
BRDA:218,15,0,0
BRDA:218,15,1,0
BRDA:223,16,0,0
BRDA:223,16,1,0
BRDA:234,17,0,0
BRDA:234,17,1,0
BRDA:236,18,0,0
BRDA:236,18,1,0
BRDA:246,19,0,0
BRDA:246,19,1,0
BRDA:248,20,0,0
BRDA:248,20,1,0
BRDA:248,21,0,0
BRDA:248,21,1,0
BRDA:273,22,0,0
BRDA:273,22,1,0
BRDA:285,23,0,0
BRDA:285,23,1,0
BRDA:296,24,0,0
BRDA:296,24,1,0
BRDA:311,25,0,0
BRDA:311,25,1,0
BRDA:316,26,0,0
BRDA:316,26,1,0
BRDA:336,27,0,0
BRDA:336,27,1,0
BRF:56
BRH:0
end_of_record
TN:
SF:src/components/ComparisonRadarChart.tsx
FN:31,(anonymous_0)
FN:40,(anonymous_1)
FN:69,(anonymous_2)
FN:83,(anonymous_3)
FN:84,(anonymous_4)
FN:87,(anonymous_5)
FN:94,(anonymous_6)
FN:193,(anonymous_7)
FNF:8
FNH:0
FNDA:0,(anonymous_0)
FNDA:0,(anonymous_1)
FNDA:0,(anonymous_2)
FNDA:0,(anonymous_3)
FNDA:0,(anonymous_4)
FNDA:0,(anonymous_5)
FNDA:0,(anonymous_6)
FNDA:0,(anonymous_7)
DA:31,0
DA:40,0
DA:41,0
DA:42,0
DA:43,0
DA:65,0
DA:69,0
DA:70,0
DA:79,0
DA:83,0
DA:84,0
DA:87,0
DA:88,0
DA:90,0
DA:91,0
DA:92,0
DA:94,0
DA:95,0
DA:98,0
DA:103,0
DA:104,0
DA:121,0
DA:194,0
DA:195,0
LF:24
LH:0
BRDA:34,0,0,0
BRDA:35,1,0,0
BRDA:41,2,0,0
BRDA:41,2,1,0
BRDA:41,3,0,0
BRDA:41,3,1,0
BRDA:41,3,2,0
BRDA:56,4,0,0
BRDA:56,4,1,0
BRDA:79,5,0,0
BRDA:79,5,1,0
BRDA:83,6,0,0
BRDA:83,6,1,0
BRDA:84,7,0,0
BRDA:84,7,1,0
BRDA:88,8,0,0
BRDA:88,8,1,0
BRDA:88,8,2,0
BRDA:88,8,3,0
BRDA:88,8,4,0
BRDA:90,9,0,0
BRDA:90,9,1,0
BRDA:91,10,0,0
BRDA:91,10,1,0
BRDA:95,11,0,0
BRDA:95,11,1,0
BRDA:95,12,0,0
BRDA:95,12,1,0
BRDA:98,13,0,0
BRDA:98,13,1,0
BRDA:100,14,0,0
BRDA:100,14,1,0
BRDA:103,15,0,0
BRDA:103,15,1,0
BRDA:106,16,0,0
BRDA:106,16,1,0
BRDA:123,17,0,0
BRDA:123,17,1,0
BRDA:133,18,0,0
BRDA:133,18,1,0
BRDA:134,19,0,0
BRDA:134,19,1,0
BRDA:203,20,0,0
BRDA:203,20,1,0
BRDA:204,21,0,0
BRDA:204,21,1,0
BRDA:206,22,0,0
BRDA:206,22,1,0
BRDA:224,23,0,0
BRDA:224,23,1,0
BRF:50
BRH:0
end_of_record
TN:
SF:src/components/DuplicateWarningDialog.tsx
FN:16,(anonymous_0)
FN:31,(anonymous_1)
FN:44,(anonymous_2)
FN:57,(anonymous_3)
FN:64,(anonymous_4)
FN:68,(anonymous_5)
FN:80,(anonymous_6)
FN:84,(anonymous_7)
FN:128,(anonymous_8)
FN:143,(anonymous_9)
FN:158,(anonymous_10)
FN:177,(anonymous_11)
FN:227,(anonymous_12)
FN:229,(anonymous_13)
FNF:14
FNH:0
FNDA:0,(anonymous_0)
FNDA:0,(anonymous_1)
FNDA:0,(anonymous_2)
FNDA:0,(anonymous_3)
FNDA:0,(anonymous_4)
FNDA:0,(anonymous_5)
FNDA:0,(anonymous_6)
FNDA:0,(anonymous_7)
FNDA:0,(anonymous_8)
FNDA:0,(anonymous_9)
FNDA:0,(anonymous_10)
FNDA:0,(anonymous_11)
FNDA:0,(anonymous_12)
FNDA:0,(anonymous_13)
DA:16,0
DA:26,0
DA:27,0
DA:29,0
DA:31,0
DA:32,0
DA:34,0
DA:36,0
DA:38,0
DA:40,0
DA:44,0
DA:45,0
DA:47,0
DA:49,0
DA:51,0
DA:53,0
DA:57,0
DA:58,0
DA:59,0
DA:60,0
DA:61,0
DA:64,0
DA:65,0
DA:68,0
DA:69,0
DA:77,0
DA:80,0
DA:81,0
DA:84,0
DA:85,0
DA:86,0
DA:89,0
DA:128,0
DA:144,0
DA:158,0
DA:178,0
DA:228,0
DA:229,0
LF:38
LH:0
BRDA:29,0,0,0
BRDA:29,0,1,0
BRDA:32,1,0,0
BRDA:32,1,1,0
BRDA:32,1,2,0
BRDA:32,1,3,0
BRDA:45,2,0,0
BRDA:45,2,1,0
BRDA:45,2,2,0
BRDA:45,2,3,0
BRDA:58,3,0,0
BRDA:58,3,1,0
BRDA:59,4,0,0
BRDA:59,4,1,0
BRDA:60,5,0,0
BRDA:60,5,1,0
BRDA:77,6,0,0
BRDA:77,6,1,0
BRDA:81,7,0,0
BRDA:81,7,1,0
BRDA:85,8,0,0
BRDA:85,8,1,0
BRDA:101,9,0,0
BRDA:101,9,1,0
BRDA:125,10,0,0
BRDA:125,10,1,0
BRDA:126,11,0,0
BRDA:126,11,1,0
BRDA:131,12,0,0
BRDA:131,12,1,0
BRDA:139,13,0,0
BRDA:139,13,1,0
BRDA:151,14,0,0
BRDA:151,14,1,0
BRDA:151,14,2,0
BRDA:161,15,0,0
BRDA:161,15,1,0
BRDA:169,16,0,0
BRDA:169,16,1,0
BRDA:173,17,0,0
BRDA:173,17,1,0
BRDA:173,17,2,0
BRDA:197,18,0,0
BRDA:197,18,1,0
BRDA:200,19,0,0
BRDA:200,19,1,0
BRDA:203,20,0,0
BRDA:203,20,1,0
BRDA:216,21,0,0
BRDA:216,21,1,0
BRDA:225,22,0,0
BRDA:225,22,1,0
BRF:52
BRH:0
end_of_record
TN:
SF:src/components/IdeaGenerationForm.tsx
FN:16,(anonymous_0)
FN:46,(anonymous_1)
FN:47,(anonymous_2)
FN:70,(anonymous_3)
FN:75,(anonymous_4)
FN:77,(anonymous_5)
FN:79,(anonymous_6)
FN:83,(anonymous_7)
FN:158,(anonymous_8)
FN:176,(anonymous_9)
FN:199,(anonymous_10)
FN:237,(anonymous_11)
FN:407,(anonymous_12)
FNF:13
FNH:0
FNDA:0,(anonymous_0)
FNDA:0,(anonymous_1)
FNDA:0,(anonymous_2)
FNDA:0,(anonymous_3)
FNDA:0,(anonymous_4)
FNDA:0,(anonymous_5)
FNDA:0,(anonymous_6)
FNDA:0,(anonymous_7)
FNDA:0,(anonymous_8)
FNDA:0,(anonymous_9)
FNDA:0,(anonymous_10)
FNDA:0,(anonymous_11)
FNDA:0,(anonymous_12)
DA:16,0
DA:24,0
DA:39,0
DA:40,0
DA:41,0
DA:42,0
DA:43,0
DA:46,0
DA:47,0
DA:48,0
DA:49,0
DA:50,0
DA:51,0
DA:53,0
DA:54,0
DA:56,0
DA:59,0
DA:60,0
DA:61,0
DA:62,0
DA:64,0
DA:67,0
DA:70,0
DA:71,0
DA:73,0
DA:74,0
DA:75,0
DA:76,0
DA:77,0
DA:79,0
DA:83,0
DA:84,0
DA:87,0
DA:94,0
DA:95,0
DA:99,0
DA:100,0
DA:103,0
DA:106,0
DA:108,0
DA:159,0
DA:176,0
DA:200,0
DA:237,0
DA:408,0
DA:409,0
DA:410,0
LF:47
LH:0
BRDA:19,0,0,0
BRDA:21,1,0,0
BRDA:53,2,0,0
BRDA:53,2,1,0
BRDA:53,3,0,0
BRDA:53,3,1,0
BRDA:73,4,0,0
BRDA:73,4,1,0
BRDA:76,5,0,0
BRDA:76,5,1,0
BRDA:77,6,0,0
BRDA:77,6,1,0
BRDA:89,7,0,0
BRDA:89,7,1,0
BRDA:90,8,0,0
BRDA:90,8,1,0
BRDA:94,9,0,0
BRDA:94,9,1,0
BRDA:94,10,0,0
BRDA:94,10,1,0
BRDA:99,11,0,0
BRDA:99,11,1,0
BRDA:99,12,0,0
BRDA:99,12,1,0
BRDA:106,13,0,0
BRDA:106,13,1,0
BRDA:184,14,0,0
BRDA:184,14,1,0
BRDA:188,15,0,0
BRDA:188,15,1,0
BRDA:193,16,0,0
BRDA:193,16,1,0
BRDA:198,17,0,0
BRDA:198,17,1,0
BRDA:201,18,0,0
BRDA:201,18,1,0
BRDA:215,19,0,0
BRDA:215,19,1,0
BRDA:223,20,0,0
BRDA:223,20,1,0
BRDA:245,21,0,0
BRDA:245,21,1,0
BRDA:252,22,0,0
BRDA:252,22,1,0
BRDA:259,23,0,0
BRDA:259,23,1,0
BRDA:259,23,2,0
BRDA:334,24,0,0
BRDA:334,24,1,0
BRDA:395,25,0,0
BRDA:395,25,1,0
BRDA:409,26,0,0
BRDA:409,26,1,0
BRDA:409,27,0,0
BRDA:409,27,1,0
BRDA:424,28,0,0
BRDA:424,28,1,0
BRDA:437,29,0,0
BRDA:437,29,1,0
BRDA:452,30,0,0
BRDA:452,30,1,0
BRDA:455,31,0,0
BRDA:455,31,1,0
BRF:63
BRH:0
end_of_record
TN:
SF:src/components/KeyboardShortcutsDialog.tsx
FN:11,(anonymous_0)
FN:19,(anonymous_1)
FN:60,(anonymous_2)
FN:66,(anonymous_3)
FNF:4
FNH:0
FNDA:0,(anonymous_0)
FNDA:0,(anonymous_1)
FNDA:0,(anonymous_2)
FNDA:0,(anonymous_3)
DA:11,0
DA:16,0
DA:19,0
DA:20,0
DA:26,0
DA:27,0
DA:28,0
DA:31,0
DA:61,0
DA:67,0
LF:10
LH:0
BRDA:16,0,0,0
BRDA:16,0,1,0
BRDA:20,1,0,0
BRDA:20,1,1,0
BRDA:22,2,0,0
BRDA:22,2,1,0
BRDA:22,3,0,0
BRDA:22,3,1,0
BRDA:26,4,0,0
BRDA:26,4,1,0
BRF:10
BRH:0
end_of_record
TN:
SF:src/components/MarkdownRenderer.tsx
FN:8,(anonymous_0)
FN:13,(anonymous_1)
FNF:2
FNH:0
FNDA:0,(anonymous_0)
FNDA:0,(anonymous_1)
DA:8,0
DA:10,0
DA:13,0
DA:15,0
DA:22,0
DA:25,0
DA:28,0
DA:31,0
DA:32,0
DA:33,0
DA:36,0
DA:37,0
DA:40,0
DA:43,0
DA:45,0
DA:48,0
LF:16
LH:0
BRDA:8,0,0,0
BRDA:10,1,0,0
BRDA:10,1,1,0
BRF:3
BRH:0
end_of_record
TN:
SF:src/components/ProgressIndicator.tsx
FN:9,(anonymous_0)
FN:10,(anonymous_1)
FN:17,(anonymous_2)
FNF:3
FNH:0
FNDA:0,(anonymous_0)
FNDA:0,(anonymous_1)
FNDA:0,(anonymous_2)
DA:9,0
DA:10,0
DA:11,0
DA:12,0
DA:14,0
DA:17,0
DA:18,0
DA:19,0
DA:21,0
DA:22,0
DA:24,0
DA:27,0
DA:28,0
DA:31,0
LF:14
LH:0
BRDA:11,0,0,0
BRDA:11,0,1,0
BRDA:11,1,0,0
BRDA:11,1,1,0
BRDA:18,2,0,0
BRDA:18,2,1,0
BRDA:21,3,0,0
BRDA:21,3,1,0
BRDA:27,4,0,0
BRDA:27,4,1,0
BRDA:27,5,0,0
BRDA:27,5,1,0
BRDA:52,6,0,0
BRDA:52,6,1,0
BRDA:64,7,0,0
BRDA:64,7,1,0
BRDA:64,7,2,0
BRDA:76,8,0,0
BRDA:76,8,1,0
BRDA:78,9,0,0
BRDA:78,9,1,0
BRDA:84,10,0,0
BRDA:84,10,1,0
BRDA:91,11,0,0
BRDA:91,11,1,0
BRDA:93,12,0,0
BRDA:93,12,1,0
BRDA:99,13,0,0
BRDA:99,13,1,0
BRDA:106,14,0,0
BRDA:106,14,1,0
BRDA:108,15,0,0
BRDA:108,15,1,0
BRDA:114,16,0,0
BRDA:114,16,1,0
BRDA:121,17,0,0
BRDA:121,17,1,0
BRDA:123,18,0,0
BRDA:123,18,1,0
BRDA:129,19,0,0
BRDA:129,19,1,0
BRF:41
BRH:0
end_of_record
TN:
SF:src/components/RadarChart.tsx
FN:21,(anonymous_0)
FN:23,(anonymous_1)
FN:38,(anonymous_2)
FN:52,(anonymous_3)
FN:118,(anonymous_4)
FNF:5
FNH:0
FNDA:0,(anonymous_0)
FNDA:0,(anonymous_1)
FNDA:0,(anonymous_2)
FNDA:0,(anonymous_3)
FNDA:0,(anonymous_4)
DA:21,0
DA:23,0
DA:24,0
DA:25,0
DA:26,0
DA:34,0
DA:38,0
DA:39,0
DA:48,0
DA:52,0
DA:53,0
DA:56,0
DA:57,0
DA:74,0
DA:119,0
LF:15
LH:0
BRDA:24,0,0,0
BRDA:24,0,1,0
BRDA:24,1,0,0
BRDA:24,1,1,0
BRDA:24,1,2,0
BRDA:48,2,0,0
BRDA:48,2,1,0
BRDA:52,3,0,0
BRDA:52,3,1,0
BRDA:53,4,0,0
BRDA:53,4,1,0
BRDA:53,5,0,0
BRDA:53,5,1,0
BRDA:56,6,0,0
BRDA:56,6,1,0
BRDA:59,7,0,0
BRDA:59,7,1,0
BRDA:76,8,0,0
BRDA:76,8,1,0
BRF:19
BRH:0
end_of_record
TN:
SF:src/components/ResultsDisplay.tsx
FN:20,(anonymous_0)
FN:35,(anonymous_1)
FN:42,(anonymous_2)
FN:44,(anonymous_3)
FN:50,(anonymous_4)
FN:56,(anonymous_5)
FN:66,(anonymous_6)
FN:74,(anonymous_7)
FN:79,(anonymous_8)
FN:87,(anonymous_9)
FN:118,(anonymous_10)
FN:126,(anonymous_11)
FN:167,(anonymous_12)
FN:169,(anonymous_13)
FN:196,(anonymous_14)
FN:203,(anonymous_15)
FN:211,(anonymous_16)
FN:218,(anonymous_17)
FN:250,(anonymous_18)
FN:293,(anonymous_19)
FN:344,(anonymous_20)
FN:458,(anonymous_21)
FN:492,(anonymous_22)
FN:526,(anonymous_23)
FN:560,(anonymous_24)
FN:594,(anonymous_25)
FN:704,(anonymous_26)
FN:735,(anonymous_27)
FN:757,(anonymous_28)
FNF:29
FNH:0
FNDA:0,(anonymous_0)
FNDA:0,(anonymous_1)
FNDA:0,(anonymous_2)
FNDA:0,(anonymous_3)
FNDA:0,(anonymous_4)
FNDA:0,(anonymous_5)
FNDA:0,(anonymous_6)
FNDA:0,(anonymous_7)
FNDA:0,(anonymous_8)
FNDA:0,(anonymous_9)
FNDA:0,(anonymous_10)
FNDA:0,(anonymous_11)
FNDA:0,(anonymous_12)
FNDA:0,(anonymous_13)
FNDA:0,(anonymous_14)
FNDA:0,(anonymous_15)
FNDA:0,(anonymous_16)
FNDA:0,(anonymous_17)
FNDA:0,(anonymous_18)
FNDA:0,(anonymous_19)
FNDA:0,(anonymous_20)
FNDA:0,(anonymous_21)
FNDA:0,(anonymous_22)
FNDA:0,(anonymous_23)
FNDA:0,(anonymous_24)
FNDA:0,(anonymous_25)
FNDA:0,(anonymous_26)
FNDA:0,(anonymous_27)
FNDA:0,(anonymous_28)
DA:20,0
DA:29,0
DA:30,0
DA:31,0
DA:32,0
DA:35,0
DA:36,0
DA:38,0
DA:42,0
DA:43,0
DA:44,0
DA:50,0
DA:51,0
DA:52,0
DA:53,0
DA:54,0
DA:56,0
DA:57,0
DA:58,0
DA:59,0
DA:66,0
DA:67,0
DA:68,0
DA:71,0
DA:72,0
DA:74,0
DA:75,0
DA:79,0
DA:80,0
DA:81,0
DA:82,0
DA:84,0
DA:87,0
DA:89,0
DA:91,0
DA:92,0
DA:99,0
DA:103,0
DA:105,0
DA:109,0
DA:110,0
DA:111,0
DA:113,0
DA:114,0
DA:118,0
DA:119,0
DA:120,0
DA:121,0
DA:126,0
DA:127,0
DA:129,0
DA:130,0
DA:131,0
DA:134,0
DA:135,0
DA:136,0
DA:137,0
DA:138,0
DA:139,0
DA:140,0
DA:141,0
DA:143,0
DA:144,0
DA:145,0
DA:146,0
DA:148,0
DA:151,0
DA:155,0
DA:157,0
DA:160,0
DA:161,0
DA:163,0
DA:167,0
DA:169,0
DA:171,0
DA:172,0
DA:185,0
DA:186,0
DA:187,0
DA:188,0
DA:189,0
DA:190,0
DA:191,0
DA:192,0
DA:193,0
DA:196,0
DA:197,0
DA:199,0
DA:200,0
DA:203,0
DA:204,0
DA:205,0
DA:206,0
DA:211,0
DA:212,0
DA:213,0
DA:214,0
DA:215,0
DA:218,0
DA:219,0
DA:220,0
DA:221,0
DA:222,0
DA:225,0
DA:226,0
DA:241,0
DA:251,0
DA:293,0
DA:344,0
DA:458,0
DA:492,0
DA:526,0
DA:560,0
DA:594,0
DA:704,0
DA:735,0
DA:757,0
LF:117
LH:0
BRDA:22,0,0,0
BRDA:23,1,0,0
BRDA:24,2,0,0
BRDA:27,3,0,0
BRDA:36,4,0,0
BRDA:36,4,1,0
BRDA:51,5,0,0
BRDA:51,5,1,0
BRDA:67,6,0,0
BRDA:67,6,1,0
BRDA:67,7,0,0
BRDA:67,7,1,0
BRDA:75,8,0,0
BRDA:75,8,1,0
BRDA:75,8,2,0
BRDA:80,9,0,0
BRDA:80,9,1,0
BRDA:81,10,0,0
BRDA:81,10,1,0
BRDA:84,11,0,0
BRDA:84,11,1,0
BRDA:84,12,0,0
BRDA:84,12,1,0
BRDA:91,13,0,0
BRDA:91,13,1,0
BRDA:91,14,0,0
BRDA:91,14,1,0
BRDA:91,14,2,0
BRDA:93,15,0,0
BRDA:93,15,1,0
BRDA:103,16,0,0
BRDA:103,16,1,0
BRDA:129,17,0,0
BRDA:129,17,1,0
BRDA:129,18,0,0
BRDA:129,18,1,0
BRDA:145,19,0,0
BRDA:145,19,1,0
BRDA:160,20,0,0
BRDA:160,20,1,0
BRDA:212,21,0,0
BRDA:212,21,1,0
BRDA:213,22,0,0
BRDA:213,22,1,0
BRDA:214,23,0,0
BRDA:214,23,1,0
BRDA:219,24,0,0
BRDA:219,24,1,0
BRDA:220,25,0,0
BRDA:220,25,1,0
BRDA:221,26,0,0
BRDA:221,26,1,0
BRDA:225,27,0,0
BRDA:225,27,1,0
BRDA:253,28,0,0
BRDA:253,28,1,0
BRDA:290,29,0,0
BRDA:290,29,1,0
BRDA:305,30,0,0
BRDA:305,30,1,0
BRDA:307,31,0,0
BRDA:307,31,1,0
BRDA:310,32,0,0
BRDA:310,32,1,0
BRDA:317,33,0,0
BRDA:317,33,1,0
BRDA:329,34,0,0
BRDA:329,34,1,0
BRDA:332,35,0,0
BRDA:332,35,1,0
BRDA:340,36,0,0
BRDA:340,36,1,0
BRDA:340,36,2,0
BRDA:354,37,0,0
BRDA:354,37,1,0
BRDA:365,38,0,0
BRDA:365,38,1,0
BRDA:368,39,0,0
BRDA:368,39,1,0
BRDA:373,40,0,0
BRDA:373,40,1,0
BRDA:374,41,0,0
BRDA:374,41,1,0
BRDA:378,42,0,0
BRDA:378,42,1,0
BRDA:379,43,0,0
BRDA:379,43,1,0
BRDA:384,44,0,0
BRDA:384,44,1,0
BRDA:385,45,0,0
BRDA:385,45,1,0
BRDA:390,46,0,0
BRDA:390,46,1,0
BRDA:391,47,0,0
BRDA:391,47,1,0
BRDA:396,48,0,0
BRDA:396,48,1,0
BRDA:397,49,0,0
BRDA:397,49,1,0
BRDA:402,50,0,0
BRDA:402,50,1,0
BRDA:403,51,0,0
BRDA:403,51,1,0
BRDA:408,52,0,0
BRDA:408,52,1,0
BRDA:409,53,0,0
BRDA:409,53,1,0
BRDA:414,54,0,0
BRDA:414,54,1,0
BRDA:415,55,0,0
BRDA:415,55,1,0
BRDA:425,56,0,0
BRDA:425,56,1,0
BRDA:426,57,0,0
BRDA:426,57,1,0
BRDA:427,58,0,0
BRDA:427,58,1,0
BRDA:428,59,0,0
BRDA:428,59,1,0
BRDA:429,60,0,0
BRDA:429,60,1,0
BRDA:430,61,0,0
BRDA:430,61,1,0
BRDA:431,62,0,0
BRDA:431,62,1,0
BRDA:436,63,0,0
BRDA:436,63,1,0
BRDA:439,64,0,0
BRDA:439,64,1,0
BRDA:454,65,0,0
BRDA:454,65,1,0
BRDA:468,66,0,0
BRDA:468,66,1,0
BRDA:479,67,0,0
BRDA:479,67,1,0
BRDA:488,68,0,0
BRDA:488,68,1,0
BRDA:502,69,0,0
BRDA:502,69,1,0
BRDA:513,70,0,0
BRDA:513,70,1,0
BRDA:522,71,0,0
BRDA:522,71,1,0
BRDA:536,72,0,0
BRDA:536,72,1,0
BRDA:547,73,0,0
BRDA:547,73,1,0
BRDA:556,74,0,0
BRDA:556,74,1,0
BRDA:570,75,0,0
BRDA:570,75,1,0
BRDA:581,76,0,0
BRDA:581,76,1,0
BRDA:590,77,0,0
BRDA:590,77,1,0
BRDA:590,77,2,0
BRDA:602,78,0,0
BRDA:602,78,1,0
BRDA:613,79,0,0
BRDA:613,79,1,0
BRDA:616,80,0,0
BRDA:616,80,1,0
BRDA:621,81,0,0
BRDA:621,81,1,0
BRDA:622,82,0,0
BRDA:622,82,1,0
BRDA:626,83,0,0
BRDA:626,83,1,0
BRDA:627,84,0,0
BRDA:627,84,1,0
BRDA:632,85,0,0
BRDA:632,85,1,0
BRDA:633,86,0,0
BRDA:633,86,1,0
BRDA:638,87,0,0
BRDA:638,87,1,0
BRDA:639,88,0,0
BRDA:639,88,1,0
BRDA:644,89,0,0
BRDA:644,89,1,0
BRDA:645,90,0,0
BRDA:645,90,1,0
BRDA:650,91,0,0
BRDA:650,91,1,0
BRDA:651,92,0,0
BRDA:651,92,1,0
BRDA:656,93,0,0
BRDA:656,93,1,0
BRDA:657,94,0,0
BRDA:657,94,1,0
BRDA:662,95,0,0
BRDA:662,95,1,0
BRDA:663,96,0,0
BRDA:663,96,1,0
BRDA:673,97,0,0
BRDA:673,97,1,0
BRDA:674,98,0,0
BRDA:674,98,1,0
BRDA:675,99,0,0
BRDA:675,99,1,0
BRDA:676,100,0,0
BRDA:676,100,1,0
BRDA:677,101,0,0
BRDA:677,101,1,0
BRDA:678,102,0,0
BRDA:678,102,1,0
BRDA:679,103,0,0
BRDA:679,103,1,0
BRDA:684,104,0,0
BRDA:684,104,1,0
BRDA:687,105,0,0
BRDA:687,105,1,0
BRDA:708,106,0,0
BRDA:708,106,1,0
BRDA:710,107,0,0
BRDA:710,107,1,0
BRDA:714,108,0,0
BRDA:714,108,1,0
BRDA:716,109,0,0
BRDA:716,109,1,0
BRDA:720,110,0,0
BRDA:720,110,1,0
BRDA:726,111,0,0
BRDA:726,111,1,0
BRDA:730,112,0,0
BRDA:730,112,1,0
BRDA:730,113,0,0
BRDA:730,113,1,0
BRDA:738,114,0,0
BRDA:738,114,1,0
BRDA:742,115,0,0
BRDA:742,115,1,0
BRDA:752,116,0,0
BRDA:752,116,1,0
BRDA:760,117,0,0
BRDA:760,117,1,0
BRDA:764,118,0,0
BRDA:764,118,1,0
BRDA:774,119,0,0
BRDA:774,119,1,0
BRF:240
BRH:0
end_of_record
TN:
SF:src/components/ScoreComparison.tsx
FN:10,(anonymous_0)
FN:18,(anonymous_1)
FN:24,(anonymous_2)
FNF:3
FNH:0
FNDA:0,(anonymous_0)
FNDA:0,(anonymous_1)
FNDA:0,(anonymous_2)
DA:10,0
DA:11,0
DA:12,0
DA:13,0
DA:14,0
DA:15,0
DA:16,0
DA:18,0
DA:19,0
DA:20,0
DA:21,0
DA:24,0
DA:25,0
DA:26,0
DA:27,0
DA:30,0
LF:16
LH:0
BRDA:12,0,0,0
BRDA:12,0,1,0
BRDA:13,1,0,0
BRDA:13,1,1,0
BRDA:14,2,0,0
BRDA:14,2,1,0
BRDA:19,3,0,0
BRDA:19,3,1,0
BRDA:20,4,0,0
BRDA:20,4,1,0
BRDA:25,5,0,0
BRDA:25,5,1,0
BRDA:26,6,0,0
BRDA:26,6,1,0
BRDA:68,7,0,0
BRDA:68,7,1,0
BRDA:70,8,0,0
BRDA:70,8,1,0
BRDA:70,8,2,0
BRF:19
BRH:0
end_of_record
TN:
SF:src/hooks/useKeyboardShortcuts.ts
FN:16,useKeyboardShortcuts
FN:24,(anonymous_1)
FN:28,(anonymous_2)
FN:41,(anonymous_3)
FN:74,(anonymous_4)
FN:77,(anonymous_5)
FN:83,(anonymous_6)
FN:89,formatShortcut
FNF:8
FNH:0
FNDA:0,useKeyboardShortcuts
FNDA:0,(anonymous_1)
FNDA:0,(anonymous_2)
FNDA:0,(anonymous_3)
FNDA:0,(anonymous_4)
FNDA:0,(anonymous_5)
FNDA:0,(anonymous_6)
FNDA:0,formatShortcut
DA:20,0
DA:21,0
DA:24,0
DA:25,0
DA:28,0
DA:30,0
DA:32,0
DA:36,0
DA:37,0
DA:41,0
DA:42,0
DA:44,0
DA:45,0
DA:46,0
DA:47,0
DA:49,0
DA:52,0
DA:53,0
DA:54,0
DA:55,0
DA:58,0
DA:59,0
DA:70,0
DA:74,0
DA:75,0
DA:77,0
DA:78,0
DA:83,0
DA:90,0
DA:92,0
DA:93,0
DA:95,0
DA:96,0
DA:97,0
DA:99,0
LF:35
LH:0
BRDA:18,0,0,0
BRDA:20,1,0,0
BRDA:20,2,0,0
BRDA:32,3,0,0
BRDA:32,3,1,0
BRDA:32,3,2,0
BRDA:36,4,0,0
BRDA:36,4,1,0
BRDA:36,5,0,0
BRDA:36,5,1,0
BRDA:36,5,2,0
BRDA:42,6,0,0
BRDA:42,6,1,0
BRDA:45,7,0,0
BRDA:45,7,1,0
BRDA:45,8,0,0
BRDA:45,8,1,0
BRDA:46,9,0,0
BRDA:46,9,1,0
BRDA:47,10,0,0
BRDA:47,10,1,0
BRDA:49,11,0,0
BRDA:49,11,1,0
BRDA:49,11,2,0
BRDA:49,11,3,0
BRDA:52,12,0,0
BRDA:52,12,1,0
BRDA:53,13,0,0
BRDA:53,13,1,0
BRDA:58,14,0,0
BRDA:58,14,1,0
BRDA:92,15,0,0
BRDA:92,15,1,0
BRDA:93,16,0,0
BRDA:93,16,1,0
BRDA:95,17,0,0
BRDA:95,17,1,0
BRDA:96,18,0,0
BRDA:96,18,1,0
BRF:39
BRH:0
end_of_record
TN:
SF:src/services/bookmarkService.ts
FN:16,(anonymous_0)
FN:33,(anonymous_1)
FN:45,(anonymous_2)
FN:86,(anonymous_3)
FN:99,(anonymous_4)
FN:117,(anonymous_5)
FN:129,(anonymous_6)
FN:161,(anonymous_7)
FN:174,(anonymous_8)
FN:195,(anonymous_9)
FNF:10
FNH:0
FNDA:0,(anonymous_0)
FNDA:0,(anonymous_1)
FNDA:0,(anonymous_2)
FNDA:0,(anonymous_3)
FNDA:0,(anonymous_4)
FNDA:0,(anonymous_5)
FNDA:0,(anonymous_6)
FNDA:0,(anonymous_7)
FNDA:0,(anonymous_8)
FNDA:0,(anonymous_9)
DA:13,0
DA:17,0
DA:18,0
DA:24,0
DA:32,0
DA:33,0
DA:34,0
DA:35,0
DA:38,0
DA:40,0
DA:41,0
DA:51,0
DA:53,0
DA:68,0
DA:69,0
DA:70,0
DA:71,0
DA:75,0
DA:77,0
DA:85,0
DA:86,0
DA:87,0
DA:88,0
DA:89,0
DA:92,0
DA:94,0
DA:95,0
DA:105,0
DA:106,0
DA:109,0
DA:110,0
DA:111,0
DA:112,0
DA:114,0
DA:116,0
DA:117,0
DA:118,0
DA:119,0
DA:122,0
DA:124,0
DA:125,0
DA:130,0
DA:132,0
DA:150,0
DA:152,0
DA:160,0
DA:161,0
DA:162,0
DA:163,0
DA:164,0
DA:167,0
DA:169,0
DA:170,0
DA:175,0
DA:176,0
DA:177,0
DA:178,0
DA:181,0
DA:183,0
DA:184,0
DA:187,0
DA:188,0
DA:190,0
DA:191,0
DA:196,0
DA:197,0
DA:201,0
DA:202,0
DA:205,0
DA:206,0
DA:211,0
LF:71
LH:0
BRDA:13,0,0,0
BRDA:13,0,1,0
BRDA:32,1,0,0
BRDA:32,1,1,0
BRDA:34,2,0,0
BRDA:34,2,1,0
BRDA:49,3,0,0
BRDA:54,4,0,0
BRDA:54,4,1,0
BRDA:56,5,0,0
BRDA:56,5,1,0
BRDA:57,6,0,0
BRDA:57,6,1,0
BRDA:58,7,0,0
BRDA:58,7,1,0
BRDA:59,8,0,0
BRDA:59,8,1,0
BRDA:70,9,0,0
BRDA:70,9,1,0
BRDA:85,10,0,0
BRDA:85,10,1,0
BRDA:87,11,0,0
BRDA:87,11,1,0
BRDA:99,12,0,0
BRDA:116,13,0,0
BRDA:116,13,1,0
BRDA:118,14,0,0
BRDA:118,14,1,0
BRDA:133,15,0,0
BRDA:133,15,1,0
BRDA:135,16,0,0
BRDA:135,16,1,0
BRDA:136,17,0,0
BRDA:136,17,1,0
BRDA:137,18,0,0
BRDA:137,18,1,0
BRDA:138,19,0,0
BRDA:138,19,1,0
BRDA:160,20,0,0
BRDA:160,20,1,0
BRDA:162,21,0,0
BRDA:162,21,1,0
BRDA:177,22,0,0
BRDA:177,22,1,0
BRDA:177,23,0,0
BRDA:177,23,1,0
BRDA:183,24,0,0
BRDA:183,24,1,0
BRDA:201,25,0,0
BRDA:201,25,1,0
BRF:50
BRH:0
end_of_record
TN:
SF:src/types/api.types.ts
FNF:0
FNH:0
LF:0
LH:0
BRF:0
BRH:0
end_of_record
TN:
SF:src/types/bookmark.types.ts
FNF:0
FNH:0
LF:0
LH:0
BRF:0
BRH:0
end_of_record
TN:
SF:src/types/hooks.types.ts
FNF:0
FNH:0
LF:0
LH:0
BRF:0
BRH:0
end_of_record
TN:
SF:src/types/index.ts
FNF:0
FNH:0
LF:0
LH:0
BRF:0
BRH:0
end_of_record
TN:
SF:src/types/utils.types.ts
FNF:0
FNH:0
LF:0
LH:0
BRF:0
BRH:0
end_of_record
TN:
SF:src/utils/bookmarkHelpers.ts
FN:11,(anonymous_0)
FN:27,(anonymous_1)
FN:43,(anonymous_2)
FNF:3
FNH:3
FNDA:9,(anonymous_0)
FNDA:9,(anonymous_1)
FNDA:2,(anonymous_2)
DA:11,1
DA:12,9
DA:13,7
DA:16,6
DA:18,3
DA:27,1
DA:28,9
DA:29,7
DA:32,6
DA:34,3
DA:43,1
DA:44,2
DA:46,2
LF:13
LH:13
BRDA:11,0,0,4
BRDA:12,1,0,2
BRDA:12,1,1,7
BRDA:13,2,0,1
BRDA:13,2,1,6
BRDA:16,3,0,3
BRDA:16,3,1,3
BRDA:27,4,0,4
BRDA:28,5,0,2
BRDA:28,5,1,7
BRDA:29,6,0,1
BRDA:29,6,1,6
BRDA:32,7,0,3
BRDA:32,7,1,3
BRF:14
BRH:14
end_of_record
TN:
SF:src/utils/errorHandler.ts
FN:16,(anonymous_0)
FN:98,(anonymous_1)
FN:126,(anonymous_2)
FN:152,(anonymous_3)
FN:183,(anonymous_4)
FN:196,(anonymous_5)
FN:203,(anonymous_6)
FN:210,(anonymous_7)
FN:217,(anonymous_8)
FN:229,(anonymous_9)
FN:233,(anonymous_10)
FN:237,(anonymous_11)
FN:241,(anonymous_12)
FNF:13
FNH:12
FNDA:46,(anonymous_0)
FNDA:0,(anonymous_1)
FNDA:4,(anonymous_2)
FNDA:46,(anonymous_3)
FNDA:16,(anonymous_4)
FNDA:12,(anonymous_5)
FNDA:79,(anonymous_6)
FNDA:2,(anonymous_7)
FNDA:6,(anonymous_8)
FNDA:2,(anonymous_9)
FNDA:2,(anonymous_10)
FNDA:2,(anonymous_11)
FNDA:2,(anonymous_12)
DA:10,2
DA:11,2
DA:17,46
DA:18,46
DA:20,46
DA:28,46
DA:29,4
DA:38,42
DA:39,2
DA:48,40
DA:49,2
DA:58,38
DA:59,2
DA:68,36
DA:69,4
DA:70,4
DA:80,32
DA:81,6
DA:82,6
DA:92,26
DA:93,0
DA:94,0
DA:98,0
DA:108,26
DA:109,24
DA:118,46
DA:120,46
DA:127,4
DA:129,2
DA:130,0
DA:133,2
DA:135,2
DA:136,2
DA:137,2
DA:138,2
DA:142,0
DA:143,0
DA:146,0
DA:154,46
DA:157,46
DA:158,2
DA:162,46
DA:171,46
DA:172,10
DA:173,36
DA:174,4
DA:184,16
DA:186,16
DA:187,12
DA:190,16
DA:197,12
DA:204,79
DA:211,2
DA:217,2
DA:218,6
DA:221,2
DA:226,2
DA:229,2
DA:230,2
DA:233,2
DA:234,2
DA:237,2
DA:238,2
DA:241,2
DA:242,2
LF:65
LH:58
BRDA:28,0,0,4
BRDA:28,0,1,42
BRDA:38,1,0,2
BRDA:38,1,1,40
BRDA:38,2,0,42
BRDA:38,2,1,40
BRDA:48,3,0,2
BRDA:48,3,1,38
BRDA:58,4,0,2
BRDA:58,4,1,36
BRDA:68,5,0,4
BRDA:68,5,1,32
BRDA:71,6,0,4
BRDA:71,6,1,2
BRDA:80,7,0,6
BRDA:80,7,1,26
BRDA:80,8,0,32
BRDA:80,8,1,8
BRDA:81,9,0,6
BRDA:81,9,1,2
BRDA:83,10,0,6
BRDA:83,10,1,2
BRDA:92,11,0,0
BRDA:92,11,1,26
BRDA:95,12,0,0
BRDA:95,12,1,0
BRDA:97,13,0,0
BRDA:97,13,1,0
BRDA:108,14,0,24
BRDA:108,14,1,2
BRDA:127,15,0,2
BRDA:127,15,1,2
BRDA:129,16,0,0
BRDA:129,16,1,2
BRDA:133,17,0,2
BRDA:133,17,1,0
BRDA:136,18,0,2
BRDA:136,18,1,0
BRDA:137,19,0,2
BRDA:137,19,1,0
BRDA:142,20,0,0
BRDA:142,20,1,0
BRDA:142,21,0,0
BRDA:142,21,1,0
BRDA:142,21,2,0
BRDA:157,22,0,2
BRDA:157,22,1,44
BRDA:171,23,0,10
BRDA:171,23,1,36
BRDA:171,24,0,46
BRDA:171,24,1,40
BRDA:173,25,0,4
BRDA:173,25,1,32
BRDA:183,26,0,12
BRDA:186,27,0,12
BRDA:186,27,1,4
BRDA:218,28,0,6
BRDA:218,28,1,6
BRF:58
BRH:44
end_of_record
TN:
SF:src/utils/ideaCleaner.ts
FN:31,getCompiledPatterns
FN:38,(anonymous_1)
FN:41,(anonymous_2)
FN:49,cleanImprovedIdea
FN:62,(anonymous_4)
FN:76,(anonymous_5)
FN:98,(anonymous_6)
FN:115,cleanImprovedIdeasInResults
FN:119,(anonymous_8)
FNF:9
FNH:9
FNDA:181,getCompiledPatterns
FNDA:12,(anonymous_1)
FNDA:13,(anonymous_2)
FNDA:179,cleanImprovedIdea
FNDA:1224,(anonymous_4)
FNDA:597,(anonymous_5)
FNDA:517,(anonymous_6)
FNDA:8,cleanImprovedIdeasInResults
FNDA:160,(anonymous_8)
DA:23,2
DA:32,181
DA:33,2
DA:39,12
DA:42,13
DA:46,181
DA:50,179
DA:53,173
DA:56,173
DA:57,173
DA:58,173
DA:60,173
DA:62,1224
DA:63,110
DA:64,110
DA:68,185
DA:69,107
DA:70,2
DA:72,107
DA:76,597
DA:77,4
DA:80,74
DA:83,173
DA:86,173
DA:87,1813
DA:91,173
DA:94,173
DA:97,173
DA:98,517
DA:100,1
DA:101,1
DA:102,1
DA:103,1
DA:107,173
DA:117,8
DA:119,8
DA:120,160
DA:121,156
DA:126,4
LF:39
LH:39
BRDA:32,0,0,2
BRDA:32,0,1,179
BRDA:50,1,0,6
BRDA:50,1,1,173
BRDA:62,2,0,110
BRDA:62,2,1,185
BRDA:68,3,0,107
BRDA:68,3,1,78
BRDA:69,4,0,2
BRDA:69,4,1,105
BRDA:76,5,0,4
BRDA:76,5,1,74
BRDA:97,6,0,173
BRDA:97,6,1,105
BRDA:98,7,0,1
BRDA:98,7,1,172
BRDA:101,8,0,1
BRDA:101,8,1,0
BRDA:120,9,0,156
BRDA:120,9,1,4
BRF:20
BRH:19
end_of_record
TN:
SF:src/utils/logger.ts
FN:14,(anonymous_0)
FN:19,(anonymous_1)
FN:23,(anonymous_2)
FN:28,(anonymous_3)
FN:39,(anonymous_4)
FN:72,(anonymous_5)
FN:82,(anonymous_6)
FN:86,(anonymous_7)
FN:90,(anonymous_8)
FN:94,(anonymous_9)
FN:99,(anonymous_10)
FN:110,(anonymous_11)
FN:114,(anonymous_12)
FN:118,(anonymous_13)
FN:127,(anonymous_14)
FN:132,(anonymous_15)
FN:134,(anonymous_16)
FN:139,(anonymous_17)
FN:143,(anonymous_18)
FN:147,(anonymous_19)
FN:155,(anonymous_20)
FN:166,(anonymous_21)
FN:170,(anonymous_22)
FN:180,(anonymous_23)
FN:184,(anonymous_24)
FN:188,(anonymous_25)
FN:192,(anonymous_26)
FN:196,(anonymous_27)
FNF:28
FNH:28
FNDA:2,(anonymous_0)
FNDA:2,(anonymous_1)
FNDA:166,(anonymous_2)
FNDA:160,(anonymous_3)
FNDA:166,(anonymous_4)
FNDA:160,(anonymous_5)
FNDA:16,(anonymous_6)
FNDA:128,(anonymous_7)
FNDA:12,(anonymous_8)
FNDA:10,(anonymous_9)
FNDA:6,(anonymous_10)
FNDA:4,(anonymous_11)
FNDA:4,(anonymous_12)
FNDA:4,(anonymous_13)
FNDA:3,(anonymous_14)
FNDA:40,(anonymous_15)
FNDA:8,(anonymous_16)
FNDA:2,(anonymous_17)
FNDA:161,(anonymous_18)
FNDA:2,(anonymous_19)
FNDA:8,(anonymous_20)
FNDA:2,(anonymous_21)
FNDA:81,(anonymous_22)
FNDA:2,(anonymous_23)
FNDA:2,(anonymous_24)
FNDA:2,(anonymous_25)
FNDA:2,(anonymous_26)
FNDA:2,(anonymous_27)
DA:9,2
DA:10,2
DA:15,2
DA:16,2
DA:20,2
DA:24,166
DA:25,166
DA:29,160
DA:40,166
DA:42,160
DA:45,160
DA:46,160
DA:47,2
DA:51,160
DA:52,160
DA:53,160
DA:56,160
DA:58,14
DA:59,14
DA:61,124
DA:62,124
DA:64,12
DA:65,12
DA:67,10
DA:68,10
DA:73,160
DA:79,160
DA:83,16
DA:87,128
DA:91,12
DA:95,10
DA:100,6
DA:101,6
DA:103,6
DA:104,2
DA:106,4
DA:111,4
DA:115,4
DA:119,4
DA:120,4
DA:121,2
DA:123,2
DA:128,3
DA:133,40
DA:134,8
DA:136,38
DA:140,2
DA:144,161
DA:148,2
DA:155,2
DA:156,8
DA:157,8
DA:158,6
DA:162,2
DA:167,2
DA:171,81
DA:172,81
DA:177,2
DA:180,2
DA:181,2
DA:184,2
DA:185,2
DA:188,2
DA:189,2
DA:192,2
DA:193,2
DA:196,2
DA:197,2
LF:68
LH:68
BRDA:16,0,0,0
BRDA:16,0,1,2
BRDA:40,1,0,6
BRDA:40,1,1,160
BRDA:46,2,0,2
BRDA:46,2,1,158
BRDA:51,3,0,119
BRDA:51,3,1,41
BRDA:56,4,0,14
BRDA:56,4,1,124
BRDA:56,4,2,12
BRDA:56,4,3,10
BRDA:79,5,0,160
BRDA:79,5,1,0
BRDA:103,6,0,2
BRDA:103,6,1,4
BRDA:103,7,0,6
BRDA:103,7,1,6
BRDA:118,8,0,0
BRDA:119,9,0,4
BRDA:119,9,1,0
BRDA:120,10,0,2
BRDA:120,10,1,2
BRDA:133,11,0,2
BRDA:133,11,1,38
BRDA:139,12,0,0
BRDA:156,13,0,8
BRDA:156,13,1,8
BRDA:157,14,0,6
BRDA:157,14,1,2
BRDA:158,15,0,6
BRDA:158,15,1,4
BRF:32
BRH:27
end_of_record
TN:
SF:src/utils/toast.ts
FN:18,(anonymous_0)
FN:23,(anonymous_1)
FN:28,(anonymous_2)
FN:33,(anonymous_3)
FN:38,(anonymous_4)
FNF:5
FNH:5
FNDA:6,(anonymous_0)
FNDA:16,(anonymous_1)
FNDA:4,(anonymous_2)
FNDA:4,(anonymous_3)
FNDA:8,(anonymous_4)
DA:7,2
DA:18,2
DA:19,6
DA:23,2
DA:24,16
DA:28,2
DA:29,4
DA:33,2
DA:34,4
DA:38,2
DA:39,8
DA:46,8
LF:12
LH:12
BRDA:38,0,0,2
BRF:1
BRH:1
end_of_record
